{"logTime": "0525/123330", "correlationVector":"ds086czmmDSqOQ4H+RtLIM.2","action":"ProcessGetUpdates", "result":"Done", "context":{"dataType":"History", "deleted":"0", "process_failed_to_decrypt":"0", "process_pending_decryption":"0", "process_success":"250", "total":"250"}}
{"logTime": "0525/123330", "correlationVector":"ds086czmmDSqOQ4H+RtLIM.3","action":"GetUpdates Response", "result":"Success", "context":Received 250 update(s). cV=ds086czmmDSqOQ4H+RtLIM.0;server=akswtt00100000q;cloudType=Consumer;environment=Prod_southeastasia_prod-s01-065-apac-southeastasia;migrationStage=NotStarted Some updates remain.}
{"logTime": "0525/123330", "correlationVector":"UufcaChPbR/ucKRdRtdU5P","action":"Initial GetUpdates", "result":"", "context":Reason: NEWLY_SUPPORTED_DATATYPE. cV=UufcaChPbR/ucKRdRtdU5P}
{"logTime": "0525/123330", "correlationVector":"UufcaChPbR/ucKRdRtdU5P.1","action":"SyncServerConnectionManagerRequest", "result":"SYNC_SERVER_OK", "context":{"environment":"Prod_southeastasia_prod-s01-065-apac-southeastasia", "migrationStage":"NotStarted", "server":"akswtt00100000f"}}
{"logTime": "0525/123330", "correlationVector":"UufcaChPbR/ucKRdRtdU5P.2","action":"ProcessGetUpdates", "result":"Done", "context":{"dataType":"History", "deleted":"0", "process_failed_to_decrypt":"0", "process_pending_decryption":"0", "process_success":"250", "total":"250"}}
{"logTime": "0525/123330", "correlationVector":"UufcaChPbR/ucKRdRtdU5P.3","action":"GetUpdates Response", "result":"Success", "context":Received 250 update(s). cV=UufcaChPbR/ucKRdRtdU5P.0;server=akswtt00100000f;cloudType=Consumer;environment=Prod_southeastasia_prod-s01-065-apac-southeastasia;migrationStage=NotStarted Some updates remain.}
{"logTime": "0525/123330", "correlationVector":"XLgu3tpujtgXm6cOqDmWqh","action":"Initial GetUpdates", "result":"", "context":Reason: NEWLY_SUPPORTED_DATATYPE. cV=XLgu3tpujtgXm6cOqDmWqh}
{"logTime": "0525/123331", "correlationVector":"XLgu3tpujtgXm6cOqDmWqh.1","action":"SyncServerConnectionManagerRequest", "result":"SYNC_SERVER_OK", "context":{"environment":"Prod_southeastasia_prod-s01-065-apac-southeastasia", "migrationStage":"NotStarted", "server":"akswtt00100000f"}}
{"logTime": "0525/123331", "correlationVector":"XLgu3tpujtgXm6cOqDmWqh.2","action":"ProcessGetUpdates", "result":"Done", "context":{"dataType":"History", "deleted":"0", "process_failed_to_decrypt":"0", "process_pending_decryption":"0", "process_success":"250", "total":"250"}}
{"logTime": "0525/123331", "correlationVector":"XLgu3tpujtgXm6cOqDmWqh.3","action":"GetUpdates Response", "result":"Success", "context":Received 250 update(s). cV=XLgu3tpujtgXm6cOqDmWqh.0;server=akswtt00100000f;cloudType=Consumer;environment=Prod_southeastasia_prod-s01-065-apac-southeastasia;migrationStage=NotStarted Some updates remain.}
{"logTime": "0525/123331", "correlationVector":"HdVLyPZRvIDCQ07aOXUuCA","action":"Initial GetUpdates", "result":"", "context":Reason: NEWLY_SUPPORTED_DATATYPE. cV=HdVLyPZRvIDCQ07aOXUuCA}
{"logTime": "0525/123332", "correlationVector":"HdVLyPZRvIDCQ07aOXUuCA.1","action":"SyncServerConnectionManagerRequest", "result":"SYNC_SERVER_OK", "context":{"environment":"Prod_southeastasia_prod-s01-065-apac-southeastasia", "migrationStage":"NotStarted", "server":"akswtt001000003"}}
{"logTime": "0525/123332", "correlationVector":"HdVLyPZRvIDCQ07aOXUuCA.2","action":"ProcessGetUpdates", "result":"Done", "context":{"dataType":"History", "deleted":"0", "process_failed_to_decrypt":"0", "process_pending_decryption":"0", "process_success":"250", "total":"250"}}
{"logTime": "0525/123332", "correlationVector":"HdVLyPZRvIDCQ07aOXUuCA.3","action":"GetUpdates Response", "result":"Success", "context":Received 250 update(s). cV=HdVLyPZRvIDCQ07aOXUuCA.0;server=akswtt001000003;cloudType=Consumer;environment=Prod_southeastasia_prod-s01-065-apac-southeastasia;migrationStage=NotStarted Some updates remain.}
{"logTime": "0525/123332", "correlationVector":"rcqWhZHoxRhQA4GHUAur4w","action":"Initial GetUpdates", "result":"", "context":Reason: NEWLY_SUPPORTED_DATATYPE. cV=rcqWhZHoxRhQA4GHUAur4w}
{"logTime": "0525/123333", "correlationVector":"rcqWhZHoxRhQA4GHUAur4w.1","action":"SyncServerConnectionManagerRequest", "result":"SYNC_SERVER_OK", "context":{"environment":"Prod_southeastasia_prod-s01-065-apac-southeastasia", "migrationStage":"NotStarted", "server":"akswtt00100000c"}}
{"logTime": "0525/123333", "correlationVector":"rcqWhZHoxRhQA4GHUAur4w.2","action":"ProcessGetUpdates", "result":"Done", "context":{"dataType":"History", "deleted":"0", "process_failed_to_decrypt":"0", "process_pending_decryption":"0", "process_success":"250", "total":"250"}}
{"logTime": "0525/123333", "correlationVector":"rcqWhZHoxRhQA4GHUAur4w.3","action":"GetUpdates Response", "result":"Success", "context":Received 250 update(s). cV=rcqWhZHoxRhQA4GHUAur4w.0;server=akswtt00100000c;cloudType=Consumer;environment=Prod_southeastasia_prod-s01-065-apac-southeastasia;migrationStage=NotStarted Some updates remain.}
{"logTime": "0525/123333", "correlationVector":"mSGWOZ2ju3DCoBaSWiVr4V","action":"Initial GetUpdates", "result":"", "context":Reason: NEWLY_SUPPORTED_DATATYPE. cV=mSGWOZ2ju3DCoBaSWiVr4V}
{"logTime": "0525/123334", "correlationVector":"mSGWOZ2ju3DCoBaSWiVr4V.1","action":"SyncServerConnectionManagerRequest", "result":"SYNC_SERVER_OK", "context":{"environment":"Prod_southeastasia_prod-s01-065-apac-southeastasia", "migrationStage":"NotStarted", "server":"akswtt00100000d"}}
{"logTime": "0525/123334", "correlationVector":"mSGWOZ2ju3DCoBaSWiVr4V.2","action":"ProcessGetUpdates", "result":"Done", "context":{"dataType":"History", "deleted":"0", "process_failed_to_decrypt":"0", "process_pending_decryption":"0", "process_success":"250", "total":"250"}}
{"logTime": "0525/123334", "correlationVector":"mSGWOZ2ju3DCoBaSWiVr4V.3","action":"GetUpdates Response", "result":"Success", "context":Received 250 update(s). cV=mSGWOZ2ju3DCoBaSWiVr4V.0;server=akswtt00100000d;cloudType=Consumer;environment=Prod_southeastasia_prod-s01-065-apac-southeastasia;migrationStage=NotStarted Some updates remain.}
{"logTime": "0525/123334", "correlationVector":"cflaEFGnVxkGXTKaMvZ6Ld","action":"Initial GetUpdates", "result":"", "context":Reason: NEWLY_SUPPORTED_DATATYPE. cV=cflaEFGnVxkGXTKaMvZ6Ld}
{"logTime": "0525/123335", "correlationVector":"cflaEFGnVxkGXTKaMvZ6Ld.1","action":"SyncServerConnectionManagerRequest", "result":"SYNC_SERVER_OK", "context":{"environment":"Prod_southeastasia_prod-s01-065-apac-southeastasia", "migrationStage":"NotStarted", "server":"akswtt00100000q"}}
{"logTime": "0525/123335", "correlationVector":"cflaEFGnVxkGXTKaMvZ6Ld.2","action":"ProcessGetUpdates", "result":"Done", "context":{"dataType":"History", "deleted":"0", "process_failed_to_decrypt":"0", "process_pending_decryption":"0", "process_success":"250", "total":"250"}}
{"logTime": "0525/123335", "correlationVector":"cflaEFGnVxkGXTKaMvZ6Ld.3","action":"GetUpdates Response", "result":"Success", "context":Received 250 update(s). cV=cflaEFGnVxkGXTKaMvZ6Ld.0;server=akswtt00100000q;cloudType=Consumer;environment=Prod_southeastasia_prod-s01-065-apac-southeastasia;migrationStage=NotStarted Some updates remain.}
{"logTime": "0525/123335", "correlationVector":"4uKlNZilaBgDpQ3xE4GMPS","action":"Initial GetUpdates", "result":"", "context":Reason: NEWLY_SUPPORTED_DATATYPE. cV=4uKlNZilaBgDpQ3xE4GMPS}
{"logTime": "0525/123336", "correlationVector":"4uKlNZilaBgDpQ3xE4GMPS.1","action":"SyncServerConnectionManagerRequest", "result":"SYNC_SERVER_OK", "context":{"environment":"Prod_southeastasia_prod-s01-065-apac-southeastasia", "migrationStage":"NotStarted", "server":"akswtt001000009"}}
{"logTime": "0525/123336", "correlationVector":"4uKlNZilaBgDpQ3xE4GMPS.2","action":"ProcessGetUpdates", "result":"Done", "context":{"dataType":"History", "deleted":"0", "process_failed_to_decrypt":"0", "process_pending_decryption":"0", "process_success":"250", "total":"250"}}
{"logTime": "0525/123336", "correlationVector":"4uKlNZilaBgDpQ3xE4GMPS.3","action":"GetUpdates Response", "result":"Success", "context":Received 250 update(s). cV=4uKlNZilaBgDpQ3xE4GMPS.0;server=akswtt001000009;cloudType=Consumer;environment=Prod_southeastasia_prod-s01-065-apac-southeastasia;migrationStage=NotStarted Some updates remain.}
{"logTime": "0525/123336", "correlationVector":"cyLgvaPqJNSYzh+KR+s+Qg","action":"Initial GetUpdates", "result":"", "context":Reason: NEWLY_SUPPORTED_DATATYPE. cV=cyLgvaPqJNSYzh+KR+s+Qg}
{"logTime": "0525/123337", "correlationVector":"cyLgvaPqJNSYzh+KR+s+Qg.1","action":"SyncServerConnectionManagerRequest", "result":"SYNC_SERVER_OK", "context":{"environment":"Prod_southeastasia_prod-s01-065-apac-southeastasia", "migrationStage":"NotStarted", "server":"akswtt001000006"}}
{"logTime": "0525/123337", "correlationVector":"cyLgvaPqJNSYzh+KR+s+Qg.2","action":"ProcessGetUpdates", "result":"Done", "context":{"dataType":"History", "deleted":"0", "process_failed_to_decrypt":"0", "process_pending_decryption":"0", "process_success":"250", "total":"250"}}
{"logTime": "0525/123337", "correlationVector":"cyLgvaPqJNSYzh+KR+s+Qg.3","action":"GetUpdates Response", "result":"Success", "context":Received 250 update(s). cV=cyLgvaPqJNSYzh+KR+s+Qg.0;server=akswtt001000006;cloudType=Consumer;environment=Prod_southeastasia_prod-s01-065-apac-southeastasia;migrationStage=NotStarted Some updates remain.}
{"logTime": "0525/123337", "correlationVector":"pCx1ftPa2COL5yL36Mh5Ed","action":"Initial GetUpdates", "result":"", "context":Reason: NEWLY_SUPPORTED_DATATYPE. cV=pCx1ftPa2COL5yL36Mh5Ed}
{"logTime": "0525/123338", "correlationVector":"pCx1ftPa2COL5yL36Mh5Ed.1","action":"SyncServerConnectionManagerRequest", "result":"SYNC_SERVER_OK", "context":{"environment":"Prod_southeastasia_prod-s01-065-apac-southeastasia", "migrationStage":"NotStarted", "server":"akswtt00100000d"}}
{"logTime": "0525/123338", "correlationVector":"pCx1ftPa2COL5yL36Mh5Ed.2","action":"ProcessGetUpdates", "result":"Done", "context":{"dataType":"History", "deleted":"0", "process_failed_to_decrypt":"0", "process_pending_decryption":"0", "process_success":"250", "total":"250"}}
{"logTime": "0525/123338", "correlationVector":"pCx1ftPa2COL5yL36Mh5Ed.3","action":"GetUpdates Response", "result":"Success", "context":Received 250 update(s). cV=pCx1ftPa2COL5yL36Mh5Ed.0;server=akswtt00100000d;cloudType=Consumer;environment=Prod_southeastasia_prod-s01-065-apac-southeastasia;migrationStage=NotStarted Some updates remain.}
{"logTime": "0525/123338", "correlationVector":"ygv+aCOWaxyYsTJakYrJ6L","action":"Initial GetUpdates", "result":"", "context":Reason: NEWLY_SUPPORTED_DATATYPE. cV=ygv+aCOWaxyYsTJakYrJ6L}
{"logTime": "0525/123339", "correlationVector":"ygv+aCOWaxyYsTJakYrJ6L.1","action":"SyncServerConnectionManagerRequest", "result":"SYNC_SERVER_OK", "context":{"environment":"Prod_southeastasia_prod-s01-065-apac-southeastasia", "migrationStage":"NotStarted", "server":"akswtt00100000s"}}
{"logTime": "0525/123339", "correlationVector":"ygv+aCOWaxyYsTJakYrJ6L.2","action":"ProcessGetUpdates", "result":"Done", "context":{"dataType":"History", "deleted":"0", "process_failed_to_decrypt":"0", "process_pending_decryption":"0", "process_success":"250", "total":"250"}}
{"logTime": "0525/123339", "correlationVector":"ygv+aCOWaxyYsTJakYrJ6L.3","action":"GetUpdates Response", "result":"Success", "context":Received 250 update(s). cV=ygv+aCOWaxyYsTJakYrJ6L.0;server=akswtt00100000s;cloudType=Consumer;environment=Prod_southeastasia_prod-s01-065-apac-southeastasia;migrationStage=NotStarted Some updates remain.}
{"logTime": "0525/123339", "correlationVector":"z8VF0GYpFTKrJ//da/YBmI","action":"Initial GetUpdates", "result":"", "context":Reason: NEWLY_SUPPORTED_DATATYPE. cV=z8VF0GYpFTKrJ//da/YBmI}
{"logTime": "0525/123340", "correlationVector":"z8VF0GYpFTKrJ//da/YBmI.1","action":"SyncServerConnectionManagerRequest", "result":"SYNC_SERVER_OK", "context":{"environment":"Prod_southeastasia_prod-s01-065-apac-southeastasia", "migrationStage":"NotStarted", "server":"akswtt00100000f"}}
{"logTime": "0525/123340", "correlationVector":"z8VF0GYpFTKrJ//da/YBmI.2","action":"ProcessGetUpdates", "result":"Done", "context":{"dataType":"History", "deleted":"0", "process_failed_to_decrypt":"0", "process_pending_decryption":"0", "process_success":"250", "total":"250"}}
{"logTime": "0525/123340", "correlationVector":"z8VF0GYpFTKrJ//da/YBmI.3","action":"GetUpdates Response", "result":"Success", "context":Received 250 update(s). cV=z8VF0GYpFTKrJ//da/YBmI.0;server=akswtt00100000f;cloudType=Consumer;environment=Prod_southeastasia_prod-s01-065-apac-southeastasia;migrationStage=NotStarted Some updates remain.}
{"logTime": "0525/123340", "correlationVector":"IYz5DhtAm6lPwdKPYYqyqE","action":"Initial GetUpdates", "result":"", "context":Reason: NEWLY_SUPPORTED_DATATYPE. cV=IYz5DhtAm6lPwdKPYYqyqE}
{"logTime": "0525/123341", "correlationVector":"IYz5DhtAm6lPwdKPYYqyqE.1","action":"SyncServerConnectionManagerRequest", "result":"SYNC_SERVER_OK", "context":{"environment":"Prod_southeastasia_prod-s01-065-apac-southeastasia", "migrationStage":"NotStarted", "server":"akswtt00100000j"}}
{"logTime": "0525/123341", "correlationVector":"IYz5DhtAm6lPwdKPYYqyqE.2","action":"ProcessGetUpdates", "result":"Done", "context":{"dataType":"History", "deleted":"0", "process_failed_to_decrypt":"0", "process_pending_decryption":"0", "process_success":"250", "total":"250"}}
{"logTime": "0525/123341", "correlationVector":"IYz5DhtAm6lPwdKPYYqyqE.3","action":"GetUpdates Response", "result":"Success", "context":Received 250 update(s). cV=IYz5DhtAm6lPwdKPYYqyqE.0;server=akswtt00100000j;cloudType=Consumer;environment=Prod_southeastasia_prod-s01-065-apac-southeastasia;migrationStage=NotStarted Some updates remain.}
{"logTime": "0525/123341", "correlationVector":"NI60SD67OKeY2awSBmgZdA","action":"Initial GetUpdates", "result":"", "context":Reason: NEWLY_SUPPORTED_DATATYPE. cV=NI60SD67OKeY2awSBmgZdA}
{"logTime": "0525/123342", "correlationVector":"NI60SD67OKeY2awSBmgZdA.1","action":"SyncServerConnectionManagerRequest", "result":"SYNC_SERVER_OK", "context":{"environment":"Prod_southeastasia_prod-s01-065-apac-southeastasia", "migrationStage":"NotStarted", "server":"akswtt001000002"}}
{"logTime": "0525/123342", "correlationVector":"NI60SD67OKeY2awSBmgZdA.2","action":"ProcessGetUpdates", "result":"Done", "context":{"dataType":"History", "deleted":"0", "process_failed_to_decrypt":"0", "process_pending_decryption":"0", "process_success":"250", "total":"250"}}
{"logTime": "0525/123342", "correlationVector":"NI60SD67OKeY2awSBmgZdA.3","action":"GetUpdates Response", "result":"Success", "context":Received 250 update(s). cV=NI60SD67OKeY2awSBmgZdA.0;server=akswtt001000002;cloudType=Consumer;environment=Prod_southeastasia_prod-s01-065-apac-southeastasia;migrationStage=NotStarted Some updates remain.}
{"logTime": "0525/123342", "correlationVector":"+DqvKxzsjZuBa7i/I9idXZ","action":"Initial GetUpdates", "result":"", "context":Reason: NEWLY_SUPPORTED_DATATYPE. cV=+DqvKxzsjZuBa7i/I9idXZ}
{"logTime": "0525/123343", "correlationVector":"+DqvKxzsjZuBa7i/I9idXZ.1","action":"SyncServerConnectionManagerRequest", "result":"SYNC_SERVER_OK", "context":{"environment":"Prod_southeastasia_prod-s01-065-apac-southeastasia", "migrationStage":"NotStarted", "server":"akswtt001000003"}}
{"logTime": "0525/123343", "correlationVector":"+DqvKxzsjZuBa7i/I9idXZ.2","action":"ProcessGetUpdates", "result":"Done", "context":{"dataType":"History", "deleted":"0", "process_failed_to_decrypt":"0", "process_pending_decryption":"0", "process_success":"250", "total":"250"}}
{"logTime": "0525/123343", "correlationVector":"+DqvKxzsjZuBa7i/I9idXZ.3","action":"GetUpdates Response", "result":"Success", "context":Received 250 update(s). cV=+DqvKxzsjZuBa7i/I9idXZ.0;server=akswtt001000003;cloudType=Consumer;environment=Prod_southeastasia_prod-s01-065-apac-southeastasia;migrationStage=NotStarted Some updates remain.}
{"logTime": "0525/123343", "correlationVector":"L3u5yKz6i/mtyEsnIi+3LQ","action":"Initial GetUpdates", "result":"", "context":Reason: NEWLY_SUPPORTED_DATATYPE. cV=L3u5yKz6i/mtyEsnIi+3LQ}
{"logTime": "0525/123344", "correlationVector":"L3u5yKz6i/mtyEsnIi+3LQ.1","action":"SyncServerConnectionManagerRequest", "result":"SYNC_SERVER_OK", "context":{"environment":"Prod_southeastasia_prod-s01-065-apac-southeastasia", "migrationStage":"NotStarted", "server":"akswtt00100000j"}}
{"logTime": "0525/123344", "correlationVector":"L3u5yKz6i/mtyEsnIi+3LQ.2","action":"ProcessGetUpdates", "result":"Done", "context":{"dataType":"History", "deleted":"0", "process_failed_to_decrypt":"0", "process_pending_decryption":"0", "process_success":"250", "total":"250"}}
{"logTime": "0525/123344", "correlationVector":"L3u5yKz6i/mtyEsnIi+3LQ.3","action":"GetUpdates Response", "result":"Success", "context":Received 250 update(s). cV=L3u5yKz6i/mtyEsnIi+3LQ.0;server=akswtt00100000j;cloudType=Consumer;environment=Prod_southeastasia_prod-s01-065-apac-southeastasia;migrationStage=NotStarted Some updates remain.}
{"logTime": "0525/123344", "correlationVector":"lRwrYNDhc9uQDGRLPQL9M4","action":"Initial GetUpdates", "result":"", "context":Reason: NEWLY_SUPPORTED_DATATYPE. cV=lRwrYNDhc9uQDGRLPQL9M4}
{"logTime": "0525/123345", "correlationVector":"lRwrYNDhc9uQDGRLPQL9M4.1","action":"SyncServerConnectionManagerRequest", "result":"SYNC_SERVER_OK", "context":{"environment":"Prod_southeastasia_prod-s01-065-apac-southeastasia", "migrationStage":"NotStarted", "server":"akswtt001000002"}}
{"logTime": "0525/123345", "correlationVector":"lRwrYNDhc9uQDGRLPQL9M4.2","action":"ProcessGetUpdates", "result":"Done", "context":{"dataType":"History", "deleted":"0", "process_failed_to_decrypt":"0", "process_pending_decryption":"0", "process_success":"250", "total":"250"}}
{"logTime": "0525/123345", "correlationVector":"lRwrYNDhc9uQDGRLPQL9M4.3","action":"GetUpdates Response", "result":"Success", "context":Received 250 update(s). cV=lRwrYNDhc9uQDGRLPQL9M4.0;server=akswtt001000002;cloudType=Consumer;environment=Prod_southeastasia_prod-s01-065-apac-southeastasia;migrationStage=NotStarted Some updates remain.}
{"logTime": "0525/123345", "correlationVector":"DFtgrpjSiNYYMt1rOc8ibw","action":"Initial GetUpdates", "result":"", "context":Reason: NEWLY_SUPPORTED_DATATYPE. cV=DFtgrpjSiNYYMt1rOc8ibw}
{"logTime": "0525/123346", "correlationVector":"DFtgrpjSiNYYMt1rOc8ibw.1","action":"SyncServerConnectionManagerRequest", "result":"SYNC_SERVER_OK", "context":{"environment":"Prod_southeastasia_prod-s01-065-apac-southeastasia", "migrationStage":"NotStarted", "server":"akswtt00100000s"}}
{"logTime": "0525/123346", "correlationVector":"DFtgrpjSiNYYMt1rOc8ibw.2","action":"ProcessGetUpdates", "result":"Done", "context":{"dataType":"History", "deleted":"0", "process_failed_to_decrypt":"0", "process_pending_decryption":"0", "process_success":"250", "total":"250"}}
{"logTime": "0525/123346", "correlationVector":"DFtgrpjSiNYYMt1rOc8ibw.3","action":"GetUpdates Response", "result":"Success", "context":Received 250 update(s). cV=DFtgrpjSiNYYMt1rOc8ibw.0;server=akswtt00100000s;cloudType=Consumer;environment=Prod_southeastasia_prod-s01-065-apac-southeastasia;migrationStage=NotStarted Some updates remain.}
{"logTime": "0525/123346", "correlationVector":"zbErYZm/9MSS/4gBUT8wtn","action":"Initial GetUpdates", "result":"", "context":Reason: NEWLY_SUPPORTED_DATATYPE. cV=zbErYZm/9MSS/4gBUT8wtn}
{"logTime": "0525/123347", "correlationVector":"zbErYZm/9MSS/4gBUT8wtn.1","action":"SyncServerConnectionManagerRequest", "result":"SYNC_SERVER_OK", "context":{"environment":"Prod_southeastasia_prod-s01-065-apac-southeastasia", "migrationStage":"NotStarted", "server":"akswtt00100000s"}}
{"logTime": "0525/123347", "correlationVector":"zbErYZm/9MSS/4gBUT8wtn.2","action":"ProcessGetUpdates", "result":"Done", "context":{"dataType":"History", "deleted":"0", "process_failed_to_decrypt":"0", "process_pending_decryption":"0", "process_success":"250", "total":"250"}}
{"logTime": "0525/123347", "correlationVector":"zbErYZm/9MSS/4gBUT8wtn.3","action":"GetUpdates Response", "result":"Success", "context":Received 250 update(s). cV=zbErYZm/9MSS/4gBUT8wtn.0;server=akswtt00100000s;cloudType=Consumer;environment=Prod_southeastasia_prod-s01-065-apac-southeastasia;migrationStage=NotStarted Some updates remain.}
{"logTime": "0525/123347", "correlationVector":"VBElHXj9sJ/izXyYdcpExB","action":"Initial GetUpdates", "result":"", "context":Reason: NEWLY_SUPPORTED_DATATYPE. cV=VBElHXj9sJ/izXyYdcpExB}
{"logTime": "0525/123348", "correlationVector":"VBElHXj9sJ/izXyYdcpExB.1","action":"SyncServerConnectionManagerRequest", "result":"SYNC_SERVER_OK", "context":{"environment":"Prod_southeastasia_prod-s01-065-apac-southeastasia", "migrationStage":"NotStarted", "server":"akswtt00100000f"}}
{"logTime": "0525/123348", "correlationVector":"VBElHXj9sJ/izXyYdcpExB.2","action":"ProcessGetUpdates", "result":"Done", "context":{"dataType":"History", "deleted":"0", "process_failed_to_decrypt":"0", "process_pending_decryption":"0", "process_success":"250", "total":"250"}}
{"logTime": "0525/123348", "correlationVector":"VBElHXj9sJ/izXyYdcpExB.3","action":"GetUpdates Response", "result":"Success", "context":Received 250 update(s). cV=VBElHXj9sJ/izXyYdcpExB.0;server=akswtt00100000f;cloudType=Consumer;environment=Prod_southeastasia_prod-s01-065-apac-southeastasia;migrationStage=NotStarted Some updates remain.}
{"logTime": "0525/123348", "correlationVector":"+PfgEARUlXYRMicQVpBqO0","action":"Initial GetUpdates", "result":"", "context":Reason: NEWLY_SUPPORTED_DATATYPE. cV=+PfgEARUlXYRMicQVpBqO0}
{"logTime": "0525/123349", "correlationVector":"+PfgEARUlXYRMicQVpBqO0.1","action":"SyncServerConnectionManagerRequest", "result":"SYNC_SERVER_OK", "context":{"environment":"Prod_southeastasia_prod-s01-065-apac-southeastasia", "migrationStage":"NotStarted", "server":"akswtt001000011"}}
{"logTime": "0525/123349", "correlationVector":"+PfgEARUlXYRMicQVpBqO0.2","action":"ProcessGetUpdates", "result":"Done", "context":{"dataType":"History", "deleted":"0", "process_failed_to_decrypt":"0", "process_pending_decryption":"0", "process_success":"21", "total":"21"}}
{"logTime": "0525/123349", "correlationVector":"+PfgEARUlXYRMicQVpBqO0.3","action":"GetUpdates Response", "result":"Success", "context":Received 21 update(s). cV=+PfgEARUlXYRMicQVpBqO0.0;server=akswtt001000011;cloudType=Consumer;environment=Prod_southeastasia_prod-s01-065-apac-southeastasia;migrationStage=NotStarted}
{"logTime": "0525/123349", "correlationVector":"Sl9trAQc+WZnF8n1HPQK/q","action":"Normal GetUpdate request", "result":"", "context":cV=Sl9trAQc+WZnF8n1HPQK/q
Nudged types: Sessions, Device Info
Refresh requested types: Bookmarks, Preferences, Passwords, Autofill Profiles, Autofill, Extensions, Sessions, Extension settings, History Delete Directives, Device Info, User Consents, Send Tab To Self, Web Apps, History, Saved Tab Group, WebAuthn Credentials, Collection, Edge E Drop, Edge Hub App Usage, Edge Wallet, Edge Workspace, Encryption Keys}
{"logTime": "0525/123349", "correlationVector":"Sl9trAQc+WZnF8n1HPQK/q.1","action":"SyncServerConnectionManagerRequest", "result":"SYNC_SERVER_OK", "context":{"environment":"Prod_southeastasia_prod-s01-065-apac-southeastasia", "migrationStage":"NotStarted", "server":"akswtt001000005"}}
{"logTime": "0525/123349", "correlationVector":"Sl9trAQc+WZnF8n1HPQK/q.2","action":"ProcessGetUpdates", "result":"Done", "context":{"dataType":"Sessions", "deleted":"0", "process_failed_to_decrypt":"0", "process_pending_decryption":"0", "process_success":"1", "total":"1"}}
{"logTime": "0525/123349", "correlationVector":"Sl9trAQc+WZnF8n1HPQK/q.3","action":"GetUpdates Response", "result":"Success", "context":Received 1 update(s). cV=Sl9trAQc+WZnF8n1HPQK/q.0;server=akswtt001000005;cloudType=Consumer;environment=Prod_southeastasia_prod-s01-065-apac-southeastasia;migrationStage=NotStarted}
{"logTime": "0525/123349", "correlationVector":"KeKRiJ7bbpNU5CkTrjODlh","action":"Commit Request", "result":"", "context":Item count: 3
Contributing types: Sessions, Device Info}
{"logTime": "0525/123350", "correlationVector":"KeKRiJ7bbpNU5CkTrjODlh.1","action":"SyncServerConnectionManagerRequest", "result":"SYNC_SERVER_OK", "context":{"environment":"Prod_southeastasia_prod-s01-065-apac-southeastasia", "migrationStage":"NotStarted", "server":"akswtt00100000s"}}
{"logTime": "0525/123350", "correlationVector":"KeKRiJ7bbpNU5CkTrjODlh.2","action":"Commit Response", "result":"Success", "context":Result: Success. cV=KeKRiJ7bbpNU5CkTrjODlh.0;server=akswtt00100000s;cloudType=Consumer;environment=Prod_southeastasia_prod-s01-065-apac-southeastasia;migrationStage=NotStarted}
{"logTime": "0525/123350", "correlationVector":"TRbuO0/JZ8hEGeZljRzDZM","action":"Poll GetUpdate request", "result":"", "context":cV=TRbuO0/JZ8hEGeZljRzDZM}
{"logTime": "0525/123350", "correlationVector":"TRbuO0/JZ8hEGeZljRzDZM.1","action":"SyncServerConnectionManagerRequest", "result":"SYNC_SERVER_OK", "context":{"environment":"Prod_southeastasia_prod-s01-065-apac-southeastasia", "migrationStage":"NotStarted", "server":"akswtt001000007"}}
{"logTime": "0525/123350", "correlationVector":"TRbuO0/JZ8hEGeZljRzDZM.2","action":"ProcessGetUpdates", "result":"Done", "context":{"dataType":"Sessions", "deleted":"0", "process_failed_to_decrypt":"0", "process_pending_decryption":"0", "process_success":"2", "total":"2"}}
{"logTime": "0525/123350", "correlationVector":"TRbuO0/JZ8hEGeZljRzDZM.3","action":"ProcessGetUpdates", "result":"Done", "context":{"dataType":"Device Info", "deleted":"0", "process_failed_to_decrypt":"0", "process_pending_decryption":"0", "process_success":"1", "total":"1"}}
{"logTime": "0525/123350", "correlationVector":"TRbuO0/JZ8hEGeZljRzDZM.4","action":"GetUpdates Response", "result":"Success", "context":Received 3 update(s). cV=TRbuO0/JZ8hEGeZljRzDZM.0;server=akswtt001000007;cloudType=Consumer;environment=Prod_southeastasia_prod-s01-065-apac-southeastasia;migrationStage=NotStarted}
{"logTime": "0525/123420", "correlationVector":"8KbttJUaylzYDVI1kU+URW","action":"Normal GetUpdate request", "result":"", "context":cV=8KbttJUaylzYDVI1kU+URW
Notified types: Autofill, History}
{"logTime": "0525/123420", "correlationVector":"8KbttJUaylzYDVI1kU+URW.1","action":"SyncServerConnectionManagerRequest", "result":"SYNC_SERVER_OK", "context":{"environment":"Prod_southeastasia_prod-s01-065-apac-southeastasia", "migrationStage":"NotStarted", "server":"akswtt00100000i"}}
{"logTime": "0525/123420", "correlationVector":"8KbttJUaylzYDVI1kU+URW.2","action":"ProcessGetUpdates", "result":"Done", "context":{"dataType":"Autofill", "deleted":"0", "process_failed_to_decrypt":"0", "process_pending_decryption":"0", "process_success":"1", "total":"1"}}
{"logTime": "0525/123420", "correlationVector":"8KbttJUaylzYDVI1kU+URW.3","action":"ProcessGetUpdates", "result":"Done", "context":{"dataType":"Sessions", "deleted":"0", "process_failed_to_decrypt":"0", "process_pending_decryption":"0", "process_success":"1", "total":"1"}}
{"logTime": "0525/123420", "correlationVector":"8KbttJUaylzYDVI1kU+URW.4","action":"ProcessGetUpdates", "result":"Done", "context":{"dataType":"History", "deleted":"0", "process_failed_to_decrypt":"0", "process_pending_decryption":"0", "process_success":"8", "total":"8"}}
{"logTime": "0525/123420", "correlationVector":"8KbttJUaylzYDVI1kU+URW.5","action":"GetUpdates Response", "result":"Success", "context":Received 10 update(s). cV=8KbttJUaylzYDVI1kU+URW.0;server=akswtt00100000i;cloudType=Consumer;environment=Prod_southeastasia_prod-s01-065-apac-southeastasia;migrationStage=NotStarted}
{"logTime": "0525/123436", "correlationVector":"qOZyr+FBubEUy+esBaC4eH","action":"Normal GetUpdate request", "result":"", "context":cV=qOZyr+FBubEUy+esBaC4eH
Notified types: Autofill, History}
{"logTime": "0525/123437", "correlationVector":"qOZyr+FBubEUy+esBaC4eH.1","action":"SyncServerConnectionManagerRequest", "result":"SYNC_SERVER_OK", "context":{"environment":"Prod_southeastasia_prod-s01-065-apac-southeastasia", "migrationStage":"NotStarted", "server":"akswtt00100000l"}}
{"logTime": "0525/123437", "correlationVector":"qOZyr+FBubEUy+esBaC4eH.2","action":"ProcessGetUpdates", "result":"Done", "context":{"dataType":"Autofill", "deleted":"0", "process_failed_to_decrypt":"0", "process_pending_decryption":"0", "process_success":"1", "total":"1"}}
{"logTime": "0525/123437", "correlationVector":"qOZyr+FBubEUy+esBaC4eH.3","action":"ProcessGetUpdates", "result":"Done", "context":{"dataType":"Sessions", "deleted":"0", "process_failed_to_decrypt":"0", "process_pending_decryption":"0", "process_success":"1", "total":"1"}}
{"logTime": "0525/123437", "correlationVector":"qOZyr+FBubEUy+esBaC4eH.4","action":"ProcessGetUpdates", "result":"Done", "context":{"dataType":"History", "deleted":"0", "process_failed_to_decrypt":"0", "process_pending_decryption":"0", "process_success":"4", "total":"4"}}
{"logTime": "0525/123437", "correlationVector":"qOZyr+FBubEUy+esBaC4eH.5","action":"GetUpdates Response", "result":"Success", "context":Received 6 update(s). cV=qOZyr+FBubEUy+esBaC4eH.0;server=akswtt00100000l;cloudType=Consumer;environment=Prod_southeastasia_prod-s01-065-apac-southeastasia;migrationStage=NotStarted}
{"logTime": "0525/123447", "correlationVector":"eIwtx6wltgc/ZBmrDX/0Gj","action":"Normal GetUpdate request", "result":"", "context":cV=eIwtx6wltgc/ZBmrDX/0Gj
Notified types: History}
{"logTime": "0525/123447", "correlationVector":"eIwtx6wltgc/ZBmrDX/0Gj.1","action":"SyncServerConnectionManagerRequest", "result":"SYNC_SERVER_OK", "context":{"environment":"Prod_southeastasia_prod-s01-065-apac-southeastasia", "migrationStage":"NotStarted", "server":"akswtt00100000j"}}
{"logTime": "0525/123447", "correlationVector":"eIwtx6wltgc/ZBmrDX/0Gj.2","action":"ProcessGetUpdates", "result":"Done", "context":{"dataType":"Sessions", "deleted":"0", "process_failed_to_decrypt":"0", "process_pending_decryption":"0", "process_success":"1", "total":"1"}}
{"logTime": "0525/123447", "correlationVector":"eIwtx6wltgc/ZBmrDX/0Gj.3","action":"ProcessGetUpdates", "result":"Done", "context":{"dataType":"History", "deleted":"0", "process_failed_to_decrypt":"0", "process_pending_decryption":"0", "process_success":"4", "total":"4"}}
{"logTime": "0525/123447", "correlationVector":"eIwtx6wltgc/ZBmrDX/0Gj.4","action":"GetUpdates Response", "result":"Success", "context":Received 5 update(s). cV=eIwtx6wltgc/ZBmrDX/0Gj.0;server=akswtt00100000j;cloudType=Consumer;environment=Prod_southeastasia_prod-s01-065-apac-southeastasia;migrationStage=NotStarted}
{"logTime": "0525/123457", "correlationVector":"9J527AAxlwK3qn9z4URyJm","action":"Normal GetUpdate request", "result":"", "context":cV=9J527AAxlwK3qn9z4URyJm
Notified types: History}
{"logTime": "0525/123457", "correlationVector":"9J527AAxlwK3qn9z4URyJm.1","action":"SyncServerConnectionManagerRequest", "result":"SYNC_SERVER_OK", "context":{"environment":"Prod_southeastasia_prod-s01-065-apac-southeastasia", "migrationStage":"NotStarted", "server":"akswtt001000005"}}
{"logTime": "0525/123457", "correlationVector":"9J527AAxlwK3qn9z4URyJm.2","action":"ProcessGetUpdates", "result":"Done", "context":{"dataType":"Sessions", "deleted":"0", "process_failed_to_decrypt":"0", "process_pending_decryption":"0", "process_success":"1", "total":"1"}}
{"logTime": "0525/123457", "correlationVector":"9J527AAxlwK3qn9z4URyJm.3","action":"ProcessGetUpdates", "result":"Done", "context":{"dataType":"History", "deleted":"0", "process_failed_to_decrypt":"0", "process_pending_decryption":"0", "process_success":"4", "total":"4"}}
{"logTime": "0525/123457", "correlationVector":"9J527AAxlwK3qn9z4URyJm.4","action":"GetUpdates Response", "result":"Success", "context":Received 5 update(s). cV=9J527AAxlwK3qn9z4URyJm.0;server=akswtt001000005;cloudType=Consumer;environment=Prod_southeastasia_prod-s01-065-apac-southeastasia;migrationStage=NotStarted}
{"logTime": "0525/123510", "correlationVector":"9LoWom33sH7ABmae40WTLM","action":"Normal GetUpdate request", "result":"", "context":cV=9LoWom33sH7ABmae40WTLM
Notified types: History}
{"logTime": "0525/123510", "correlationVector":"9LoWom33sH7ABmae40WTLM.1","action":"SyncServerConnectionManagerRequest", "result":"SYNC_SERVER_OK", "context":{"environment":"Prod_southeastasia_prod-s01-065-apac-southeastasia", "migrationStage":"NotStarted", "server":"akswtt00100000e"}}
{"logTime": "0525/123510", "correlationVector":"9LoWom33sH7ABmae40WTLM.2","action":"ProcessGetUpdates", "result":"Done", "context":{"dataType":"Sessions", "deleted":"0", "process_failed_to_decrypt":"0", "process_pending_decryption":"0", "process_success":"1", "total":"1"}}
{"logTime": "0525/123510", "correlationVector":"9LoWom33sH7ABmae40WTLM.3","action":"ProcessGetUpdates", "result":"Done", "context":{"dataType":"History", "deleted":"0", "process_failed_to_decrypt":"0", "process_pending_decryption":"0", "process_success":"4", "total":"4"}}
{"logTime": "0525/123510", "correlationVector":"9LoWom33sH7ABmae40WTLM.4","action":"GetUpdates Response", "result":"Success", "context":Received 5 update(s). cV=9LoWom33sH7ABmae40WTLM.0;server=akswtt00100000e;cloudType=Consumer;environment=Prod_southeastasia_prod-s01-065-apac-southeastasia;migrationStage=NotStarted}
{"logTime": "0525/123522", "correlationVector":"YcFrkv53Vg+j49sAAVXJYc","action":"Normal GetUpdate request", "result":"", "context":cV=YcFrkv53Vg+j49sAAVXJYc
Notified types: History}
{"logTime": "0525/123522", "correlationVector":"YcFrkv53Vg+j49sAAVXJYc.1","action":"SyncServerConnectionManagerRequest", "result":"SYNC_SERVER_OK", "context":{"environment":"Prod_southeastasia_prod-s01-065-apac-southeastasia", "migrationStage":"NotStarted", "server":"akswtt00100000k"}}
{"logTime": "0525/123522", "correlationVector":"YcFrkv53Vg+j49sAAVXJYc.2","action":"ProcessGetUpdates", "result":"Done", "context":{"dataType":"Sessions", "deleted":"0", "process_failed_to_decrypt":"0", "process_pending_decryption":"0", "process_success":"1", "total":"1"}}
{"logTime": "0525/123522", "correlationVector":"YcFrkv53Vg+j49sAAVXJYc.3","action":"ProcessGetUpdates", "result":"Done", "context":{"dataType":"History", "deleted":"0", "process_failed_to_decrypt":"0", "process_pending_decryption":"0", "process_success":"4", "total":"4"}}
{"logTime": "0525/123522", "correlationVector":"YcFrkv53Vg+j49sAAVXJYc.4","action":"GetUpdates Response", "result":"Success", "context":Received 5 update(s). cV=YcFrkv53Vg+j49sAAVXJYc.0;server=akswtt00100000k;cloudType=Consumer;environment=Prod_southeastasia_prod-s01-065-apac-southeastasia;migrationStage=NotStarted}
{"logTime": "0525/123532", "correlationVector":"DO+J7bMy9ezKE0iVPBJ77D","action":"Normal GetUpdate request", "result":"", "context":cV=DO+J7bMy9ezKE0iVPBJ77D
Notified types: History}
{"logTime": "0525/123532", "correlationVector":"DO+J7bMy9ezKE0iVPBJ77D.1","action":"SyncServerConnectionManagerRequest", "result":"SYNC_SERVER_OK", "context":{"environment":"Prod_southeastasia_prod-s01-065-apac-southeastasia", "migrationStage":"NotStarted", "server":"akswtt001000006"}}
{"logTime": "0525/123532", "correlationVector":"DO+J7bMy9ezKE0iVPBJ77D.2","action":"ProcessGetUpdates", "result":"Done", "context":{"dataType":"Sessions", "deleted":"0", "process_failed_to_decrypt":"0", "process_pending_decryption":"0", "process_success":"1", "total":"1"}}
{"logTime": "0525/123532", "correlationVector":"DO+J7bMy9ezKE0iVPBJ77D.3","action":"ProcessGetUpdates", "result":"Done", "context":{"dataType":"History", "deleted":"0", "process_failed_to_decrypt":"0", "process_pending_decryption":"0", "process_success":"4", "total":"4"}}
{"logTime": "0525/123532", "correlationVector":"DO+J7bMy9ezKE0iVPBJ77D.4","action":"GetUpdates Response", "result":"Success", "context":Received 5 update(s). cV=DO+J7bMy9ezKE0iVPBJ77D.0;server=akswtt001000006;cloudType=Consumer;environment=Prod_southeastasia_prod-s01-065-apac-southeastasia;migrationStage=NotStarted}
{"logTime": "0525/123610", "correlationVector":"Pl+RAaKAgHjQN4g68LI3ek","action":"Normal GetUpdate request", "result":"", "context":cV=Pl+RAaKAgHjQN4g68LI3ek
Notified types: History}
{"logTime": "0525/123611", "correlationVector":"Pl+RAaKAgHjQN4g68LI3ek.1","action":"SyncServerConnectionManagerRequest", "result":"SYNC_SERVER_OK", "context":{"environment":"Prod_southeastasia_prod-s01-065-apac-southeastasia", "migrationStage":"NotStarted", "server":"akswtt00100000j"}}
{"logTime": "0525/123611", "correlationVector":"Pl+RAaKAgHjQN4g68LI3ek.2","action":"ProcessGetUpdates", "result":"Done", "context":{"dataType":"Sessions", "deleted":"0", "process_failed_to_decrypt":"0", "process_pending_decryption":"0", "process_success":"1", "total":"1"}}
{"logTime": "0525/123611", "correlationVector":"Pl+RAaKAgHjQN4g68LI3ek.3","action":"ProcessGetUpdates", "result":"Done", "context":{"dataType":"History", "deleted":"0", "process_failed_to_decrypt":"0", "process_pending_decryption":"0", "process_success":"3", "total":"3"}}
{"logTime": "0525/123611", "correlationVector":"Pl+RAaKAgHjQN4g68LI3ek.4","action":"GetUpdates Response", "result":"Success", "context":Received 4 update(s). cV=Pl+RAaKAgHjQN4g68LI3ek.0;server=akswtt00100000j;cloudType=Consumer;environment=Prod_southeastasia_prod-s01-065-apac-southeastasia;migrationStage=NotStarted}
{"logTime": "0525/123911", "correlationVector":"N6hCdDlrTQpyG4uDwBivNk","action":"Normal GetUpdate request", "result":"", "context":cV=N6hCdDlrTQpyG4uDwBivNk
Notified types: History}
{"logTime": "0525/123911", "correlationVector":"N6hCdDlrTQpyG4uDwBivNk.1","action":"SyncServerConnectionManagerRequest", "result":"SYNC_SERVER_OK", "context":{"environment":"Prod_southeastasia_prod-s01-064-apac-southeastasia", "migrationStage":"NotStarted", "server":"akswtt00100000c"}}
{"logTime": "0525/123911", "correlationVector":"N6hCdDlrTQpyG4uDwBivNk.2","action":"ProcessGetUpdates", "result":"Done", "context":{"dataType":"Sessions", "deleted":"0", "process_failed_to_decrypt":"0", "process_pending_decryption":"0", "process_success":"1", "total":"1"}}
{"logTime": "0525/123911", "correlationVector":"N6hCdDlrTQpyG4uDwBivNk.3","action":"ProcessGetUpdates", "result":"Done", "context":{"dataType":"History", "deleted":"0", "process_failed_to_decrypt":"0", "process_pending_decryption":"0", "process_success":"15", "total":"15"}}
{"logTime": "0525/123911", "correlationVector":"N6hCdDlrTQpyG4uDwBivNk.4","action":"GetUpdates Response", "result":"Success", "context":Received 16 update(s). cV=N6hCdDlrTQpyG4uDwBivNk.0;server=akswtt00100000c;cloudType=Consumer;environment=Prod_southeastasia_prod-s01-064-apac-southeastasia;migrationStage=NotStarted}
{"logTime": "0525/124122", "correlationVector":"ChDzLLazHgTYpx4n+h5cf4","action":"Normal GetUpdate request", "result":"", "context":cV=ChDzLLazHgTYpx4n+h5cf4
Nudged types: Sessions, History
Notified types: History}
{"logTime": "0525/124122", "correlationVector":"ChDzLLazHgTYpx4n+h5cf4.1","action":"SyncServerConnectionManagerRequest", "result":"SYNC_SERVER_OK", "context":{"environment":"Prod_southeastasia_prod-s01-064-apac-southeastasia", "migrationStage":"NotStarted", "server":"akswtt00100000c"}}
{"logTime": "0525/124122", "correlationVector":"ChDzLLazHgTYpx4n+h5cf4.2","action":"ProcessGetUpdates", "result":"Done", "context":{"dataType":"Sessions", "deleted":"0", "process_failed_to_decrypt":"0", "process_pending_decryption":"0", "process_success":"1", "total":"1"}}
{"logTime": "0525/124122", "correlationVector":"ChDzLLazHgTYpx4n+h5cf4.3","action":"ProcessGetUpdates", "result":"Done", "context":{"dataType":"History", "deleted":"0", "process_failed_to_decrypt":"0", "process_pending_decryption":"0", "process_success":"5", "total":"5"}}
{"logTime": "0525/124122", "correlationVector":"ChDzLLazHgTYpx4n+h5cf4.4","action":"GetUpdates Response", "result":"Success", "context":Received 6 update(s). cV=ChDzLLazHgTYpx4n+h5cf4.0;server=akswtt00100000c;cloudType=Consumer;environment=Prod_southeastasia_prod-s01-064-apac-southeastasia;migrationStage=NotStarted}
{"logTime": "0525/124122", "correlationVector":"gOFJ/3y9cz0UfAkU+ng31y","action":"Commit Request", "result":"", "context":Item count: 3
Contributing types: Sessions, History}
{"logTime": "0525/124123", "correlationVector":"gOFJ/3y9cz0UfAkU+ng31y.1","action":"SyncServerConnectionManagerRequest", "result":"SYNC_SERVER_OK", "context":{"environment":"Prod_southeastasia_prod-s01-064-apac-southeastasia", "migrationStage":"NotStarted", "server":"akswtt00100000s"}}
{"logTime": "0525/124123", "correlationVector":"gOFJ/3y9cz0UfAkU+ng31y.2","action":"Commit Response", "result":"Success", "context":Result: Success. cV=gOFJ/3y9cz0UfAkU+ng31y.0;server=akswtt00100000s;cloudType=Consumer;environment=Prod_southeastasia_prod-s01-064-apac-southeastasia;migrationStage=NotStarted}
{"logTime": "0525/124158", "correlationVector":"gS3AJspOtlvMsqEZzZavvb","action":"Normal GetUpdate request", "result":"", "context":cV=gS3AJspOtlvMsqEZzZavvb
Nudged types: Sessions, History
Notified types: History, Saved Tab Group}
{"logTime": "0525/124158", "correlationVector":"gS3AJspOtlvMsqEZzZavvb.1","action":"SyncServerConnectionManagerRequest", "result":"SYNC_SERVER_OK", "context":{"environment":"Prod_southeastasia_prod-s01-064-apac-southeastasia", "migrationStage":"NotStarted", "server":"akswtt001000008"}}
{"logTime": "0525/124158", "correlationVector":"gS3AJspOtlvMsqEZzZavvb.2","action":"ProcessGetUpdates", "result":"Done", "context":{"dataType":"Sessions", "deleted":"0", "process_failed_to_decrypt":"0", "process_pending_decryption":"0", "process_success":"4", "total":"4"}}
{"logTime": "0525/124158", "correlationVector":"gS3AJspOtlvMsqEZzZavvb.3","action":"ProcessGetUpdates", "result":"Done", "context":{"dataType":"History", "deleted":"0", "process_failed_to_decrypt":"0", "process_pending_decryption":"0", "process_success":"6", "total":"6"}}
{"logTime": "0525/124158", "correlationVector":"gS3AJspOtlvMsqEZzZavvb.4","action":"ProcessGetUpdates", "result":"Done", "context":{"dataType":"Saved Tab Group", "deleted":"0", "process_failed_to_decrypt":"0", "process_pending_decryption":"0", "process_success":"1", "total":"1"}}
{"logTime": "0525/124158", "correlationVector":"gS3AJspOtlvMsqEZzZavvb.5","action":"GetUpdates Response", "result":"Success", "context":Received 11 update(s). cV=gS3AJspOtlvMsqEZzZavvb.0;server=akswtt001000008;cloudType=Consumer;environment=Prod_southeastasia_prod-s01-064-apac-southeastasia;migrationStage=NotStarted}
{"logTime": "0525/124303", "correlationVector":"VjYe60akYEB5CYeFIM/Hqp","action":"Normal GetUpdate request", "result":"", "context":cV=VjYe60akYEB5CYeFIM/Hqp
Notified types: History}
{"logTime": "0525/124303", "correlationVector":"VjYe60akYEB5CYeFIM/Hqp.1","action":"SyncServerConnectionManagerRequest", "result":"SYNC_SERVER_OK", "context":{"environment":"Prod_southeastasia_prod-s01-064-apac-southeastasia", "migrationStage":"NotStarted", "server":"akswtt00100000d"}}
{"logTime": "0525/124303", "correlationVector":"VjYe60akYEB5CYeFIM/Hqp.2","action":"ProcessGetUpdates", "result":"Done", "context":{"dataType":"Sessions", "deleted":"0", "process_failed_to_decrypt":"0", "process_pending_decryption":"0", "process_success":"1", "total":"1"}}
{"logTime": "0525/124303", "correlationVector":"VjYe60akYEB5CYeFIM/Hqp.3","action":"ProcessGetUpdates", "result":"Done", "context":{"dataType":"History", "deleted":"0", "process_failed_to_decrypt":"0", "process_pending_decryption":"0", "process_success":"7", "total":"7"}}
{"logTime": "0525/124303", "correlationVector":"VjYe60akYEB5CYeFIM/Hqp.4","action":"GetUpdates Response", "result":"Success", "context":Received 8 update(s). cV=VjYe60akYEB5CYeFIM/Hqp.0;server=akswtt00100000d;cloudType=Consumer;environment=Prod_southeastasia_prod-s01-064-apac-southeastasia;migrationStage=NotStarted}
{"logTime": "0525/124441", "correlationVector":"s1wLpYh5MhDWR0cjXFmbJN","action":"Commit Request", "result":"", "context":Item count: 1
Contributing types: Sessions}
{"logTime": "0525/124442", "correlationVector":"s1wLpYh5MhDWR0cjXFmbJN.1","action":"SyncServerConnectionManagerRequest", "result":"SYNC_SERVER_OK", "context":{"environment":"Prod_southeastasia_prod-s01-064-apac-southeastasia", "migrationStage":"NotStarted", "server":"akswtt00100000e"}}
{"logTime": "0525/124442", "correlationVector":"s1wLpYh5MhDWR0cjXFmbJN.2","action":"Commit Response", "result":"Success", "context":Result: Success. cV=s1wLpYh5MhDWR0cjXFmbJN.0;server=akswtt00100000e;cloudType=Consumer;environment=Prod_southeastasia_prod-s01-064-apac-southeastasia;migrationStage=NotStarted}
{"logTime": "0525/124605", "correlationVector":"vbrVgo+qPaAQZaO4TmuQE7","action":"Normal GetUpdate request", "result":"", "context":cV=vbrVgo+qPaAQZaO4TmuQE7
Notified types: History}
{"logTime": "0525/124605", "correlationVector":"vbrVgo+qPaAQZaO4TmuQE7.1","action":"SyncServerConnectionManagerRequest", "result":"SYNC_SERVER_OK", "context":{"environment":"Prod_southeastasia_prod-s01-064-apac-southeastasia", "migrationStage":"NotStarted", "server":"akswtt001000005"}}
{"logTime": "0525/124605", "correlationVector":"vbrVgo+qPaAQZaO4TmuQE7.2","action":"ProcessGetUpdates", "result":"Done", "context":{"dataType":"Sessions", "deleted":"0", "process_failed_to_decrypt":"0", "process_pending_decryption":"0", "process_success":"2", "total":"2"}}
{"logTime": "0525/124605", "correlationVector":"vbrVgo+qPaAQZaO4TmuQE7.3","action":"ProcessGetUpdates", "result":"Done", "context":{"dataType":"History", "deleted":"0", "process_failed_to_decrypt":"0", "process_pending_decryption":"0", "process_success":"7", "total":"7"}}
{"logTime": "0525/124605", "correlationVector":"vbrVgo+qPaAQZaO4TmuQE7.4","action":"GetUpdates Response", "result":"Success", "context":Received 9 update(s). cV=vbrVgo+qPaAQZaO4TmuQE7.0;server=akswtt001000005;cloudType=Consumer;environment=Prod_southeastasia_prod-s01-064-apac-southeastasia;migrationStage=NotStarted}
{"logTime": "0525/124706", "correlationVector":"skgx/VPtNeIQIlkgIZJ2ol","action":"Normal GetUpdate request", "result":"", "context":cV=skgx/VPtNeIQIlkgIZJ2ol
Notified types: History}
{"logTime": "0525/124706", "correlationVector":"skgx/VPtNeIQIlkgIZJ2ol.1","action":"SyncServerConnectionManagerRequest", "result":"SYNC_SERVER_OK", "context":{"environment":"Prod_southeastasia_prod-s01-064-apac-southeastasia", "migrationStage":"NotStarted", "server":"akswtt001000000"}}
{"logTime": "0525/124706", "correlationVector":"skgx/VPtNeIQIlkgIZJ2ol.2","action":"ProcessGetUpdates", "result":"Done", "context":{"dataType":"Sessions", "deleted":"0", "process_failed_to_decrypt":"0", "process_pending_decryption":"0", "process_success":"1", "total":"1"}}
{"logTime": "0525/124706", "correlationVector":"skgx/VPtNeIQIlkgIZJ2ol.3","action":"ProcessGetUpdates", "result":"Done", "context":{"dataType":"History", "deleted":"0", "process_failed_to_decrypt":"0", "process_pending_decryption":"0", "process_success":"3", "total":"3"}}
{"logTime": "0525/124706", "correlationVector":"skgx/VPtNeIQIlkgIZJ2ol.4","action":"GetUpdates Response", "result":"Success", "context":Received 4 update(s). cV=skgx/VPtNeIQIlkgIZJ2ol.0;server=akswtt001000000;cloudType=Consumer;environment=Prod_southeastasia_prod-s01-064-apac-southeastasia;migrationStage=NotStarted}
{"logTime": "0525/124843", "correlationVector":"ZWP2764hZbp5RgYX1GKXaM","action":"Normal GetUpdate request", "result":"", "context":cV=ZWP2764hZbp5RgYX1GKXaM
Notified types: History}
{"logTime": "0525/124843", "correlationVector":"ZWP2764hZbp5RgYX1GKXaM.1","action":"SyncServerConnectionManagerRequest", "result":"SYNC_SERVER_OK", "context":{"environment":"Prod_southeastasia_prod-s01-064-apac-southeastasia", "migrationStage":"NotStarted", "server":"akswtt00100000s"}}
{"logTime": "0525/124843", "correlationVector":"ZWP2764hZbp5RgYX1GKXaM.2","action":"ProcessGetUpdates", "result":"Done", "context":{"dataType":"Sessions", "deleted":"0", "process_failed_to_decrypt":"0", "process_pending_decryption":"0", "process_success":"3", "total":"3"}}
{"logTime": "0525/124843", "correlationVector":"ZWP2764hZbp5RgYX1GKXaM.3","action":"ProcessGetUpdates", "result":"Done", "context":{"dataType":"History", "deleted":"0", "process_failed_to_decrypt":"0", "process_pending_decryption":"0", "process_success":"12", "total":"12"}}
{"logTime": "0525/124843", "correlationVector":"ZWP2764hZbp5RgYX1GKXaM.4","action":"GetUpdates Response", "result":"Success", "context":Received 15 update(s). cV=ZWP2764hZbp5RgYX1GKXaM.0;server=akswtt00100000s;cloudType=Consumer;environment=Prod_southeastasia_prod-s01-064-apac-southeastasia;migrationStage=NotStarted}
{"logTime": "0525/124927", "correlationVector":"3G2Kt0cIWf+yvLOrvX9zTY","action":"Normal GetUpdate request", "result":"", "context":cV=3G2Kt0cIWf+yvLOrvX9zTY
Notified types: History}
{"logTime": "0525/124927", "correlationVector":"3G2Kt0cIWf+yvLOrvX9zTY.1","action":"SyncServerConnectionManagerRequest", "result":"SYNC_SERVER_OK", "context":{"environment":"Prod_southeastasia_prod-s01-064-apac-southeastasia", "migrationStage":"NotStarted", "server":"akswtt00100000o"}}
{"logTime": "0525/124927", "correlationVector":"3G2Kt0cIWf+yvLOrvX9zTY.2","action":"ProcessGetUpdates", "result":"Done", "context":{"dataType":"Sessions", "deleted":"0", "process_failed_to_decrypt":"0", "process_pending_decryption":"0", "process_success":"1", "total":"1"}}
{"logTime": "0525/124927", "correlationVector":"3G2Kt0cIWf+yvLOrvX9zTY.3","action":"ProcessGetUpdates", "result":"Done", "context":{"dataType":"History", "deleted":"0", "process_failed_to_decrypt":"0", "process_pending_decryption":"0", "process_success":"4", "total":"4"}}
{"logTime": "0525/124927", "correlationVector":"3G2Kt0cIWf+yvLOrvX9zTY.4","action":"GetUpdates Response", "result":"Success", "context":Received 5 update(s). cV=3G2Kt0cIWf+yvLOrvX9zTY.0;server=akswtt00100000o;cloudType=Consumer;environment=Prod_southeastasia_prod-s01-064-apac-southeastasia;migrationStage=NotStarted}
{"logTime": "0525/125019", "correlationVector":"JOwL8VTqk8oM0GMACSvo1/","action":"Normal GetUpdate request", "result":"", "context":cV=JOwL8VTqk8oM0GMACSvo1/
Notified types: History, Saved Tab Group}
{"logTime": "0525/125019", "correlationVector":"JOwL8VTqk8oM0GMACSvo1/.1","action":"SyncServerConnectionManagerRequest", "result":"SYNC_SERVER_OK", "context":{"environment":"Prod_southeastasia_prod-s01-064-apac-southeastasia", "migrationStage":"NotStarted", "server":"akswtt001000003"}}
{"logTime": "0525/125019", "correlationVector":"JOwL8VTqk8oM0GMACSvo1/.2","action":"ProcessGetUpdates", "result":"Done", "context":{"dataType":"Sessions", "deleted":"0", "process_failed_to_decrypt":"0", "process_pending_decryption":"0", "process_success":"3", "total":"3"}}
{"logTime": "0525/125019", "correlationVector":"JOwL8VTqk8oM0GMACSvo1/.3","action":"ProcessGetUpdates", "result":"Done", "context":{"dataType":"History", "deleted":"0", "process_failed_to_decrypt":"0", "process_pending_decryption":"0", "process_success":"9", "total":"9"}}
{"logTime": "0525/125019", "correlationVector":"JOwL8VTqk8oM0GMACSvo1/.4","action":"ProcessGetUpdates", "result":"Done", "context":{"dataType":"Saved Tab Group", "deleted":"0", "process_failed_to_decrypt":"0", "process_pending_decryption":"0", "process_success":"9", "total":"9"}}
{"logTime": "0525/125019", "correlationVector":"JOwL8VTqk8oM0GMACSvo1/.5","action":"GetUpdates Response", "result":"Success", "context":Received 21 update(s). cV=JOwL8VTqk8oM0GMACSvo1/.0;server=akswtt001000003;cloudType=Consumer;environment=Prod_southeastasia_prod-s01-064-apac-southeastasia;migrationStage=NotStarted}
{"logTime": "0525/125055", "correlationVector":"3Vk64rEnqb9nbGxcVum8oN","action":"Normal GetUpdate request", "result":"", "context":cV=3Vk64rEnqb9nbGxcVum8oN
Notified types: History}
{"logTime": "0525/125055", "correlationVector":"3Vk64rEnqb9nbGxcVum8oN.1","action":"SyncServerConnectionManagerRequest", "result":"SYNC_SERVER_OK", "context":{"environment":"Prod_southeastasia_prod-s01-064-apac-southeastasia", "migrationStage":"NotStarted", "server":"akswtt001000000"}}
{"logTime": "0525/125055", "correlationVector":"3Vk64rEnqb9nbGxcVum8oN.2","action":"ProcessGetUpdates", "result":"Done", "context":{"dataType":"Sessions", "deleted":"0", "process_failed_to_decrypt":"0", "process_pending_decryption":"0", "process_success":"3", "total":"3"}}
{"logTime": "0525/125055", "correlationVector":"3Vk64rEnqb9nbGxcVum8oN.3","action":"ProcessGetUpdates", "result":"Done", "context":{"dataType":"History", "deleted":"0", "process_failed_to_decrypt":"0", "process_pending_decryption":"0", "process_success":"2", "total":"2"}}
{"logTime": "0525/125055", "correlationVector":"3Vk64rEnqb9nbGxcVum8oN.4","action":"GetUpdates Response", "result":"Success", "context":Received 5 update(s). cV=3Vk64rEnqb9nbGxcVum8oN.0;server=akswtt001000000;cloudType=Consumer;environment=Prod_southeastasia_prod-s01-064-apac-southeastasia;migrationStage=NotStarted}
{"logTime": "0525/125220", "correlationVector":"AfcItnjptEDqrUx9wVAKQb","action":"Normal GetUpdate request", "result":"", "context":cV=AfcItnjptEDqrUx9wVAKQb
Notified types: History}
{"logTime": "0525/125220", "correlationVector":"AfcItnjptEDqrUx9wVAKQb.1","action":"SyncServerConnectionManagerRequest", "result":"SYNC_SERVER_OK", "context":{"environment":"Prod_southeastasia_prod-s01-064-apac-southeastasia", "migrationStage":"NotStarted", "server":"akswtt001000000"}}
{"logTime": "0525/125220", "correlationVector":"AfcItnjptEDqrUx9wVAKQb.2","action":"ProcessGetUpdates", "result":"Done", "context":{"dataType":"Sessions", "deleted":"0", "process_failed_to_decrypt":"0", "process_pending_decryption":"0", "process_success":"2", "total":"2"}}
{"logTime": "0525/125220", "correlationVector":"AfcItnjptEDqrUx9wVAKQb.3","action":"ProcessGetUpdates", "result":"Done", "context":{"dataType":"History", "deleted":"0", "process_failed_to_decrypt":"0", "process_pending_decryption":"0", "process_success":"7", "total":"7"}}
{"logTime": "0525/125220", "correlationVector":"AfcItnjptEDqrUx9wVAKQb.4","action":"GetUpdates Response", "result":"Success", "context":Received 9 update(s). cV=AfcItnjptEDqrUx9wVAKQb.0;server=akswtt001000000;cloudType=Consumer;environment=Prod_southeastasia_prod-s01-064-apac-southeastasia;migrationStage=NotStarted}
{"logTime": "0525/125338", "correlationVector":"d7ewkb0KQeGKqIeTo37jbL","action":"Normal GetUpdate request", "result":"", "context":cV=d7ewkb0KQeGKqIeTo37jbL
Notified types: History}
{"logTime": "0525/125338", "correlationVector":"d7ewkb0KQeGKqIeTo37jbL.1","action":"SyncServerConnectionManagerRequest", "result":"SYNC_SERVER_OK", "context":{"environment":"Prod_southeastasia_prod-s01-064-apac-southeastasia", "migrationStage":"NotStarted", "server":"akswtt00100000n"}}
{"logTime": "0525/125338", "correlationVector":"d7ewkb0KQeGKqIeTo37jbL.2","action":"ProcessGetUpdates", "result":"Done", "context":{"dataType":"Sessions", "deleted":"0", "process_failed_to_decrypt":"0", "process_pending_decryption":"0", "process_success":"1", "total":"1"}}
{"logTime": "0525/125338", "correlationVector":"d7ewkb0KQeGKqIeTo37jbL.3","action":"ProcessGetUpdates", "result":"Done", "context":{"dataType":"History", "deleted":"0", "process_failed_to_decrypt":"0", "process_pending_decryption":"0", "process_success":"5", "total":"5"}}
{"logTime": "0525/125338", "correlationVector":"d7ewkb0KQeGKqIeTo37jbL.4","action":"GetUpdates Response", "result":"Success", "context":Received 6 update(s). cV=d7ewkb0KQeGKqIeTo37jbL.0;server=akswtt00100000n;cloudType=Consumer;environment=Prod_southeastasia_prod-s01-064-apac-southeastasia;migrationStage=NotStarted}
{"logTime": "0525/125410", "correlationVector":"jq+mPlwssrEaW5B7vPpjVQ","action":"Normal GetUpdate request", "result":"", "context":cV=jq+mPlwssrEaW5B7vPpjVQ
Notified types: Device Info}
{"logTime": "0525/125410", "correlationVector":"jq+mPlwssrEaW5B7vPpjVQ.1","action":"SyncServerConnectionManagerRequest", "result":"SYNC_SERVER_OK", "context":{"environment":"Prod_southeastasia_prod-s01-064-apac-southeastasia", "migrationStage":"NotStarted", "server":"akswtt00100000v"}}
{"logTime": "0525/125410", "correlationVector":"jq+mPlwssrEaW5B7vPpjVQ.2","action":"ProcessGetUpdates", "result":"Done", "context":{"dataType":"Device Info", "deleted":"0", "process_failed_to_decrypt":"0", "process_pending_decryption":"0", "process_success":"1", "total":"1"}}
{"logTime": "0525/125410", "correlationVector":"jq+mPlwssrEaW5B7vPpjVQ.3","action":"GetUpdates Response", "result":"Success", "context":Received 1 update(s). cV=jq+mPlwssrEaW5B7vPpjVQ.0;server=akswtt00100000v;cloudType=Consumer;environment=Prod_southeastasia_prod-s01-064-apac-southeastasia;migrationStage=NotStarted}
{"logTime": "0525/125412", "correlationVector":"DJcjhpgH+68zaAOdY4neal","action":"Normal GetUpdate request", "result":"", "context":cV=DJcjhpgH+68zaAOdY4neal
Notified types: Preferences, Device Info}
{"logTime": "0525/125412", "correlationVector":"DJcjhpgH+68zaAOdY4neal.1","action":"SyncServerConnectionManagerRequest", "result":"SYNC_SERVER_OK", "context":{"environment":"Prod_southeastasia_prod-s01-064-apac-southeastasia", "migrationStage":"NotStarted", "server":"akswtt00100000v"}}
{"logTime": "0525/125412", "correlationVector":"DJcjhpgH+68zaAOdY4neal.2","action":"ProcessGetUpdates", "result":"Done", "context":{"dataType":"Preferences", "deleted":"0", "process_failed_to_decrypt":"0", "process_pending_decryption":"0", "process_success":"2", "total":"2"}}
{"logTime": "0525/125412", "correlationVector":"DJcjhpgH+68zaAOdY4neal.3","action":"ProcessGetUpdates", "result":"Done", "context":{"dataType":"Device Info", "deleted":"0", "process_failed_to_decrypt":"0", "process_pending_decryption":"0", "process_success":"1", "total":"1"}}
{"logTime": "0525/125412", "correlationVector":"DJcjhpgH+68zaAOdY4neal.4","action":"GetUpdates Response", "result":"Success", "context":Received 3 update(s). cV=DJcjhpgH+68zaAOdY4neal.0;server=akswtt00100000v;cloudType=Consumer;environment=Prod_southeastasia_prod-s01-064-apac-southeastasia;migrationStage=NotStarted}
{"logTime": "0525/125430", "correlationVector":"m6ISJUZiATLv7Z1R6H3FXM","action":"Normal GetUpdate request", "result":"", "context":cV=m6ISJUZiATLv7Z1R6H3FXM
Notified types: History}
{"logTime": "0525/125430", "correlationVector":"m6ISJUZiATLv7Z1R6H3FXM.1","action":"SyncServerConnectionManagerRequest", "result":"SYNC_SERVER_OK", "context":{"environment":"Prod_southeastasia_prod-s01-064-apac-southeastasia", "migrationStage":"NotStarted", "server":"akswtt001000000"}}
{"logTime": "0525/125430", "correlationVector":"m6ISJUZiATLv7Z1R6H3FXM.2","action":"ProcessGetUpdates", "result":"Done", "context":{"dataType":"Sessions", "deleted":"0", "process_failed_to_decrypt":"0", "process_pending_decryption":"0", "process_success":"2", "total":"2"}}
{"logTime": "0525/125430", "correlationVector":"m6ISJUZiATLv7Z1R6H3FXM.3","action":"ProcessGetUpdates", "result":"Done", "context":{"dataType":"History", "deleted":"0", "process_failed_to_decrypt":"0", "process_pending_decryption":"0", "process_success":"1", "total":"1"}}
{"logTime": "0525/125430", "correlationVector":"m6ISJUZiATLv7Z1R6H3FXM.4","action":"GetUpdates Response", "result":"Success", "context":Received 3 update(s). cV=m6ISJUZiATLv7Z1R6H3FXM.0;server=akswtt001000000;cloudType=Consumer;environment=Prod_southeastasia_prod-s01-064-apac-southeastasia;migrationStage=NotStarted}
{"logTime": "0525/125440", "correlationVector":"IElEbebhKX6Ex0Mwu5HTyl","action":"Normal GetUpdate request", "result":"", "context":cV=IElEbebhKX6Ex0Mwu5HTyl
Notified types: Extension settings}
{"logTime": "0525/125440", "correlationVector":"IElEbebhKX6Ex0Mwu5HTyl.1","action":"SyncServerConnectionManagerRequest", "result":"SYNC_SERVER_OK", "context":{"environment":"Prod_southeastasia_prod-s01-064-apac-southeastasia", "migrationStage":"NotStarted", "server":"akswtt00100000d"}}
{"logTime": "0525/125440", "correlationVector":"IElEbebhKX6Ex0Mwu5HTyl.2","action":"ProcessGetUpdates", "result":"Done", "context":{"dataType":"Sessions", "deleted":"0", "process_failed_to_decrypt":"0", "process_pending_decryption":"0", "process_success":"1", "total":"1"}}
{"logTime": "0525/125440", "correlationVector":"IElEbebhKX6Ex0Mwu5HTyl.3","action":"ProcessGetUpdates", "result":"Done", "context":{"dataType":"Extension settings", "deleted":"0", "process_failed_to_decrypt":"0", "process_pending_decryption":"0", "process_success":"1", "total":"1"}}
{"logTime": "0525/125440", "correlationVector":"IElEbebhKX6Ex0Mwu5HTyl.4","action":"GetUpdates Response", "result":"Success", "context":Received 2 update(s). cV=IElEbebhKX6Ex0Mwu5HTyl.0;server=akswtt00100000d;cloudType=Consumer;environment=Prod_southeastasia_prod-s01-064-apac-southeastasia;migrationStage=NotStarted}
{"logTime": "0525/125536", "correlationVector":"+1p+0sloElRS4dC+9Xj7qj","action":"Normal GetUpdate request", "result":"", "context":cV=+1p+0sloElRS4dC+9Xj7qj
Notified types: History, Saved Tab Group}
{"logTime": "0525/125536", "correlationVector":"+1p+0sloElRS4dC+9Xj7qj.1","action":"SyncServerConnectionManagerRequest", "result":"SYNC_SERVER_OK", "context":{"environment":"Prod_southeastasia_prod-s01-064-apac-southeastasia", "migrationStage":"NotStarted", "server":"akswtt001000010"}}
{"logTime": "0525/125536", "correlationVector":"+1p+0sloElRS4dC+9Xj7qj.2","action":"ProcessGetUpdates", "result":"Done", "context":{"dataType":"Sessions", "deleted":"0", "process_failed_to_decrypt":"0", "process_pending_decryption":"0", "process_success":"2", "total":"2"}}
{"logTime": "0525/125536", "correlationVector":"+1p+0sloElRS4dC+9Xj7qj.3","action":"ProcessGetUpdates", "result":"Done", "context":{"dataType":"History", "deleted":"0", "process_failed_to_decrypt":"0", "process_pending_decryption":"0", "process_success":"3", "total":"3"}}
{"logTime": "0525/125536", "correlationVector":"+1p+0sloElRS4dC+9Xj7qj.4","action":"ProcessGetUpdates", "result":"Done", "context":{"dataType":"Saved Tab Group", "deleted":"0", "process_failed_to_decrypt":"0", "process_pending_decryption":"0", "process_success":"1", "total":"1"}}
{"logTime": "0525/125536", "correlationVector":"+1p+0sloElRS4dC+9Xj7qj.5","action":"GetUpdates Response", "result":"Success", "context":Received 6 update(s). cV=+1p+0sloElRS4dC+9Xj7qj.0;server=akswtt001000010;cloudType=Consumer;environment=Prod_southeastasia_prod-s01-064-apac-southeastasia;migrationStage=NotStarted}
{"logTime": "0525/125641", "correlationVector":"ma63GRoV3vp8YmtmiYKwna","action":"Normal GetUpdate request", "result":"", "context":cV=ma63GRoV3vp8YmtmiYKwna
Notified types: History}
{"logTime": "0525/125641", "correlationVector":"ma63GRoV3vp8YmtmiYKwna.1","action":"SyncServerConnectionManagerRequest", "result":"SYNC_SERVER_OK", "context":{"environment":"Prod_southeastasia_prod-s01-064-apac-southeastasia", "migrationStage":"NotStarted", "server":"akswtt00100000b"}}
{"logTime": "0525/125641", "correlationVector":"ma63GRoV3vp8YmtmiYKwna.2","action":"ProcessGetUpdates", "result":"Done", "context":{"dataType":"Sessions", "deleted":"0", "process_failed_to_decrypt":"0", "process_pending_decryption":"0", "process_success":"1", "total":"1"}}
{"logTime": "0525/125641", "correlationVector":"ma63GRoV3vp8YmtmiYKwna.3","action":"ProcessGetUpdates", "result":"Done", "context":{"dataType":"History", "deleted":"0", "process_failed_to_decrypt":"0", "process_pending_decryption":"0", "process_success":"2", "total":"2"}}
{"logTime": "0525/125641", "correlationVector":"ma63GRoV3vp8YmtmiYKwna.4","action":"GetUpdates Response", "result":"Success", "context":Received 3 update(s). cV=ma63GRoV3vp8YmtmiYKwna.0;server=akswtt00100000b;cloudType=Consumer;environment=Prod_southeastasia_prod-s01-064-apac-southeastasia;migrationStage=NotStarted}
{"logTime": "0525/130037", "correlationVector":"KT0nlqJBMHgZVzq8L39rnG","action":"Normal GetUpdate request", "result":"", "context":cV=KT0nlqJBMHgZVzq8L39rnG
Notified types: History}
{"logTime": "0525/130037", "correlationVector":"KT0nlqJBMHgZVzq8L39rnG.1","action":"SyncServerConnectionManagerRequest", "result":"SYNC_SERVER_OK", "context":{"environment":"Prod_southeastasia_prod-s01-065-apac-southeastasia", "migrationStage":"NotStarted", "server":"akswtt00100000n"}}
{"logTime": "0525/130037", "correlationVector":"KT0nlqJBMHgZVzq8L39rnG.2","action":"ProcessGetUpdates", "result":"Done", "context":{"dataType":"Sessions", "deleted":"0", "process_failed_to_decrypt":"0", "process_pending_decryption":"0", "process_success":"2", "total":"2"}}
{"logTime": "0525/130037", "correlationVector":"KT0nlqJBMHgZVzq8L39rnG.3","action":"ProcessGetUpdates", "result":"Done", "context":{"dataType":"History", "deleted":"0", "process_failed_to_decrypt":"0", "process_pending_decryption":"0", "process_success":"8", "total":"8"}}
{"logTime": "0525/130037", "correlationVector":"KT0nlqJBMHgZVzq8L39rnG.4","action":"GetUpdates Response", "result":"Success", "context":Received 10 update(s). cV=KT0nlqJBMHgZVzq8L39rnG.0;server=akswtt00100000n;cloudType=Consumer;environment=Prod_southeastasia_prod-s01-065-apac-southeastasia;migrationStage=NotStarted}
{"logTime": "0525/130051", "correlationVector":"oMTK0/buOt8/P5Wao9QuZm","action":"Normal GetUpdate request", "result":"", "context":cV=oMTK0/buOt8/P5Wao9QuZm
Notified types: History, Saved Tab Group}
{"logTime": "0525/130051", "correlationVector":"oMTK0/buOt8/P5Wao9QuZm.1","action":"SyncServerConnectionManagerRequest", "result":"SYNC_SERVER_OK", "context":{"environment":"Prod_southeastasia_prod-s01-065-apac-southeastasia", "migrationStage":"NotStarted", "server":"akswtt001000002"}}
{"logTime": "0525/130051", "correlationVector":"oMTK0/buOt8/P5Wao9QuZm.2","action":"ProcessGetUpdates", "result":"Done", "context":{"dataType":"Sessions", "deleted":"0", "process_failed_to_decrypt":"0", "process_pending_decryption":"0", "process_success":"1", "total":"1"}}
{"logTime": "0525/130051", "correlationVector":"oMTK0/buOt8/P5Wao9QuZm.3","action":"ProcessGetUpdates", "result":"Done", "context":{"dataType":"History", "deleted":"0", "process_failed_to_decrypt":"0", "process_pending_decryption":"0", "process_success":"5", "total":"5"}}
{"logTime": "0525/130051", "correlationVector":"oMTK0/buOt8/P5Wao9QuZm.4","action":"ProcessGetUpdates", "result":"Done", "context":{"dataType":"Saved Tab Group", "deleted":"0", "process_failed_to_decrypt":"0", "process_pending_decryption":"0", "process_success":"1", "total":"1"}}
{"logTime": "0525/130051", "correlationVector":"oMTK0/buOt8/P5Wao9QuZm.5","action":"GetUpdates Response", "result":"Success", "context":Received 7 update(s). cV=oMTK0/buOt8/P5Wao9QuZm.0;server=akswtt001000002;cloudType=Consumer;environment=Prod_southeastasia_prod-s01-065-apac-southeastasia;migrationStage=NotStarted}
{"logTime": "0525/130054", "correlationVector":"174ZgYjsIT8LaEv9ltm65c","action":"Normal GetUpdate request", "result":"", "context":cV=174ZgYjsIT8LaEv9ltm65c
Notified types: History}
{"logTime": "0525/130054", "correlationVector":"174ZgYjsIT8LaEv9ltm65c.1","action":"SyncServerConnectionManagerRequest", "result":"SYNC_SERVER_OK", "context":{"environment":"Prod_southeastasia_prod-s01-065-apac-southeastasia", "migrationStage":"NotStarted", "server":"akswtt001000008"}}
{"logTime": "0525/130054", "correlationVector":"174ZgYjsIT8LaEv9ltm65c.2","action":"ProcessGetUpdates", "result":"Done", "context":{"dataType":"Sessions", "deleted":"0", "process_failed_to_decrypt":"0", "process_pending_decryption":"0", "process_success":"1", "total":"1"}}
{"logTime": "0525/130054", "correlationVector":"174ZgYjsIT8LaEv9ltm65c.3","action":"ProcessGetUpdates", "result":"Done", "context":{"dataType":"History", "deleted":"0", "process_failed_to_decrypt":"0", "process_pending_decryption":"0", "process_success":"2", "total":"2"}}
{"logTime": "0525/130054", "correlationVector":"174ZgYjsIT8LaEv9ltm65c.4","action":"GetUpdates Response", "result":"Success", "context":Received 3 update(s). cV=174ZgYjsIT8LaEv9ltm65c.0;server=akswtt001000008;cloudType=Consumer;environment=Prod_southeastasia_prod-s01-065-apac-southeastasia;migrationStage=NotStarted}
{"logTime": "0525/130110", "correlationVector":"/+A3a9I+f3CB1Qo8+SKWUH","action":"Normal GetUpdate request", "result":"", "context":cV=/+A3a9I+f3CB1Qo8+SKWUH
Notified types: History, Saved Tab Group}
{"logTime": "0525/130110", "correlationVector":"/+A3a9I+f3CB1Qo8+SKWUH.1","action":"SyncServerConnectionManagerRequest", "result":"SYNC_SERVER_OK", "context":{"environment":"Prod_southeastasia_prod-s01-065-apac-southeastasia", "migrationStage":"NotStarted", "server":"akswtt001000002"}}
{"logTime": "0525/130110", "correlationVector":"/+A3a9I+f3CB1Qo8+SKWUH.2","action":"ProcessGetUpdates", "result":"Done", "context":{"dataType":"Sessions", "deleted":"0", "process_failed_to_decrypt":"0", "process_pending_decryption":"0", "process_success":"1", "total":"1"}}
{"logTime": "0525/130110", "correlationVector":"/+A3a9I+f3CB1Qo8+SKWUH.3","action":"ProcessGetUpdates", "result":"Done", "context":{"dataType":"History", "deleted":"0", "process_failed_to_decrypt":"0", "process_pending_decryption":"0", "process_success":"4", "total":"4"}}
{"logTime": "0525/130110", "correlationVector":"/+A3a9I+f3CB1Qo8+SKWUH.4","action":"ProcessGetUpdates", "result":"Done", "context":{"dataType":"Saved Tab Group", "deleted":"0", "process_failed_to_decrypt":"0", "process_pending_decryption":"0", "process_success":"1", "total":"1"}}
{"logTime": "0525/130110", "correlationVector":"/+A3a9I+f3CB1Qo8+SKWUH.5","action":"GetUpdates Response", "result":"Success", "context":Received 6 update(s). cV=/+A3a9I+f3CB1Qo8+SKWUH.0;server=akswtt001000002;cloudType=Consumer;environment=Prod_southeastasia_prod-s01-065-apac-southeastasia;migrationStage=NotStarted}
{"logTime": "0525/130122", "correlationVector":"BedWnfBpgpXhJgeivnteLU","action":"Normal GetUpdate request", "result":"", "context":cV=BedWnfBpgpXhJgeivnteLU
Notified types: History, Saved Tab Group}
{"logTime": "0525/130122", "correlationVector":"BedWnfBpgpXhJgeivnteLU.1","action":"SyncServerConnectionManagerRequest", "result":"SYNC_SERVER_OK", "context":{"environment":"Prod_southeastasia_prod-s01-065-apac-southeastasia", "migrationStage":"NotStarted", "server":"akswtt00100000c"}}
{"logTime": "0525/130122", "correlationVector":"BedWnfBpgpXhJgeivnteLU.2","action":"ProcessGetUpdates", "result":"Done", "context":{"dataType":"Sessions", "deleted":"0", "process_failed_to_decrypt":"0", "process_pending_decryption":"0", "process_success":"1", "total":"1"}}
{"logTime": "0525/130122", "correlationVector":"BedWnfBpgpXhJgeivnteLU.3","action":"ProcessGetUpdates", "result":"Done", "context":{"dataType":"History", "deleted":"0", "process_failed_to_decrypt":"0", "process_pending_decryption":"0", "process_success":"3", "total":"3"}}
{"logTime": "0525/130122", "correlationVector":"BedWnfBpgpXhJgeivnteLU.4","action":"ProcessGetUpdates", "result":"Done", "context":{"dataType":"Saved Tab Group", "deleted":"0", "process_failed_to_decrypt":"0", "process_pending_decryption":"0", "process_success":"1", "total":"1"}}
{"logTime": "0525/130122", "correlationVector":"BedWnfBpgpXhJgeivnteLU.5","action":"GetUpdates Response", "result":"Success", "context":Received 5 update(s). cV=BedWnfBpgpXhJgeivnteLU.0;server=akswtt00100000c;cloudType=Consumer;environment=Prod_southeastasia_prod-s01-065-apac-southeastasia;migrationStage=NotStarted}
{"logTime": "0525/130151", "correlationVector":"xrS3ShexmfZ3y6wsxEjJIq","action":"Normal GetUpdate request", "result":"", "context":cV=xrS3ShexmfZ3y6wsxEjJIq
Notified types: History}
{"logTime": "0525/130151", "correlationVector":"xrS3ShexmfZ3y6wsxEjJIq.1","action":"SyncServerConnectionManagerRequest", "result":"SYNC_SERVER_OK", "context":{"environment":"Prod_southeastasia_prod-s01-065-apac-southeastasia", "migrationStage":"NotStarted", "server":"akswtt001000007"}}
{"logTime": "0525/130151", "correlationVector":"xrS3ShexmfZ3y6wsxEjJIq.2","action":"ProcessGetUpdates", "result":"Done", "context":{"dataType":"Sessions", "deleted":"0", "process_failed_to_decrypt":"0", "process_pending_decryption":"0", "process_success":"1", "total":"1"}}
{"logTime": "0525/130151", "correlationVector":"xrS3ShexmfZ3y6wsxEjJIq.3","action":"ProcessGetUpdates", "result":"Done", "context":{"dataType":"History", "deleted":"0", "process_failed_to_decrypt":"0", "process_pending_decryption":"0", "process_success":"4", "total":"4"}}
{"logTime": "0525/130151", "correlationVector":"xrS3ShexmfZ3y6wsxEjJIq.4","action":"GetUpdates Response", "result":"Success", "context":Received 5 update(s). cV=xrS3ShexmfZ3y6wsxEjJIq.0;server=akswtt001000007;cloudType=Consumer;environment=Prod_southeastasia_prod-s01-065-apac-southeastasia;migrationStage=NotStarted}
{"logTime": "0525/130259", "correlationVector":"cxF3HyrnIIobhmW2ug9XnR","action":"Normal GetUpdate request", "result":"", "context":cV=cxF3HyrnIIobhmW2ug9XnR
Notified types: History}
{"logTime": "0525/130259", "correlationVector":"cxF3HyrnIIobhmW2ug9XnR.1","action":"SyncServerConnectionManagerRequest", "result":"SYNC_SERVER_OK", "context":{"environment":"Prod_southeastasia_prod-s01-065-apac-southeastasia", "migrationStage":"NotStarted", "server":"akswtt001000001"}}
{"logTime": "0525/130259", "correlationVector":"cxF3HyrnIIobhmW2ug9XnR.2","action":"ProcessGetUpdates", "result":"Done", "context":{"dataType":"Sessions", "deleted":"0", "process_failed_to_decrypt":"0", "process_pending_decryption":"0", "process_success":"4", "total":"4"}}
{"logTime": "0525/130259", "correlationVector":"cxF3HyrnIIobhmW2ug9XnR.3","action":"ProcessGetUpdates", "result":"Done", "context":{"dataType":"History", "deleted":"0", "process_failed_to_decrypt":"0", "process_pending_decryption":"0", "process_success":"2", "total":"2"}}
{"logTime": "0525/130259", "correlationVector":"cxF3HyrnIIobhmW2ug9XnR.4","action":"GetUpdates Response", "result":"Success", "context":Received 6 update(s). cV=cxF3HyrnIIobhmW2ug9XnR.0;server=akswtt001000001;cloudType=Consumer;environment=Prod_southeastasia_prod-s01-065-apac-southeastasia;migrationStage=NotStarted}
{"logTime": "0525/130400", "correlationVector":"pYLpmN5LO+Juq2Ubdixoh8","action":"Normal GetUpdate request", "result":"", "context":cV=pYLpmN5LO+Juq2Ubdixoh8
Notified types: History}
{"logTime": "0525/130400", "correlationVector":"pYLpmN5LO+Juq2Ubdixoh8.1","action":"SyncServerConnectionManagerRequest", "result":"SYNC_SERVER_OK", "context":{"environment":"Prod_southeastasia_prod-s01-065-apac-southeastasia", "migrationStage":"NotStarted", "server":"akswtt00100000i"}}
{"logTime": "0525/130400", "correlationVector":"pYLpmN5LO+Juq2Ubdixoh8.2","action":"ProcessGetUpdates", "result":"Done", "context":{"dataType":"Sessions", "deleted":"0", "process_failed_to_decrypt":"0", "process_pending_decryption":"0", "process_success":"1", "total":"1"}}
{"logTime": "0525/130400", "correlationVector":"pYLpmN5LO+Juq2Ubdixoh8.3","action":"ProcessGetUpdates", "result":"Done", "context":{"dataType":"History", "deleted":"0", "process_failed_to_decrypt":"0", "process_pending_decryption":"0", "process_success":"14", "total":"14"}}
{"logTime": "0525/130400", "correlationVector":"pYLpmN5LO+Juq2Ubdixoh8.4","action":"GetUpdates Response", "result":"Success", "context":Received 15 update(s). cV=pYLpmN5LO+Juq2Ubdixoh8.0;server=akswtt00100000i;cloudType=Consumer;environment=Prod_southeastasia_prod-s01-065-apac-southeastasia;migrationStage=NotStarted}
{"logTime": "0525/130425", "correlationVector":"jFnWaQZjfhE8yxk9EzRgYF","action":"Normal GetUpdate request", "result":"", "context":cV=jFnWaQZjfhE8yxk9EzRgYF
Notified types: History}
{"logTime": "0525/130425", "correlationVector":"jFnWaQZjfhE8yxk9EzRgYF.1","action":"SyncServerConnectionManagerRequest", "result":"SYNC_SERVER_OK", "context":{"environment":"Prod_southeastasia_prod-s01-065-apac-southeastasia", "migrationStage":"NotStarted", "server":"akswtt001000002"}}
{"logTime": "0525/130425", "correlationVector":"jFnWaQZjfhE8yxk9EzRgYF.2","action":"ProcessGetUpdates", "result":"Done", "context":{"dataType":"Sessions", "deleted":"0", "process_failed_to_decrypt":"0", "process_pending_decryption":"0", "process_success":"1", "total":"1"}}
{"logTime": "0525/130425", "correlationVector":"jFnWaQZjfhE8yxk9EzRgYF.3","action":"ProcessGetUpdates", "result":"Done", "context":{"dataType":"History", "deleted":"0", "process_failed_to_decrypt":"0", "process_pending_decryption":"0", "process_success":"3", "total":"3"}}
{"logTime": "0525/130425", "correlationVector":"jFnWaQZjfhE8yxk9EzRgYF.4","action":"GetUpdates Response", "result":"Success", "context":Received 4 update(s). cV=jFnWaQZjfhE8yxk9EzRgYF.0;server=akswtt001000002;cloudType=Consumer;environment=Prod_southeastasia_prod-s01-065-apac-southeastasia;migrationStage=NotStarted}
{"logTime": "0525/130625", "correlationVector":"M1eiVDtSGjQaDPhd9UQirh","action":"Normal GetUpdate request", "result":"", "context":cV=M1eiVDtSGjQaDPhd9UQirh
Notified types: History}
{"logTime": "0525/130626", "correlationVector":"M1eiVDtSGjQaDPhd9UQirh.1","action":"SyncServerConnectionManagerRequest", "result":"SYNC_SERVER_OK", "context":{"environment":"Prod_southeastasia_prod-s01-065-apac-southeastasia", "migrationStage":"NotStarted", "server":"akswtt00100000c"}}
{"logTime": "0525/130626", "correlationVector":"M1eiVDtSGjQaDPhd9UQirh.2","action":"ProcessGetUpdates", "result":"Done", "context":{"dataType":"Sessions", "deleted":"0", "process_failed_to_decrypt":"0", "process_pending_decryption":"0", "process_success":"3", "total":"3"}}
{"logTime": "0525/130626", "correlationVector":"M1eiVDtSGjQaDPhd9UQirh.3","action":"ProcessGetUpdates", "result":"Done", "context":{"dataType":"History", "deleted":"0", "process_failed_to_decrypt":"0", "process_pending_decryption":"0", "process_success":"9", "total":"9"}}
{"logTime": "0525/130626", "correlationVector":"M1eiVDtSGjQaDPhd9UQirh.4","action":"GetUpdates Response", "result":"Success", "context":Received 12 update(s). cV=M1eiVDtSGjQaDPhd9UQirh.0;server=akswtt00100000c;cloudType=Consumer;environment=Prod_southeastasia_prod-s01-065-apac-southeastasia;migrationStage=NotStarted}
{"logTime": "0526/012423", "correlationVector":"WufckNWGN0pa8qDUK8gA9f.1","action":"SyncServerConnectionManagerRequest", "result":"SYNC_SERVER_OK", "context":{"environment":"Prod_southeastasia_prod-s01-065-apac-southeastasia", "migrationStage":"NotStarted", "server":"akswtt001000010"}}
{"logTime": "0526/012423", "correlationVector":"WufckNWGN0pa8qDUK8gA9f.2","action":"ProcessGetUpdates", "result":"Done", "context":{"dataType":"Encryption Keys", "deleted":"0", "process_failed_to_decrypt":"0", "process_pending_decryption":"0", "process_success":"1", "total":"1"}}
{"logTime": "0526/012424", "correlationVector":"0G833/1kDTzxFrEf5f/dx8","action":"SyncServerConnectionManagerRequest", "result":"SYNC_SERVER_OK", "context":{"environment":"", "migrationStage":"", "server":""}}
{"logTime": "0526/012424", "correlationVector":"0G833/1kDTzxFrEf5f/dx8.0","action":"EncryptionKeysFetcher.DownloadKeys:", "result":"Success", "context":Key count: 9, Last key timestamp: 2026-03-07T13:47:01Z}
{"logTime": "0526/012424", "correlationVector":"0G833/1kDTzxFrEf5f/dx8.1","action":"EncryptionKeysManager::SetEncryptionKeys:", "result":"Success", "context":Key names[9]:[LBQI7ekhOqwVi5Vhr2PDS0PTAr6sGiHDw3XIZncQUK+n/OdatKJgRbSKi1bjz64pfZg7yJeymaNPQappvAzVeQ==][3MKjtgCimgc12/S17C/77LOj4NP7+NorSshqBppLwMHhwZJAB+VBWm3oawVP5eDKm1rEbRQjlpMOknxNxLlaRg==][fjGALh5zzsgxcNHkWhfFWUTIP8IxhDyNL11FiGKgxBEIYlpBmTazieDaEvMBGru0P835sDiWSwaivM822E9wfA==][vWm+yvcbmXtvUDETPVgMkLuC22ieKKRGjTVR0u8fFk9+vWtAVXhY8fXC8WgU15A6cgF830ey5X5mGA/1UmrTwQ==][KytIvHsz5JkXZIM8ekTd8EqMp4iUoX4XYDjQ9mO9TozhNnMxkAy4QHjKbC/jHVTzBwffFqGniurgR+R5pByGRg==][vLBU7GVwS9AD0iiFj8w1xg/9FJ16tjM43MXtQJeuqaUfFhcPBuYvGy4xXOv2nEVLDjR50rXsdtg1yk7LUgfW0w==][7HkfFI9cQmHEfJ8gX8KF7mFPr5nxY0OcqGJQZecDgKcPZ3h/8efkUI4JPOe1PrZ1ucbrbFUqIRx8CkoygRvWwQ==][cRkuqLKa6md9Ey4DsLfB4UfL8QpknUjS8Slj5LqhFmtM3ovrwebkG3x1ku8IkHVbM2vmG9r8xz+5mbqBUpRIMQ==][9C95N05LlDJmsJn/woD4dPuuNgrPB6dtxjgXCeG+HFGH2yBeqTUH70Ah21rPCLakpRlKcg7GdlAnier7ub9M1g==]}
{"logTime": "0526/012424", "correlationVector":"0G833/1kDTzxFrEf5f/dx8.2","action":"EncryptionKeysManager::SetEncryptionKeysWithTimestamps:", "result":"Success", "context":Key timestamps[9]:[2021-07-22T01:31:07Z][2022-06-25T02:18:23Z][2023-04-29T05:53:56Z][2023-10-27T08:43:16Z][2024-04-25T07:31:10Z][2024-10-23T13:34:08Z][2025-04-21T20:20:25Z][2025-10-18T23:51:05Z][2026-03-07T13:47:01Z]}
{"logTime": "0526/012424", "correlationVector":"WufckNWGN0pa8qDUK8gA9f","action":"Initial GetUpdates", "result":"", "context":Reason: NEW_CLIENT. cV=WufckNWGN0pa8qDUK8gA9f}
{"logTime": "0526/012424", "correlationVector":"WufckNWGN0pa8qDUK8gA9f.3","action":"GetUpdates Response", "result":"Success", "context":Received 1 update(s). cV=WufckNWGN0pa8qDUK8gA9f.0;server=akswtt001000010;cloudType=Consumer;environment=Prod_southeastasia_prod-s01-065-apac-southeastasia;migrationStage=NotStarted}
{"logTime": "0526/012424", "correlationVector":"a98mQ3qsa9mKeRm1RnNCHf","action":"Initial GetUpdates", "result":"", "context":Reason: NEWLY_SUPPORTED_DATATYPE. cV=a98mQ3qsa9mKeRm1RnNCHf}
{"logTime": "0526/012425", "correlationVector":"a98mQ3qsa9mKeRm1RnNCHf.1","action":"SyncServerConnectionManagerRequest", "result":"SYNC_SERVER_OK", "context":{"environment":"Prod_southeastasia_prod-s01-065-apac-southeastasia", "migrationStage":"NotStarted", "server":"akswtt00100000c"}}
{"logTime": "0526/012425", "correlationVector":"a98mQ3qsa9mKeRm1RnNCHf.2","action":"ProcessGetUpdates", "result":"Done", "context":{"dataType":"Passwords", "deleted":"4", "process_failed_to_decrypt":"0", "process_pending_decryption":"0", "process_success":"86", "total":"86"}}
{"logTime": "0526/012425", "correlationVector":"a98mQ3qsa9mKeRm1RnNCHf.3","action":"GetUpdates Response", "result":"Success", "context":Received 86 update(s). cV=a98mQ3qsa9mKeRm1RnNCHf.0;server=akswtt00100000c;cloudType=Consumer;environment=Prod_southeastasia_prod-s01-065-apac-southeastasia;migrationStage=NotStarted}
{"logTime": "0526/012426", "correlationVector":"n36oWrjQog9NtF9gEdSV0S","action":"Normal GetUpdate request", "result":"", "context":cV=n36oWrjQog9NtF9gEdSV0S
Nudged types: Sessions, History
Refresh requested types: Bookmarks, Preferences, Passwords, Autofill Profiles, Autofill, Extensions, Sessions, Extension settings, History Delete Directives, Device Info, User Consents, Send Tab To Self, Web Apps, History, Saved Tab Group, WebAuthn Credentials, Collection, Edge E Drop, Edge Hub App Usage, Edge Wallet, Edge Workspace, Encryption Keys}
{"logTime": "0526/012427", "correlationVector":"n36oWrjQog9NtF9gEdSV0S.1","action":"SyncServerConnectionManagerRequest", "result":"SYNC_SERVER_OK", "context":{"environment":"Prod_southeastasia_prod-s01-065-apac-southeastasia", "migrationStage":"NotStarted", "server":"akswtt001000009"}}
{"logTime": "0526/012427", "correlationVector":"n36oWrjQog9NtF9gEdSV0S.2","action":"ProcessGetUpdates", "result":"Done", "context":{"dataType":"Preferences", "deleted":"0", "process_failed_to_decrypt":"0", "process_pending_decryption":"0", "process_success":"1", "total":"1"}}
{"logTime": "0526/012427", "correlationVector":"n36oWrjQog9NtF9gEdSV0S.3","action":"ProcessGetUpdates", "result":"Done", "context":{"dataType":"Autofill", "deleted":"0", "process_failed_to_decrypt":"0", "process_pending_decryption":"0", "process_success":"7", "total":"7"}}
{"logTime": "0526/012427", "correlationVector":"n36oWrjQog9NtF9gEdSV0S.4","action":"ProcessGetUpdates", "result":"Done", "context":{"dataType":"Sessions", "deleted":"1", "process_failed_to_decrypt":"0", "process_pending_decryption":"0", "process_success":"5", "total":"5"}}
{"logTime": "0526/012427", "correlationVector":"n36oWrjQog9NtF9gEdSV0S.5","action":"ProcessGetUpdates", "result":"Done", "context":{"dataType":"History", "deleted":"0", "process_failed_to_decrypt":"0", "process_pending_decryption":"0", "process_success":"250", "total":"250"}}
{"logTime": "0526/012427", "correlationVector":"n36oWrjQog9NtF9gEdSV0S.6","action":"GetUpdates Response", "result":"Success", "context":Received 263 update(s). cV=n36oWrjQog9NtF9gEdSV0S.0;server=akswtt001000009;cloudType=Consumer;environment=Prod_southeastasia_prod-s01-065-apac-southeastasia;migrationStage=NotStarted Some updates remain.}
{"logTime": "0526/012427", "correlationVector":"FAwKRwxdYu1ZrspxybHp86","action":"Normal GetUpdate request", "result":"", "context":cV=FAwKRwxdYu1ZrspxybHp86
Nudged types: Sessions, History
Refresh requested types: Bookmarks, Preferences, Passwords, Autofill Profiles, Autofill, Extensions, Sessions, Extension settings, History Delete Directives, Device Info, User Consents, Send Tab To Self, Web Apps, History, Saved Tab Group, WebAuthn Credentials, Collection, Edge E Drop, Edge Hub App Usage, Edge Wallet, Edge Workspace, Encryption Keys}
{"logTime": "0526/012428", "correlationVector":"FAwKRwxdYu1ZrspxybHp86.1","action":"SyncServerConnectionManagerRequest", "result":"SYNC_SERVER_OK", "context":{"environment":"Prod_southeastasia_prod-s01-065-apac-southeastasia", "migrationStage":"NotStarted", "server":"akswtt00100000j"}}
{"logTime": "0526/012428", "correlationVector":"FAwKRwxdYu1ZrspxybHp86.2","action":"ProcessGetUpdates", "result":"Done", "context":{"dataType":"Preferences", "deleted":"0", "process_failed_to_decrypt":"0", "process_pending_decryption":"0", "process_success":"1", "total":"1"}}
{"logTime": "0526/012428", "correlationVector":"FAwKRwxdYu1ZrspxybHp86.3","action":"ProcessGetUpdates", "result":"Done", "context":{"dataType":"Autofill", "deleted":"0", "process_failed_to_decrypt":"0", "process_pending_decryption":"0", "process_success":"9", "total":"9"}}
{"logTime": "0526/012428", "correlationVector":"FAwKRwxdYu1ZrspxybHp86.4","action":"ProcessGetUpdates", "result":"Done", "context":{"dataType":"Sessions", "deleted":"0", "process_failed_to_decrypt":"0", "process_pending_decryption":"0", "process_success":"1", "total":"1"}}
{"logTime": "0526/012428", "correlationVector":"FAwKRwxdYu1ZrspxybHp86.5","action":"ProcessGetUpdates", "result":"Done", "context":{"dataType":"History", "deleted":"0", "process_failed_to_decrypt":"0", "process_pending_decryption":"0", "process_success":"250", "total":"250"}}
{"logTime": "0526/012428", "correlationVector":"FAwKRwxdYu1ZrspxybHp86.6","action":"GetUpdates Response", "result":"Success", "context":Received 261 update(s). cV=FAwKRwxdYu1ZrspxybHp86.0;server=akswtt00100000j;cloudType=Consumer;environment=Prod_southeastasia_prod-s01-065-apac-southeastasia;migrationStage=NotStarted Some updates remain.}
{"logTime": "0526/012428", "correlationVector":"AEKXe8NFtiTDm5ChxatM9G","action":"Normal GetUpdate request", "result":"", "context":cV=AEKXe8NFtiTDm5ChxatM9G
Nudged types: Sessions, History
Refresh requested types: Bookmarks, Preferences, Passwords, Autofill Profiles, Autofill, Extensions, Sessions, Extension settings, History Delete Directives, Device Info, User Consents, Send Tab To Self, Web Apps, History, Saved Tab Group, WebAuthn Credentials, Collection, Edge E Drop, Edge Hub App Usage, Edge Wallet, Edge Workspace, Encryption Keys}
{"logTime": "0526/012430", "correlationVector":"AEKXe8NFtiTDm5ChxatM9G.1","action":"SyncServerConnectionManagerRequest", "result":"SYNC_SERVER_OK", "context":{"environment":"Prod_southeastasia_prod-s01-065-apac-southeastasia", "migrationStage":"NotStarted", "server":"akswtt00100000a"}}
{"logTime": "0526/012430", "correlationVector":"AEKXe8NFtiTDm5ChxatM9G.2","action":"ProcessGetUpdates", "result":"Done", "context":{"dataType":"Preferences", "deleted":"0", "process_failed_to_decrypt":"0", "process_pending_decryption":"0", "process_success":"1", "total":"1"}}
{"logTime": "0526/012430", "correlationVector":"AEKXe8NFtiTDm5ChxatM9G.3","action":"ProcessGetUpdates", "result":"Done", "context":{"dataType":"Autofill", "deleted":"0", "process_failed_to_decrypt":"0", "process_pending_decryption":"0", "process_success":"17", "total":"17"}}
{"logTime": "0526/012430", "correlationVector":"AEKXe8NFtiTDm5ChxatM9G.4","action":"ProcessGetUpdates", "result":"Done", "context":{"dataType":"Sessions", "deleted":"6", "process_failed_to_decrypt":"0", "process_pending_decryption":"0", "process_success":"9", "total":"9"}}
{"logTime": "0526/012430", "correlationVector":"AEKXe8NFtiTDm5ChxatM9G.5","action":"ProcessGetUpdates", "result":"Done", "context":{"dataType":"History", "deleted":"0", "process_failed_to_decrypt":"0", "process_pending_decryption":"0", "process_success":"250", "total":"250"}}
{"logTime": "0526/012430", "correlationVector":"AEKXe8NFtiTDm5ChxatM9G.6","action":"GetUpdates Response", "result":"Success", "context":Received 277 update(s). cV=AEKXe8NFtiTDm5ChxatM9G.0;server=akswtt00100000a;cloudType=Consumer;environment=Prod_southeastasia_prod-s01-065-apac-southeastasia;migrationStage=NotStarted Some updates remain.}
{"logTime": "0526/012430", "correlationVector":"2VhPkywCFoNOThB3PNgt9Q","action":"Normal GetUpdate request", "result":"", "context":cV=2VhPkywCFoNOThB3PNgt9Q
Nudged types: Sessions, History
Refresh requested types: Bookmarks, Preferences, Passwords, Autofill Profiles, Autofill, Extensions, Sessions, Extension settings, History Delete Directives, Device Info, User Consents, Send Tab To Self, Web Apps, History, Saved Tab Group, WebAuthn Credentials, Collection, Edge E Drop, Edge Hub App Usage, Edge Wallet, Edge Workspace, Encryption Keys}
{"logTime": "0526/012431", "correlationVector":"2VhPkywCFoNOThB3PNgt9Q.1","action":"SyncServerConnectionManagerRequest", "result":"SYNC_SERVER_OK", "context":{"environment":"Prod_southeastasia_prod-s01-065-apac-southeastasia", "migrationStage":"NotStarted", "server":"akswtt00100000f"}}
{"logTime": "0526/012431", "correlationVector":"2VhPkywCFoNOThB3PNgt9Q.2","action":"ProcessGetUpdates", "result":"Done", "context":{"dataType":"Preferences", "deleted":"0", "process_failed_to_decrypt":"0", "process_pending_decryption":"0", "process_success":"1", "total":"1"}}
{"logTime": "0526/012431", "correlationVector":"2VhPkywCFoNOThB3PNgt9Q.3","action":"ProcessGetUpdates", "result":"Done", "context":{"dataType":"Sessions", "deleted":"1", "process_failed_to_decrypt":"0", "process_pending_decryption":"0", "process_success":"7", "total":"7"}}
{"logTime": "0526/012431", "correlationVector":"2VhPkywCFoNOThB3PNgt9Q.4","action":"ProcessGetUpdates", "result":"Done", "context":{"dataType":"Extension settings", "deleted":"0", "process_failed_to_decrypt":"0", "process_pending_decryption":"0", "process_success":"1", "total":"1"}}
{"logTime": "0526/012431", "correlationVector":"2VhPkywCFoNOThB3PNgt9Q.5","action":"ProcessGetUpdates", "result":"Done", "context":{"dataType":"Device Info", "deleted":"0", "process_failed_to_decrypt":"0", "process_pending_decryption":"0", "process_success":"1", "total":"1"}}
{"logTime": "0526/012431", "correlationVector":"2VhPkywCFoNOThB3PNgt9Q.6","action":"ProcessGetUpdates", "result":"Done", "context":{"dataType":"History", "deleted":"0", "process_failed_to_decrypt":"0", "process_pending_decryption":"0", "process_success":"72", "total":"72"}}
{"logTime": "0526/012431", "correlationVector":"2VhPkywCFoNOThB3PNgt9Q.7","action":"ProcessGetUpdates", "result":"Done", "context":{"dataType":"Saved Tab Group", "deleted":"0", "process_failed_to_decrypt":"0", "process_pending_decryption":"0", "process_success":"11", "total":"11"}}
{"logTime": "0526/012431", "correlationVector":"2VhPkywCFoNOThB3PNgt9Q.8","action":"GetUpdates Response", "result":"Success", "context":Received 93 update(s). cV=2VhPkywCFoNOThB3PNgt9Q.0;server=akswtt00100000f;cloudType=Consumer;environment=Prod_southeastasia_prod-s01-065-apac-southeastasia;migrationStage=NotStarted}
{"logTime": "0526/012431", "correlationVector":"bJS3x8alVAqUiQC3YVfCyM","action":"Commit Request", "result":"", "context":Item count: 1
Contributing types: History}
{"logTime": "0526/012432", "correlationVector":"bJS3x8alVAqUiQC3YVfCyM.1","action":"SyncServerConnectionManagerRequest", "result":"SYNC_SERVER_OK", "context":{"environment":"Prod_southeastasia_prod-s01-065-apac-southeastasia", "migrationStage":"NotStarted", "server":"akswtt00100000s"}}
{"logTime": "0526/012432", "correlationVector":"bJS3x8alVAqUiQC3YVfCyM.2","action":"Commit Response", "result":"Success", "context":Result: Success. cV=bJS3x8alVAqUiQC3YVfCyM.0;server=akswtt00100000s;cloudType=Consumer;environment=Prod_southeastasia_prod-s01-065-apac-southeastasia;migrationStage=NotStarted}
{"logTime": "0526/012432", "correlationVector":"Pf7gL99+At1y11hXxIzLQr","action":"Poll GetUpdate request", "result":"", "context":cV=Pf7gL99+At1y11hXxIzLQr}
{"logTime": "0526/012436", "correlationVector":"Pf7gL99+At1y11hXxIzLQr.1","action":"SyncServerConnectionManagerRequest", "result":"SYNC_SERVER_OK", "context":{"environment":"Prod_southeastasia_prod-s01-065-apac-southeastasia", "migrationStage":"NotStarted", "server":"akswtt001000000"}}
{"logTime": "0526/012436", "correlationVector":"Pf7gL99+At1y11hXxIzLQr.2","action":"ProcessGetUpdates", "result":"Done", "context":{"dataType":"History", "deleted":"0", "process_failed_to_decrypt":"0", "process_pending_decryption":"0", "process_success":"1", "total":"1"}}
{"logTime": "0526/012436", "correlationVector":"Pf7gL99+At1y11hXxIzLQr.3","action":"GetUpdates Response", "result":"Success", "context":Received 1 update(s). cV=Pf7gL99+At1y11hXxIzLQr.0;server=akswtt001000000;cloudType=Consumer;environment=Prod_southeastasia_prod-s01-065-apac-southeastasia;migrationStage=NotStarted}
{"logTime": "0526/012532", "correlationVector":"/8bUv7Nap0zXM86iAfAxW4","action":"Commit Request", "result":"", "context":Item count: 4
Contributing types: Sessions, History}
{"logTime": "0526/012534", "correlationVector":"/8bUv7Nap0zXM86iAfAxW4.1","action":"SyncServerConnectionManagerRequest", "result":"SYNC_SERVER_OK", "context":{"environment":"Prod_southeastasia_prod-s01-065-apac-southeastasia", "migrationStage":"NotStarted", "server":"akswtt001000007"}}
{"logTime": "0526/012534", "correlationVector":"/8bUv7Nap0zXM86iAfAxW4.2","action":"Commit Response", "result":"Success", "context":Result: Success. cV=/8bUv7Nap0zXM86iAfAxW4.0;server=akswtt001000007;cloudType=Consumer;environment=Prod_southeastasia_prod-s01-065-apac-southeastasia;migrationStage=NotStarted}
{"logTime": "0526/012650", "correlationVector":"gutRYzJRjA0DliQIRJNq/J","action":"Commit Request", "result":"", "context":Item count: 1
Contributing types: Sessions}
{"logTime": "0526/012651", "correlationVector":"gutRYzJRjA0DliQIRJNq/J.1","action":"SyncServerConnectionManagerRequest", "result":"SYNC_SERVER_OK", "context":{"environment":"Prod_southeastasia_prod-s01-065-apac-southeastasia", "migrationStage":"NotStarted", "server":"akswtt00100000f"}}
{"logTime": "0526/012651", "correlationVector":"gutRYzJRjA0DliQIRJNq/J.2","action":"Commit Response", "result":"Success", "context":Result: Success. cV=gutRYzJRjA0DliQIRJNq/J.0;server=akswtt00100000f;cloudType=Consumer;environment=Prod_southeastasia_prod-s01-065-apac-southeastasia;migrationStage=NotStarted}
{"logTime": "0526/012724", "correlationVector":"l+RyoOokpS2FldHIr97nJc","action":"Commit Request", "result":"", "context":Item count: 2
Contributing types: Passwords, Sessions}
{"logTime": "0526/012726", "correlationVector":"l+RyoOokpS2FldHIr97nJc.1","action":"SyncServerConnectionManagerRequest", "result":"SYNC_SERVER_OK", "context":{"environment":"Prod_southeastasia_prod-s01-065-apac-southeastasia", "migrationStage":"NotStarted", "server":"akswtt00100000g"}}
{"logTime": "0526/012726", "correlationVector":"l+RyoOokpS2FldHIr97nJc.2","action":"Commit Response", "result":"Success", "context":Result: Success. cV=l+RyoOokpS2FldHIr97nJc.0;server=akswtt00100000g;cloudType=Consumer;environment=Prod_southeastasia_prod-s01-065-apac-southeastasia;migrationStage=NotStarted}
{"logTime": "0526/012918", "correlationVector":"AAJao69SsMVRU3Znc17OY/","action":"Commit Request", "result":"", "context":Item count: 1
Contributing types: Sessions}
{"logTime": "0526/012920", "correlationVector":"AAJao69SsMVRU3Znc17OY/.1","action":"SyncServerConnectionManagerRequest", "result":"SYNC_SERVER_OK", "context":{"environment":"Prod_southeastasia_prod-s01-064-apac-southeastasia", "migrationStage":"NotStarted", "server":"akswtt00100000v"}}
{"logTime": "0526/012920", "correlationVector":"AAJao69SsMVRU3Znc17OY/.2","action":"Commit Response", "result":"Success", "context":Result: Success. cV=AAJao69SsMVRU3Znc17OY/.0;server=akswtt00100000v;cloudType=Consumer;environment=Prod_southeastasia_prod-s01-064-apac-southeastasia;migrationStage=NotStarted}
{"logTime": "0526/015319", "correlationVector":"nENC4+OFnpYMmMNgDN/AwN","action":"Commit Request", "result":"", "context":Item count: 7
Contributing types: Sessions, History}
{"logTime": "0526/015319", "correlationVector":"nENC4+OFnpYMmMNgDN/AwN.1","action":"SyncServerConnectionManagerRequest", "result":"SYNC_AUTH_ERROR", "context":{"environment":"Prod_southeastasia_prod-s01-065-apac-southeastasia", "migrationStage":"NotStarted", "server":"akswtt00100000q"}}
{"logTime": "0526/015319", "correlationVector":"nENC4+OFnpYMmMNgDN/AwN.2","action":"Commit Response", "result":"HTTP error (401)", "context":Result: HTTP error (401). cV=nENC4+OFnpYMmMNgDN/AwN.0;server=akswtt00100000q;cloudType=Undetermined;environment=Prod_southeastasia_prod-s01-065-apac-southeastasia;migrationStage=NotStarted}
{"logTime": "0526/015320", "correlationVector":"JjV/vKr99k/US6OfxttGbi","action":"Commit Request", "result":"", "context":Item count: 7
Contributing types: Sessions, History}
{"logTime": "0526/015321", "correlationVector":"JjV/vKr99k/US6OfxttGbi.1","action":"SyncServerConnectionManagerRequest", "result":"SYNC_SERVER_OK", "context":{"environment":"Prod_southeastasia_prod-s01-065-apac-southeastasia", "migrationStage":"NotStarted", "server":"akswtt00100000a"}}
{"logTime": "0526/015321", "correlationVector":"JjV/vKr99k/US6OfxttGbi.2","action":"Commit Response", "result":"Success", "context":Result: Success. cV=JjV/vKr99k/US6OfxttGbi.0;server=akswtt00100000a;cloudType=Consumer;environment=Prod_southeastasia_prod-s01-065-apac-southeastasia;migrationStage=NotStarted}
{"logTime": "0526/015602", "correlationVector":"52OdA5dtUiOIs5I/lLNg8V","action":"Commit Request", "result":"", "context":Item count: 7
Contributing types: Sessions, History}
{"logTime": "0526/015610", "correlationVector":"52OdA5dtUiOIs5I/lLNg8V.1","action":"SyncServerConnectionManagerRequest", "result":"SYNC_SERVER_OK", "context":{"environment":"Prod_southeastasia_prod-s01-064-apac-southeastasia", "migrationStage":"NotStarted", "server":"akswtt00100000i"}}
{"logTime": "0526/015610", "correlationVector":"52OdA5dtUiOIs5I/lLNg8V.2","action":"Commit Response", "result":"Success", "context":Result: Success. cV=52OdA5dtUiOIs5I/lLNg8V.0;server=akswtt00100000i;cloudType=Consumer;environment=Prod_southeastasia_prod-s01-064-apac-southeastasia;migrationStage=NotStarted}
{"logTime": "0526/024306", "correlationVector":"dq8lhjE8JUSArSsCqg00No","action":"Commit Request", "result":"", "context":Item count: 1
Contributing types: Sessions}
{"logTime": "0526/024310", "correlationVector":"dq8lhjE8JUSArSsCqg00No.1","action":"SyncServerConnectionManagerRequest", "result":"SYNC_SERVER_OK", "context":{"environment":"Prod_southeastasia_prod-s01-064-apac-southeastasia", "migrationStage":"NotStarted", "server":"akswtt001000009"}}
{"logTime": "0526/024310", "correlationVector":"dq8lhjE8JUSArSsCqg00No.2","action":"Commit Response", "result":"Success", "context":Result: Success. cV=dq8lhjE8JUSArSsCqg00No.0;server=akswtt001000009;cloudType=Consumer;environment=Prod_southeastasia_prod-s01-064-apac-southeastasia;migrationStage=NotStarted}
