2026-05-15 11:49:09.638: [INFO][Sync] Reset engine, reason: 8
2026-05-15 11:49:09.638: [INFO][Sync] Stopped: Bookmarks
2026-05-15 11:49:09.638: [INFO][Sync] Stopped: Preferences
2026-05-15 11:49:09.638: [INFO][Sync] Stopped: Passwords
2026-05-15 11:49:09.638: [INFO][Sync] Stopped: Autofill Profiles
2026-05-15 11:49:09.638: [INFO][Sync] Stopped: Autofill
2026-05-15 11:49:09.638: [INFO][Sync] Stopped: Extensions
2026-05-15 11:49:09.638: [INFO][Sync] Stopped: Sessions
2026-05-15 11:49:09.638: [INFO][Sync] Stopped: Extension settings
2026-05-15 11:49:09.639: [INFO][Sync] Stopped: History Delete Directives
2026-05-15 11:49:09.639: [INFO][Sync] Stopped: Device Info
2026-05-15 11:49:09.639: [INFO][Sync] Stopped: User Consents
2026-05-15 11:49:09.639: [INFO][Sync] Stopped: Send Tab To Self
2026-05-15 11:49:09.639: [INFO][Sync] Stopped: Web Apps
2026-05-15 11:49:09.639: [INFO][Sync] Stopped: History
2026-05-15 11:49:09.639: [INFO][Sync] Stopped: Saved Tab Group
2026-05-15 11:49:09.639: [INFO][Sync] Stopped: WebAuthn Credentials
2026-05-15 11:49:09.639: [INFO][Sync] Stopped: Collection
2026-05-15 11:49:09.639: [INFO][Sync] Stopped: Edge E Drop
2026-05-15 11:49:09.639: [INFO][Sync] Stopped: Edge Hub App Usage
2026-05-15 11:49:09.639: [INFO][Sync] Stopped: Edge Journey
2026-05-15 11:49:09.639: [INFO][Sync] Stopped: Edge Wallet
2026-05-15 11:49:09.639: [INFO][Sync] Stopped: Edge Workspace
2026-05-15 11:49:09.639: [INFO][Sync] SyncState after authenticated was: NotSignedIn
2026-05-15 11:49:10.073: [INFO][Sync] Reset engine, reason: 8
2026-05-15 11:49:10.073: [INFO][Sync] Stopped: Bookmarks
2026-05-15 11:49:10.073: [INFO][Sync] Stopped: Preferences
2026-05-15 11:49:10.073: [INFO][Sync] Stopped: Passwords
2026-05-15 11:49:10.073: [INFO][Sync] Stopped: Autofill Profiles
2026-05-15 11:49:10.073: [INFO][Sync] Stopped: Autofill
2026-05-15 11:49:10.073: [INFO][Sync] Stopped: Extensions
2026-05-15 11:49:10.073: [INFO][Sync] Stopped: Sessions
2026-05-15 11:49:10.073: [INFO][Sync] Stopped: Extension settings
2026-05-15 11:49:10.073: [INFO][Sync] Stopped: History Delete Directives
2026-05-15 11:49:10.073: [INFO][Sync] Stopped: Device Info
2026-05-15 11:49:10.073: [INFO][Sync] Stopped: User Consents
2026-05-15 11:49:10.073: [INFO][Sync] Stopped: Send Tab To Self
2026-05-15 11:49:10.073: [INFO][Sync] Stopped: Web Apps
2026-05-15 11:49:10.073: [INFO][Sync] Stopped: History
2026-05-15 11:49:10.073: [INFO][Sync] Stopped: Saved Tab Group
2026-05-15 11:49:10.073: [INFO][Sync] Stopped: WebAuthn Credentials
2026-05-15 11:49:10.073: [INFO][Sync] Stopped: Collection
2026-05-15 11:49:10.073: [INFO][Sync] Stopped: Edge E Drop
2026-05-15 11:49:10.073: [INFO][Sync] Stopped: Edge Hub App Usage
2026-05-15 11:49:10.073: [INFO][Sync] Stopped: Edge Journey
2026-05-15 11:49:10.073: [INFO][Sync] Stopped: Edge Wallet
2026-05-15 11:49:10.073: [INFO][Sync] Stopped: Edge Workspace
2026-05-15 11:49:13.579: [INFO][Sync] Try to start sync engine
2026-05-15 11:49:13.581: [INFO][SyncManagerImpl::NudgeForInitialDownload] Initial download nudge for Encryption Keys
2026-05-15 11:49:13.581: [INFO][SyncEngineBackend::LoadAndConnectNigoriController] Load and connect Nigori controller
2026-05-15 11:49:13.581: [INFO][SyncEngineBackend::DoInitialize] Control Types added: Encryption Keys
2026-05-15 11:49:13.581: [INFO][SyncManagerImpl::ConfigureSyncer] Types to download: Encryption Keys with reason: 3
2026-05-15 11:49:13.581: [INFO][SyncSchedulerImpl::DoConfigurationSyncCycleJob] Configure job was blocked
2026-05-15 11:49:13.657: [INFO][SyncAuthManager::SetLastAuthError] Current auth error: None
2026-05-15 11:49:13.657: [INFO][SyncAuthManager::EdgeLogTokenErrorState] Token error with: None for account type: MSA
2026-05-15 11:49:13.657: [INFO][Sync] Credentials changed for: EdgeSyncScopeNew
2026-05-15 11:49:14.440: [INFO][SyncAuthManager::SetLastAuthError] Current auth error: None
2026-05-15 11:49:14.440: [INFO][SyncAuthManager::EdgeLogTokenErrorState] Token error with: None for account type: MSA
2026-05-15 11:49:14.440: [INFO][Sync] Credentials changed for: EdgeSyncKeyDataScope
2026-05-15 11:49:14.440: [INFO][SyncEngineBackend::DoUpdateKeyDataCredentials] Update key data credentials
2026-05-15 11:49:14.440: [INFO][SyncEngineBackend::DoUpdateCredentials] Update credentials
2026-05-15 11:49:14.440: [INFO][SyncSchedulerImpl::DoConfigurationSyncCycleJob] Blocked types:  and types to download: Encryption Keys
2026-05-15 11:49:15.661: [INFO][Sync] Started DataTypeManager configuration, reason: 4
2026-05-15 11:49:15.661: [INFO][Sync] Configuring for: Bookmarks, Preferences, Passwords, Autofill Profiles, Autofill, Extensions, Sessions, Extension settings, History Delete Directives, Device Info, User Consents, Send Tab To Self, Web Apps, History, Saved Tab Group, WebAuthn Credentials, Collection, Edge E Drop, Edge Hub App Usage, Edge Wallet, Edge Workspace, Encryption Keys, reason: 3, current state: 0
2026-05-15 11:49:15.661: [WARN][Sync] Crypto error data types: Passwords, Autofill Profiles, Autofill
2026-05-15 11:49:15.664: [INFO][Sync] Configure, desired: Bookmarks, Preferences, Extensions, Sessions, Extension settings, History Delete Directives, Device Info, User Consents, Send Tab To Self, Web Apps, History, Saved Tab Group, WebAuthn Credentials, Collection, Edge E Drop, Edge Hub App Usage, Edge Wallet, Edge Workspace, Encryption Keys; Allow fail: Passwords, Autofill Profiles, Autofill
2026-05-15 11:49:15.664: [INFO][Sync] Loading: Bookmarks
2026-05-15 11:49:15.664: [INFO][Sync] Loading: Preferences
2026-05-15 11:49:15.664: [INFO][Sync] Loading: Extensions
2026-05-15 11:49:15.664: [INFO][Sync] Loading: Sessions
2026-05-15 11:49:15.664: [INFO][Sync] Loading: Extension settings
2026-05-15 11:49:15.664: [INFO][Sync] Loading: History Delete Directives
2026-05-15 11:49:15.664: [INFO][Sync] Loading: Device Info
2026-05-15 11:49:15.664: [INFO][Sync] Loading: User Consents
2026-05-15 11:49:15.664: [INFO][Sync] Loading: Send Tab To Self
2026-05-15 11:49:15.664: [INFO][Sync] Loading: Web Apps
2026-05-15 11:49:15.664: [INFO][Sync] Loading: History
2026-05-15 11:49:15.664: [INFO][Sync] Loading: Saved Tab Group
2026-05-15 11:49:15.664: [INFO][Sync] Loading: WebAuthn Credentials
2026-05-15 11:49:15.664: [INFO][Sync] Loading: Collection
2026-05-15 11:49:15.664: [INFO][Sync] Loading: Edge E Drop
2026-05-15 11:49:15.664: [INFO][Sync] Loading: Edge Hub App Usage
2026-05-15 11:49:15.664: [INFO][Sync] Loading: Edge Wallet
2026-05-15 11:49:15.664: [INFO][Sync] Loading: Edge Workspace
2026-05-15 11:49:15.672: [INFO][Sync] All data types are ready for configure.
2026-05-15 11:49:16.358: [INFO][Sync] Started DataTypeManager configuration, reason: 5
2026-05-15 11:49:16.358: [INFO][Sync] Configuring for: Bookmarks, Preferences, Passwords, Autofill Profiles, Autofill, Extensions, Sessions, Extension settings, History Delete Directives, Device Info, User Consents, Send Tab To Self, Web Apps, History, Saved Tab Group, WebAuthn Credentials, Collection, Edge E Drop, Edge Hub App Usage, Edge Wallet, Edge Workspace, Encryption Keys, reason: 5, current state: 1
2026-05-15 11:49:16.370: [INFO][SyncEngineBackend::DoStartConfiguration] Start configuration
2026-05-15 11:49:16.370: [INFO][SyncManagerImpl::NudgeForInitialDownload] Initial download nudge for Bookmarks
2026-05-15 11:49:16.370: [INFO][SyncManagerImpl::NudgeForInitialDownload] Initial download nudge for Preferences
2026-05-15 11:49:16.370: [INFO][SyncManagerImpl::NudgeForInitialDownload] Initial download nudge for Extensions
2026-05-15 11:49:16.370: [INFO][SyncManagerImpl::NudgeForInitialDownload] Initial download nudge for Sessions
2026-05-15 11:49:16.370: [INFO][SyncManagerImpl::NudgeForInitialDownload] Initial download nudge for Extension settings
2026-05-15 11:49:16.370: [INFO][SyncManagerImpl::NudgeForInitialDownload] Initial download nudge for History Delete Directives
2026-05-15 11:49:16.370: [INFO][SyncManagerImpl::NudgeForInitialDownload] Initial download nudge for Device Info
2026-05-15 11:49:16.370: [INFO][SyncManagerImpl::NudgeForInitialDownload] Initial download nudge for Send Tab To Self
2026-05-15 11:49:16.370: [INFO][SyncManagerImpl::NudgeForInitialDownload] Initial download nudge for Web Apps
2026-05-15 11:49:16.370: [INFO][SyncManagerImpl::NudgeForInitialDownload] Initial download nudge for History
2026-05-15 11:49:16.370: [INFO][SyncManagerImpl::NudgeForInitialDownload] Initial download nudge for Saved Tab Group
2026-05-15 11:49:16.370: [INFO][SyncManagerImpl::NudgeForInitialDownload] Initial download nudge for WebAuthn Credentials
2026-05-15 11:49:16.370: [INFO][SyncManagerImpl::NudgeForInitialDownload] Initial download nudge for Collection
2026-05-15 11:49:16.370: [INFO][SyncManagerImpl::NudgeForInitialDownload] Initial download nudge for Edge E Drop
2026-05-15 11:49:16.370: [INFO][SyncManagerImpl::NudgeForInitialDownload] Initial download nudge for Edge Hub App Usage
2026-05-15 11:49:16.370: [INFO][SyncManagerImpl::NudgeForInitialDownload] Initial download nudge for Edge Wallet
2026-05-15 11:49:16.370: [INFO][SyncManagerImpl::NudgeForInitialDownload] Initial download nudge for Edge Workspace
2026-05-15 11:49:16.370: [INFO][SyncManagerImpl::ConfigureSyncer] Types to download:  with reason: 3
2026-05-15 11:49:16.371: [INFO][SyncEngineBackend::DoFinishConfigureDataTypes] Failed to download types:  and succeeded types: 
2026-05-15 11:49:16.377: [INFO][Sync] ConfigurationDone, failed: , succeeded: , remaining count: 4
2026-05-15 11:49:16.377: [WARN][Sync]     Reconfigure requested while configuration ongoing.
2026-05-15 11:49:16.377: [INFO][Sync] Configuring for: Bookmarks, Preferences, Passwords, Autofill Profiles, Autofill, Extensions, Sessions, Extension settings, History Delete Directives, Device Info, User Consents, Send Tab To Self, Web Apps, History, Saved Tab Group, WebAuthn Credentials, Collection, Edge E Drop, Edge Hub App Usage, Edge Wallet, Edge Workspace, Encryption Keys, reason: 5, current state: 2
2026-05-15 11:49:16.377: [INFO][Sync] Configure, desired: Bookmarks, Preferences, Passwords, Autofill Profiles, Autofill, Extensions, Sessions, Extension settings, History Delete Directives, Device Info, User Consents, Send Tab To Self, Web Apps, History, Saved Tab Group, WebAuthn Credentials, Collection, Edge E Drop, Edge Hub App Usage, Edge Wallet, Edge Workspace, Encryption Keys; Allow fail: 
2026-05-15 11:49:16.377: [INFO][Sync] Loading: Passwords
2026-05-15 11:49:16.377: [INFO][Sync] Loading: Autofill Profiles
2026-05-15 11:49:16.377: [INFO][Sync] Loading: Autofill
2026-05-15 11:49:16.377: [INFO][Sync] All data types are ready for configure.
2026-05-15 11:49:16.377: [INFO][SyncManagerImpl::NudgeForInitialDownload] Initial download nudge for Passwords
2026-05-15 11:49:16.377: [INFO][SyncManagerImpl::NudgeForInitialDownload] Initial download nudge for Autofill Profiles
2026-05-15 11:49:16.377: [INFO][SyncManagerImpl::NudgeForInitialDownload] Initial download nudge for Autofill
2026-05-15 11:49:16.377: [INFO][SyncManagerImpl::ConfigureSyncer] Types to download:  with reason: 5
2026-05-15 11:49:16.377: [INFO][SyncEngineBackend::DoFinishConfigureDataTypes] Failed to download types:  and succeeded types: 
2026-05-15 11:49:16.378: [INFO][Sync] ConfigurationDone, failed: , succeeded: , remaining count: 4
2026-05-15 11:49:16.378: [INFO][Sync] Prepare to configure types: Preferences, Passwords, Device Info, Send Tab To Self, Edge E Drop, Encryption Keys
2026-05-15 11:49:16.378: [INFO][SyncManagerImpl::ConfigureSyncer] Types to download: Preferences, Passwords, Device Info, Send Tab To Self, Edge E Drop, Encryption Keys with reason: 5
2026-05-15 11:49:16.378: [INFO][SyncSchedulerImpl::DoConfigurationSyncCycleJob] Blocked types:  and types to download: Preferences, Passwords, Device Info, Send Tab To Self, Edge E Drop, Encryption Keys
2026-05-15 11:49:19.903: [INFO][SyncEngineBackend::DoFinishConfigureDataTypes] Failed to download types:  and succeeded types: Preferences, Passwords, Device Info, Send Tab To Self, Edge E Drop, Encryption Keys
2026-05-15 11:49:19.913: [INFO][Sync] ConfigurationDone, failed: , succeeded: Preferences, Passwords, Device Info, Send Tab To Self, Edge E Drop, Encryption Keys, remaining count: 3
2026-05-15 11:49:19.913: [INFO][Sync] Prepare to configure types: Bookmarks, Encryption Keys
2026-05-15 11:49:19.913: [INFO][SyncManagerImpl::ConfigureSyncer] Types to download: Bookmarks, Encryption Keys with reason: 5
2026-05-15 11:49:19.913: [INFO][SyncSchedulerImpl::DoConfigurationSyncCycleJob] Blocked types:  and types to download: Bookmarks, Encryption Keys
2026-05-15 11:49:20.689: [INFO][SyncEngineBackend::DoFinishConfigureDataTypes] Failed to download types:  and succeeded types: Bookmarks, Encryption Keys
2026-05-15 11:49:20.734: [INFO][Sync] ConfigurationDone, failed: , succeeded: Bookmarks, Encryption Keys, remaining count: 2
2026-05-15 11:49:20.734: [INFO][Sync] Prepare to configure types: Autofill Profiles, Autofill, Extensions, Sessions, Extension settings, History Delete Directives, Web Apps, Saved Tab Group, WebAuthn Credentials, Collection, Edge Hub App Usage, Edge Wallet, Edge Workspace, Encryption Keys
2026-05-15 11:49:20.734: [INFO][SyncManagerImpl::ConfigureSyncer] Types to download: Autofill Profiles, Autofill, Extensions, Sessions, Extension settings, History Delete Directives, Web Apps, Saved Tab Group, WebAuthn Credentials, Collection, Edge Hub App Usage, Edge Wallet, Edge Workspace, Encryption Keys with reason: 5
2026-05-15 11:49:20.734: [INFO][SyncSchedulerImpl::DoConfigurationSyncCycleJob] Blocked types:  and types to download: Autofill Profiles, Autofill, Extensions, Sessions, Extension settings, History Delete Directives, Web Apps, Saved Tab Group, WebAuthn Credentials, Collection, Edge Hub App Usage, Edge Wallet, Edge Workspace, Encryption Keys
2026-05-15 11:49:57.729: [INFO][SyncEngineBackend::DoFinishConfigureDataTypes] Failed to download types:  and succeeded types: Autofill Profiles, Autofill, Extensions, Sessions, Extension settings, History Delete Directives, Web Apps, Saved Tab Group, WebAuthn Credentials, Collection, Edge Hub App Usage, Edge Wallet, Edge Workspace, Encryption Keys
2026-05-15 11:49:57.733: [INFO][Sync] ConfigurationDone, failed: , succeeded: Autofill Profiles, Autofill, Extensions, Sessions, Extension settings, History Delete Directives, Web Apps, Saved Tab Group, WebAuthn Credentials, Collection, Edge Hub App Usage, Edge Wallet, Edge Workspace, Encryption Keys, remaining count: 1
2026-05-15 11:49:57.738: [INFO][Sync] Prepare to configure types: History, Encryption Keys
2026-05-15 11:49:57.738: [INFO][SyncManagerImpl::ConfigureSyncer] Types to download: History, Encryption Keys with reason: 5
2026-05-15 11:49:57.738: [INFO][SyncSchedulerImpl::DoConfigurationSyncCycleJob] Blocked types:  and types to download: History, Encryption Keys
2026-05-15 11:50:55.228: [INFO][SyncEngineBackend::DoFinishConfigureDataTypes] Failed to download types:  and succeeded types: History, Encryption Keys
2026-05-15 11:50:55.235: [INFO][Sync] ConfigurationDone, failed: , succeeded: History, Encryption Keys, remaining count: 0
2026-05-15 11:50:55.245: [INFO][Sync]     Configuration completed, state: 7
2026-05-15 11:50:55.245: [INFO][Sync] Configured DataTypeManager: Ok
2026-05-15 11:50:55.255: [INFO][SyncEngineBackend::DoStartSyncing] Start syncing
2026-05-15 11:56:16.214: [INFO][Sync] Reset engine, reason: 0
2026-05-15 11:56:16.214: [INFO][Sync] Reset engine with reason: 0
2026-05-15 11:59:33.051: [INFO][Sync] SyncState after authenticated was: FeatureCanStart
2026-05-15 11:59:33.666: [INFO][SyncAuthManager::SetLastAuthError] Current auth error: None
2026-05-15 11:59:33.666: [INFO][SyncAuthManager::EdgeLogTokenErrorState] Token error with: None for account type: MSA
2026-05-15 11:59:33.666: [INFO][Sync] Credentials changed for: EdgeSyncKeyDataScope
2026-05-15 11:59:43.211: [INFO][Sync] Try to start sync engine
2026-05-15 11:59:43.212: [INFO][SyncManagerImpl::NudgeForInitialDownload] Initial download nudge for Encryption Keys
2026-05-15 11:59:43.212: [INFO][SyncEngineBackend::LoadAndConnectNigoriController] Load and connect Nigori controller
2026-05-15 11:59:43.212: [INFO][SyncEngineBackend::DoInitialize] Control Types added: Encryption Keys
2026-05-15 11:59:43.212: [INFO][SyncManagerImpl::ConfigureSyncer] Types to download: Encryption Keys with reason: 3
2026-05-15 11:59:43.212: [INFO][SyncEngineBackend::DoUpdateKeyDataCredentials] Update key data credentials
2026-05-15 11:59:43.212: [INFO][SyncSchedulerImpl::DoConfigurationSyncCycleJob] Configure job was blocked
2026-05-15 11:59:43.219: [INFO][SyncAuthManager::SetLastAuthError] Current auth error: None
2026-05-15 11:59:43.219: [INFO][SyncAuthManager::EdgeLogTokenErrorState] Token error with: None for account type: MSA
2026-05-15 11:59:43.219: [INFO][Sync] Credentials changed for: EdgeSyncScopeNew
2026-05-15 11:59:43.219: [INFO][SyncEngineBackend::DoUpdateCredentials] Update credentials
2026-05-15 11:59:43.219: [INFO][SyncEngineBackend::DoUpdateKeyDataCredentials] Update key data credentials
2026-05-15 11:59:43.219: [INFO][SyncSchedulerImpl::DoConfigurationSyncCycleJob] Blocked types:  and types to download: Encryption Keys
2026-05-15 11:59:43.820: [INFO][Sync] Started DataTypeManager configuration, reason: 4
2026-05-15 11:59:43.820: [INFO][Sync] Configuring for: Bookmarks, Preferences, Passwords, Autofill Profiles, Autofill, Extensions, Sessions, Extension settings, History Delete Directives, Device Info, User Consents, Send Tab To Self, Web Apps, History, Saved Tab Group, WebAuthn Credentials, Collection, Edge E Drop, Edge Hub App Usage, Edge Wallet, Edge Workspace, Encryption Keys, reason: 4, current state: 0
2026-05-15 11:59:43.820: [WARN][Sync] Crypto error data types: Passwords, Autofill Profiles, Autofill
2026-05-15 11:59:43.828: [INFO][Sync] Configure, desired: Bookmarks, Preferences, Extensions, Sessions, Extension settings, History Delete Directives, Device Info, User Consents, Send Tab To Self, Web Apps, History, Saved Tab Group, WebAuthn Credentials, Collection, Edge E Drop, Edge Hub App Usage, Edge Wallet, Edge Workspace, Encryption Keys; Allow fail: Passwords, Autofill Profiles, Autofill
2026-05-15 11:59:43.828: [INFO][Sync] Loading: Bookmarks
2026-05-15 11:59:43.828: [INFO][Sync] Loading: Preferences
2026-05-15 11:59:43.828: [INFO][Sync] Loading: Extensions
2026-05-15 11:59:43.828: [INFO][Sync] Loading: Sessions
2026-05-15 11:59:43.828: [INFO][Sync] Loading: Extension settings
2026-05-15 11:59:43.828: [INFO][Sync] Loading: History Delete Directives
2026-05-15 11:59:43.828: [INFO][Sync] Loading: Device Info
2026-05-15 11:59:43.828: [INFO][Sync] Loading: User Consents
2026-05-15 11:59:43.828: [INFO][Sync] Loading: Send Tab To Self
2026-05-15 11:59:43.828: [INFO][Sync] Loading: Web Apps
2026-05-15 11:59:43.828: [INFO][Sync] Loading: History
2026-05-15 11:59:43.828: [INFO][Sync] Loading: Saved Tab Group
2026-05-15 11:59:43.828: [INFO][Sync] Loading: WebAuthn Credentials
2026-05-15 11:59:43.828: [INFO][Sync] Loading: Collection
2026-05-15 11:59:43.828: [INFO][Sync] Loading: Edge E Drop
2026-05-15 11:59:43.828: [INFO][Sync] Loading: Edge Hub App Usage
2026-05-15 11:59:43.828: [INFO][Sync] Loading: Edge Wallet
2026-05-15 11:59:43.828: [INFO][Sync] Loading: Edge Workspace
2026-05-15 11:59:43.843: [INFO][Sync] All data types are ready for configure.
2026-05-15 11:59:44.206: [INFO][Sync] Connection status changed to: 2
2026-05-15 11:59:44.206: [INFO][SyncEngineBackend::DoStartConfiguration] Start configuration
2026-05-15 11:59:44.206: [INFO][SyncManagerImpl::ConfigureSyncer] Types to download:  with reason: 4
2026-05-15 11:59:44.206: [INFO][SyncEngineBackend::DoFinishConfigureDataTypes] Failed to download types:  and succeeded types: 
2026-05-15 11:59:44.218: [INFO][Sync] ConfigurationDone, failed: , succeeded: , remaining count: 4
2026-05-15 11:59:44.218: [INFO][SyncManagerImpl::ConfigureSyncer] Types to download:  with reason: 4
2026-05-15 11:59:44.219: [INFO][SyncEngineBackend::DoFinishConfigureDataTypes] Failed to download types:  and succeeded types: 
2026-05-15 11:59:44.219: [INFO][Sync] ConfigurationDone, failed: , succeeded: , remaining count: 3
2026-05-15 11:59:44.219: [INFO][SyncManagerImpl::ConfigureSyncer] Types to download:  with reason: 4
2026-05-15 11:59:44.219: [INFO][SyncEngineBackend::DoFinishConfigureDataTypes] Failed to download types:  and succeeded types: 
2026-05-15 11:59:44.227: [INFO][Sync] ConfigurationDone, failed: , succeeded: , remaining count: 2
2026-05-15 11:59:44.227: [INFO][SyncManagerImpl::ConfigureSyncer] Types to download:  with reason: 4
2026-05-15 11:59:44.227: [INFO][SyncEngineBackend::DoFinishConfigureDataTypes] Failed to download types:  and succeeded types: 
2026-05-15 11:59:44.227: [INFO][Sync] ConfigurationDone, failed: , succeeded: , remaining count: 1
2026-05-15 11:59:44.243: [INFO][SyncManagerImpl::ConfigureSyncer] Types to download:  with reason: 4
2026-05-15 11:59:44.243: [INFO][SyncEngineBackend::DoFinishConfigureDataTypes] Failed to download types:  and succeeded types: 
2026-05-15 11:59:44.245: [INFO][Sync] ConfigurationDone, failed: , succeeded: , remaining count: 0
2026-05-15 11:59:44.256: [INFO][Sync]     Configuration completed, state: 3
2026-05-15 11:59:44.257: [INFO][Sync] Configured DataTypeManager: Ok
2026-05-15 11:59:44.274: [INFO][SyncEngineBackend::DoStartSyncing] Start syncing
2026-05-15 11:59:44.296: [INFO][SyncAuthManager::SetLastAuthError] Current auth error: None
2026-05-15 11:59:44.297: [INFO][SyncAuthManager::EdgeLogTokenErrorState] Token error with: None for account type: MSA
2026-05-15 11:59:44.297: [INFO][Sync] Credentials changed for: EdgeSyncKeyDataScope
2026-05-15 11:59:44.904: [INFO][SyncAuthManager::SetLastAuthError] Current auth error: None
2026-05-15 11:59:44.904: [INFO][SyncAuthManager::EdgeLogTokenErrorState] Token error with: None for account type: MSA
2026-05-15 11:59:44.904: [INFO][Sync] Credentials changed for: EdgeSyncScopeNew
2026-05-15 11:59:45.384: [INFO][SyncEngineBackend::DoUpdateKeyDataCredentials] Update key data credentials
2026-05-15 11:59:45.384: [INFO][Sync] Connection status changed to: 2
2026-05-15 11:59:45.384: [INFO][SyncEngineBackend::DoUpdateCredentials] Update credentials
2026-05-15 11:59:45.384: [INFO][SyncEngineBackend::DoUpdateKeyDataCredentials] Update key data credentials
2026-05-15 11:59:47.083: [INFO][SyncAuthManager::SetLastAuthError] Current auth error: None
2026-05-15 11:59:47.083: [INFO][SyncAuthManager::EdgeLogTokenErrorState] Token error with: None for account type: MSA
2026-05-15 11:59:47.083: [INFO][Sync] Credentials changed for: EdgeSyncKeyDataScope
2026-05-15 11:59:47.255: [INFO][SyncEngineBackend::DoUpdateKeyDataCredentials] Update key data credentials
2026-05-15 11:59:47.255: [INFO][Sync] Connection status changed to: 2
2026-05-15 11:59:47.311: [INFO][SyncAuthManager::SetLastAuthError] Current auth error: None
2026-05-15 11:59:47.311: [INFO][SyncAuthManager::EdgeLogTokenErrorState] Token error with: None for account type: MSA
2026-05-15 11:59:47.311: [INFO][Sync] Credentials changed for: EdgeSyncScopeNew
2026-05-15 11:59:51.863: [INFO][SyncAuthManager::SetLastAuthError] Current auth error: None
2026-05-15 11:59:51.863: [INFO][SyncAuthManager::EdgeLogTokenErrorState] Token error with: None for account type: MSA
2026-05-15 11:59:51.863: [INFO][Sync] Credentials changed for: EdgeSyncKeyDataScope
2026-05-15 11:59:51.863: [INFO][SyncEngineBackend::DoUpdateKeyDataCredentials] Update key data credentials
2026-05-15 11:59:51.863: [INFO][SyncEngineBackend::DoUpdateCredentials] Update credentials
2026-05-15 11:59:52.900: [INFO][Sync] Started DataTypeManager configuration, reason: 5
2026-05-15 11:59:52.900: [INFO][Sync] Configuring for: Bookmarks, Preferences, Passwords, Autofill Profiles, Autofill, Extensions, Sessions, Extension settings, History Delete Directives, Device Info, User Consents, Send Tab To Self, Web Apps, History, Saved Tab Group, WebAuthn Credentials, Collection, Edge E Drop, Edge Hub App Usage, Edge Wallet, Edge Workspace, Encryption Keys, reason: 5, current state: 3
2026-05-15 11:59:52.906: [INFO][Sync] Configure, desired: Bookmarks, Preferences, Passwords, Autofill Profiles, Autofill, Extensions, Sessions, Extension settings, History Delete Directives, Device Info, User Consents, Send Tab To Self, Web Apps, History, Saved Tab Group, WebAuthn Credentials, Collection, Edge E Drop, Edge Hub App Usage, Edge Wallet, Edge Workspace, Encryption Keys; Allow fail: 
2026-05-15 11:59:52.906: [INFO][Sync] Loading: Passwords
2026-05-15 11:59:52.906: [INFO][Sync] Loading: Autofill Profiles
2026-05-15 11:59:52.906: [INFO][Sync] Loading: Autofill
2026-05-15 11:59:52.908: [INFO][SyncEngineBackend::DoStartConfiguration] Start configuration
2026-05-15 11:59:52.913: [INFO][Sync] All data types are ready for configure.
2026-05-15 11:59:52.913: [INFO][SyncManagerImpl::NudgeForInitialDownload] Initial download nudge for Passwords
2026-05-15 11:59:52.913: [INFO][SyncManagerImpl::ConfigureSyncer] Types to download:  with reason: 5
2026-05-15 11:59:52.913: [INFO][SyncEngineBackend::DoFinishConfigureDataTypes] Failed to download types:  and succeeded types: 
2026-05-15 11:59:52.915: [INFO][Sync] ConfigurationDone, failed: , succeeded: , remaining count: 4
2026-05-15 11:59:52.915: [INFO][Sync] Prepare to configure types: Passwords, Encryption Keys
2026-05-15 11:59:52.915: [INFO][SyncManagerImpl::ConfigureSyncer] Types to download: Passwords, Encryption Keys with reason: 5
2026-05-15 11:59:52.915: [INFO][SyncSchedulerImpl::DoConfigurationSyncCycleJob] Blocked types:  and types to download: Passwords, Encryption Keys
2026-05-15 11:59:53.293: [INFO][SyncEngineBackend::DoFinishConfigureDataTypes] Failed to download types:  and succeeded types: Passwords, Encryption Keys
2026-05-15 11:59:53.300: [INFO][Sync] ConfigurationDone, failed: , succeeded: Passwords, Encryption Keys, remaining count: 3
2026-05-15 11:59:53.300: [INFO][SyncManagerImpl::ConfigureSyncer] Types to download:  with reason: 5
2026-05-15 11:59:53.300: [INFO][SyncEngineBackend::DoFinishConfigureDataTypes] Failed to download types:  and succeeded types: 
2026-05-15 11:59:53.300: [INFO][Sync] ConfigurationDone, failed: , succeeded: , remaining count: 2
2026-05-15 11:59:53.300: [INFO][SyncManagerImpl::ConfigureSyncer] Types to download:  with reason: 5
2026-05-15 11:59:53.300: [INFO][SyncEngineBackend::DoFinishConfigureDataTypes] Failed to download types:  and succeeded types: 
2026-05-15 11:59:53.300: [INFO][Sync] ConfigurationDone, failed: , succeeded: , remaining count: 1
2026-05-15 11:59:53.306: [INFO][SyncManagerImpl::ConfigureSyncer] Types to download:  with reason: 5
2026-05-15 11:59:53.306: [INFO][SyncEngineBackend::DoFinishConfigureDataTypes] Failed to download types:  and succeeded types: 
2026-05-15 11:59:53.314: [INFO][Sync] ConfigurationDone, failed: , succeeded: , remaining count: 0
2026-05-15 11:59:53.319: [INFO][Sync]     Configuration completed, state: 3
2026-05-15 11:59:53.320: [INFO][Sync] Configured DataTypeManager: Ok
2026-05-15 11:59:53.326: [INFO][SyncEngineBackend::DoStartSyncing] Start syncing
2026-05-15 12:01:07.599: [INFO][Sync] Reset engine, reason: 0
2026-05-15 12:01:07.599: [INFO][Sync] Reset engine with reason: 0
2026-05-16 05:10:05.754: [INFO][Sync] Reset engine, reason: 8
2026-05-16 05:10:05.754: [INFO][Sync] Stopped: Bookmarks
2026-05-16 05:10:05.754: [INFO][Sync] Stopped: Preferences
2026-05-16 05:10:05.754: [INFO][Sync] Stopped: Passwords
2026-05-16 05:10:05.754: [INFO][Sync] Stopped: Autofill Profiles
2026-05-16 05:10:05.754: [INFO][Sync] Stopped: Autofill
2026-05-16 05:10:05.754: [INFO][Sync] Stopped: Extensions
2026-05-16 05:10:05.754: [INFO][Sync] Stopped: Sessions
2026-05-16 05:10:05.754: [INFO][Sync] Stopped: Extension settings
2026-05-16 05:10:05.754: [INFO][Sync] Stopped: History Delete Directives
2026-05-16 05:10:05.754: [INFO][Sync] Stopped: Device Info
2026-05-16 05:10:05.754: [INFO][Sync] Stopped: User Consents
2026-05-16 05:10:05.754: [INFO][Sync] Stopped: Send Tab To Self
2026-05-16 05:10:05.754: [INFO][Sync] Stopped: Web Apps
2026-05-16 05:10:05.754: [INFO][Sync] Stopped: History
2026-05-16 05:10:05.754: [INFO][Sync] Stopped: Saved Tab Group
2026-05-16 05:10:05.754: [INFO][Sync] Stopped: WebAuthn Credentials
2026-05-16 05:10:05.754: [INFO][Sync] Stopped: Collection
2026-05-16 05:10:05.754: [INFO][Sync] Stopped: Edge E Drop
2026-05-16 05:10:05.754: [INFO][Sync] Stopped: Edge Hub App Usage
2026-05-16 05:10:05.754: [INFO][Sync] Stopped: Edge Journey
2026-05-16 05:10:05.754: [INFO][Sync] Stopped: Edge Wallet
2026-05-16 05:10:05.754: [INFO][Sync] Stopped: Edge Workspace
2026-05-16 05:10:05.755: [INFO][Sync] SyncState after authenticated was: NotSignedIn
2026-05-16 05:10:06.226: [INFO][Sync] Reset engine, reason: 8
2026-05-16 05:10:06.226: [INFO][Sync] Stopped: Bookmarks
2026-05-16 05:10:06.226: [INFO][Sync] Stopped: Preferences
2026-05-16 05:10:06.226: [INFO][Sync] Stopped: Passwords
2026-05-16 05:10:06.226: [INFO][Sync] Stopped: Autofill Profiles
2026-05-16 05:10:06.226: [INFO][Sync] Stopped: Autofill
2026-05-16 05:10:06.226: [INFO][Sync] Stopped: Extensions
2026-05-16 05:10:06.226: [INFO][Sync] Stopped: Sessions
2026-05-16 05:10:06.226: [INFO][Sync] Stopped: Extension settings
2026-05-16 05:10:06.226: [INFO][Sync] Stopped: History Delete Directives
2026-05-16 05:10:06.226: [INFO][Sync] Stopped: Device Info
2026-05-16 05:10:06.226: [INFO][Sync] Stopped: User Consents
2026-05-16 05:10:06.226: [INFO][Sync] Stopped: Send Tab To Self
2026-05-16 05:10:06.226: [INFO][Sync] Stopped: Web Apps
2026-05-16 05:10:06.226: [INFO][Sync] Stopped: History
2026-05-16 05:10:06.226: [INFO][Sync] Stopped: Saved Tab Group
2026-05-16 05:10:06.226: [INFO][Sync] Stopped: WebAuthn Credentials
2026-05-16 05:10:06.226: [INFO][Sync] Stopped: Collection
2026-05-16 05:10:06.226: [INFO][Sync] Stopped: Edge E Drop
2026-05-16 05:10:06.226: [INFO][Sync] Stopped: Edge Hub App Usage
2026-05-16 05:10:06.226: [INFO][Sync] Stopped: Edge Journey
2026-05-16 05:10:06.226: [INFO][Sync] Stopped: Edge Wallet
2026-05-16 05:10:06.226: [INFO][Sync] Stopped: Edge Workspace
2026-05-16 05:10:09.402: [INFO][Sync] Try to start sync engine
2026-05-16 05:10:09.404: [INFO][SyncManagerImpl::NudgeForInitialDownload] Initial download nudge for Encryption Keys
2026-05-16 05:10:09.404: [INFO][SyncEngineBackend::LoadAndConnectNigoriController] Load and connect Nigori controller
2026-05-16 05:10:09.404: [INFO][SyncEngineBackend::DoInitialize] Control Types added: Encryption Keys
2026-05-16 05:10:09.404: [INFO][SyncManagerImpl::ConfigureSyncer] Types to download: Encryption Keys with reason: 3
2026-05-16 05:10:09.404: [INFO][SyncSchedulerImpl::DoConfigurationSyncCycleJob] Configure job was blocked
2026-05-16 05:10:09.530: [INFO][SyncAuthManager::SetLastAuthError] Current auth error: None
2026-05-16 05:10:09.530: [INFO][SyncAuthManager::EdgeLogTokenErrorState] Token error with: None for account type: MSA
2026-05-16 05:10:09.530: [INFO][Sync] Credentials changed for: EdgeSyncScopeNew
2026-05-16 05:10:10.528: [INFO][SyncAuthManager::SetLastAuthError] Current auth error: None
2026-05-16 05:10:10.528: [INFO][SyncAuthManager::EdgeLogTokenErrorState] Token error with: None for account type: MSA
2026-05-16 05:10:10.528: [INFO][Sync] Credentials changed for: EdgeSyncKeyDataScope
2026-05-16 05:10:10.528: [INFO][SyncEngineBackend::DoUpdateKeyDataCredentials] Update key data credentials
2026-05-16 05:10:10.528: [INFO][SyncEngineBackend::DoUpdateCredentials] Update credentials
2026-05-16 05:10:10.529: [INFO][SyncSchedulerImpl::DoConfigurationSyncCycleJob] Blocked types:  and types to download: Encryption Keys
2026-05-16 05:10:11.400: [INFO][Sync] Started DataTypeManager configuration, reason: 4
2026-05-16 05:10:11.400: [INFO][Sync] Configuring for: Bookmarks, Preferences, Passwords, Autofill Profiles, Autofill, Extensions, Sessions, Extension settings, History Delete Directives, Device Info, User Consents, Send Tab To Self, Web Apps, History, Saved Tab Group, WebAuthn Credentials, Collection, Edge E Drop, Edge Hub App Usage, Edge Wallet, Edge Workspace, Encryption Keys, reason: 4, current state: 0
2026-05-16 05:10:11.401: [WARN][Sync] Crypto error data types: Passwords, Autofill Profiles, Autofill
2026-05-16 05:10:11.419: [INFO][Sync] Configure, desired: Bookmarks, Preferences, Extensions, Sessions, Extension settings, History Delete Directives, Device Info, User Consents, Send Tab To Self, Web Apps, History, Saved Tab Group, WebAuthn Credentials, Collection, Edge E Drop, Edge Hub App Usage, Edge Wallet, Edge Workspace, Encryption Keys; Allow fail: Passwords, Autofill Profiles, Autofill
2026-05-16 05:10:11.419: [INFO][Sync] Loading: Bookmarks
2026-05-16 05:10:11.419: [INFO][Sync] Loading: Preferences
2026-05-16 05:10:11.419: [INFO][Sync] Loading: Extensions
2026-05-16 05:10:11.419: [INFO][Sync] Loading: Sessions
2026-05-16 05:10:11.419: [INFO][Sync] Loading: Extension settings
2026-05-16 05:10:11.419: [INFO][Sync] Loading: History Delete Directives
2026-05-16 05:10:11.419: [INFO][Sync] Loading: Device Info
2026-05-16 05:10:11.419: [INFO][Sync] Loading: User Consents
2026-05-16 05:10:11.419: [INFO][Sync] Loading: Send Tab To Self
2026-05-16 05:10:11.419: [INFO][Sync] Loading: Web Apps
2026-05-16 05:10:11.419: [INFO][Sync] Loading: History
2026-05-16 05:10:11.419: [INFO][Sync] Loading: Saved Tab Group
2026-05-16 05:10:11.419: [INFO][Sync] Loading: WebAuthn Credentials
2026-05-16 05:10:11.419: [INFO][Sync] Loading: Collection
2026-05-16 05:10:11.419: [INFO][Sync] Loading: Edge E Drop
2026-05-16 05:10:11.419: [INFO][Sync] Loading: Edge Hub App Usage
2026-05-16 05:10:11.419: [INFO][Sync] Loading: Edge Wallet
2026-05-16 05:10:11.419: [INFO][Sync] Loading: Edge Workspace
2026-05-16 05:10:11.494: [INFO][Sync] All data types are ready for configure.
2026-05-16 05:10:11.902: [INFO][Sync] Started DataTypeManager configuration, reason: 5
2026-05-16 05:10:11.902: [INFO][Sync] Configuring for: Bookmarks, Preferences, Passwords, Autofill Profiles, Autofill, Extensions, Sessions, Extension settings, History Delete Directives, Device Info, User Consents, Send Tab To Self, Web Apps, History, Saved Tab Group, WebAuthn Credentials, Collection, Edge E Drop, Edge Hub App Usage, Edge Wallet, Edge Workspace, Encryption Keys, reason: 5, current state: 1
2026-05-16 05:10:11.957: [INFO][SyncEngineBackend::DoStartConfiguration] Start configuration
2026-05-16 05:10:11.957: [INFO][SyncManagerImpl::NudgeForInitialDownload] Initial download nudge for Bookmarks
2026-05-16 05:10:11.957: [INFO][SyncManagerImpl::NudgeForInitialDownload] Initial download nudge for Preferences
2026-05-16 05:10:11.957: [INFO][SyncManagerImpl::NudgeForInitialDownload] Initial download nudge for Extensions
2026-05-16 05:10:11.957: [INFO][SyncManagerImpl::NudgeForInitialDownload] Initial download nudge for Sessions
2026-05-16 05:10:11.957: [INFO][SyncManagerImpl::NudgeForInitialDownload] Initial download nudge for Extension settings
2026-05-16 05:10:11.957: [INFO][SyncManagerImpl::NudgeForInitialDownload] Initial download nudge for History Delete Directives
2026-05-16 05:10:11.957: [INFO][SyncManagerImpl::NudgeForInitialDownload] Initial download nudge for Device Info
2026-05-16 05:10:11.957: [INFO][SyncManagerImpl::NudgeForInitialDownload] Initial download nudge for Send Tab To Self
2026-05-16 05:10:11.957: [INFO][SyncManagerImpl::NudgeForInitialDownload] Initial download nudge for Web Apps
2026-05-16 05:10:11.957: [INFO][SyncManagerImpl::NudgeForInitialDownload] Initial download nudge for History
2026-05-16 05:10:11.957: [INFO][SyncManagerImpl::NudgeForInitialDownload] Initial download nudge for Saved Tab Group
2026-05-16 05:10:11.957: [INFO][SyncManagerImpl::NudgeForInitialDownload] Initial download nudge for WebAuthn Credentials
2026-05-16 05:10:11.957: [INFO][SyncManagerImpl::NudgeForInitialDownload] Initial download nudge for Collection
2026-05-16 05:10:11.957: [INFO][SyncManagerImpl::NudgeForInitialDownload] Initial download nudge for Edge E Drop
2026-05-16 05:10:11.958: [INFO][SyncManagerImpl::NudgeForInitialDownload] Initial download nudge for Edge Hub App Usage
2026-05-16 05:10:11.958: [INFO][SyncManagerImpl::NudgeForInitialDownload] Initial download nudge for Edge Wallet
2026-05-16 05:10:11.958: [INFO][SyncManagerImpl::NudgeForInitialDownload] Initial download nudge for Edge Workspace
2026-05-16 05:10:11.958: [INFO][SyncManagerImpl::ConfigureSyncer] Types to download:  with reason: 4
2026-05-16 05:10:11.958: [INFO][SyncEngineBackend::DoFinishConfigureDataTypes] Failed to download types:  and succeeded types: 
2026-05-16 05:10:11.958: [INFO][Sync] ConfigurationDone, failed: , succeeded: , remaining count: 4
2026-05-16 05:10:11.958: [WARN][Sync]     Reconfigure requested while configuration ongoing.
2026-05-16 05:10:11.958: [INFO][Sync] Configuring for: Bookmarks, Preferences, Passwords, Autofill Profiles, Autofill, Extensions, Sessions, Extension settings, History Delete Directives, Device Info, User Consents, Send Tab To Self, Web Apps, History, Saved Tab Group, WebAuthn Credentials, Collection, Edge E Drop, Edge Hub App Usage, Edge Wallet, Edge Workspace, Encryption Keys, reason: 5, current state: 2
2026-05-16 05:10:11.958: [INFO][Sync] Configure, desired: Bookmarks, Preferences, Passwords, Autofill Profiles, Autofill, Extensions, Sessions, Extension settings, History Delete Directives, Device Info, User Consents, Send Tab To Self, Web Apps, History, Saved Tab Group, WebAuthn Credentials, Collection, Edge E Drop, Edge Hub App Usage, Edge Wallet, Edge Workspace, Encryption Keys; Allow fail: 
2026-05-16 05:10:11.958: [INFO][Sync] Loading: Passwords
2026-05-16 05:10:11.958: [INFO][Sync] Loading: Autofill Profiles
2026-05-16 05:10:11.958: [INFO][Sync] Loading: Autofill
2026-05-16 05:10:11.958: [INFO][Sync] All data types are ready for configure.
2026-05-16 05:10:11.958: [INFO][SyncManagerImpl::NudgeForInitialDownload] Initial download nudge for Passwords
2026-05-16 05:10:11.958: [INFO][SyncManagerImpl::NudgeForInitialDownload] Initial download nudge for Autofill Profiles
2026-05-16 05:10:11.958: [INFO][SyncManagerImpl::NudgeForInitialDownload] Initial download nudge for Autofill
2026-05-16 05:10:11.958: [INFO][SyncManagerImpl::ConfigureSyncer] Types to download:  with reason: 5
2026-05-16 05:10:11.958: [INFO][SyncEngineBackend::DoFinishConfigureDataTypes] Failed to download types:  and succeeded types: 
2026-05-16 05:10:11.958: [INFO][Sync] ConfigurationDone, failed: , succeeded: , remaining count: 4
2026-05-16 05:10:11.958: [INFO][Sync] Prepare to configure types: Preferences, Passwords, Device Info, Send Tab To Self, Edge E Drop, Encryption Keys
2026-05-16 05:10:11.958: [INFO][SyncManagerImpl::ConfigureSyncer] Types to download: Preferences, Passwords, Device Info, Send Tab To Self, Edge E Drop, Encryption Keys with reason: 5
2026-05-16 05:10:11.958: [INFO][SyncSchedulerImpl::DoConfigurationSyncCycleJob] Blocked types:  and types to download: Preferences, Passwords, Device Info, Send Tab To Self, Edge E Drop, Encryption Keys
2026-05-16 05:10:15.200: [INFO][SyncEngineBackend::DoFinishConfigureDataTypes] Failed to download types:  and succeeded types: Preferences, Passwords, Device Info, Send Tab To Self, Edge E Drop, Encryption Keys
2026-05-16 05:10:15.220: [INFO][Sync] ConfigurationDone, failed: , succeeded: Preferences, Passwords, Device Info, Send Tab To Self, Edge E Drop, Encryption Keys, remaining count: 3
2026-05-16 05:10:15.220: [INFO][Sync] Prepare to configure types: Bookmarks, Encryption Keys
2026-05-16 05:10:15.220: [INFO][SyncManagerImpl::ConfigureSyncer] Types to download: Bookmarks, Encryption Keys with reason: 5
2026-05-16 05:10:15.220: [INFO][SyncSchedulerImpl::DoConfigurationSyncCycleJob] Blocked types:  and types to download: Bookmarks, Encryption Keys
2026-05-16 05:10:15.963: [INFO][SyncEngineBackend::DoFinishConfigureDataTypes] Failed to download types:  and succeeded types: Bookmarks, Encryption Keys
2026-05-16 05:10:15.981: [INFO][Sync] ConfigurationDone, failed: , succeeded: Bookmarks, Encryption Keys, remaining count: 2
2026-05-16 05:10:15.981: [INFO][Sync] Prepare to configure types: Autofill Profiles, Autofill, Extensions, Sessions, Extension settings, History Delete Directives, Web Apps, Saved Tab Group, WebAuthn Credentials, Collection, Edge Hub App Usage, Edge Wallet, Edge Workspace, Encryption Keys
2026-05-16 05:10:15.981: [INFO][SyncManagerImpl::ConfigureSyncer] Types to download: Autofill Profiles, Autofill, Extensions, Sessions, Extension settings, History Delete Directives, Web Apps, Saved Tab Group, WebAuthn Credentials, Collection, Edge Hub App Usage, Edge Wallet, Edge Workspace, Encryption Keys with reason: 5
2026-05-16 05:10:15.981: [INFO][SyncSchedulerImpl::DoConfigurationSyncCycleJob] Blocked types:  and types to download: Autofill Profiles, Autofill, Extensions, Sessions, Extension settings, History Delete Directives, Web Apps, Saved Tab Group, WebAuthn Credentials, Collection, Edge Hub App Usage, Edge Wallet, Edge Workspace, Encryption Keys
2026-05-16 05:10:50.901: [INFO][SyncEngineBackend::DoFinishConfigureDataTypes] Failed to download types:  and succeeded types: Autofill Profiles, Autofill, Extensions, Sessions, Extension settings, History Delete Directives, Web Apps, Saved Tab Group, WebAuthn Credentials, Collection, Edge Hub App Usage, Edge Wallet, Edge Workspace, Encryption Keys
2026-05-16 05:10:50.916: [INFO][Sync] ConfigurationDone, failed: , succeeded: Autofill Profiles, Autofill, Extensions, Sessions, Extension settings, History Delete Directives, Web Apps, Saved Tab Group, WebAuthn Credentials, Collection, Edge Hub App Usage, Edge Wallet, Edge Workspace, Encryption Keys, remaining count: 1
2026-05-16 05:10:50.928: [INFO][Sync] Prepare to configure types: History, Encryption Keys
2026-05-16 05:10:50.928: [INFO][SyncManagerImpl::ConfigureSyncer] Types to download: History, Encryption Keys with reason: 5
2026-05-16 05:10:50.928: [INFO][SyncSchedulerImpl::DoConfigurationSyncCycleJob] Blocked types:  and types to download: History, Encryption Keys
2026-05-16 05:11:42.309: [INFO][SyncEngineBackend::DoFinishConfigureDataTypes] Failed to download types:  and succeeded types: History, Encryption Keys
2026-05-16 05:11:42.317: [INFO][Sync] ConfigurationDone, failed: , succeeded: History, Encryption Keys, remaining count: 0
2026-05-16 05:11:42.327: [INFO][Sync]     Configuration completed, state: 7
2026-05-16 05:11:42.327: [INFO][Sync] Configured DataTypeManager: Ok
2026-05-16 05:11:42.335: [INFO][SyncEngineBackend::DoStartSyncing] Start syncing
2026-05-16 05:17:11.488: [INFO][Sync] Reset engine, reason: 0
2026-05-16 05:17:11.488: [INFO][Sync] Reset engine with reason: 0
2026-05-16 05:17:53.450: [INFO][Sync] SyncState after authenticated was: FeatureCanStart
2026-05-16 05:17:55.027: [INFO][SyncAuthManager::SetLastAuthError] Current auth error: None
2026-05-16 05:17:55.027: [INFO][SyncAuthManager::EdgeLogTokenErrorState] Token error with: None for account type: MSA
2026-05-16 05:17:55.027: [INFO][Sync] Credentials changed for: EdgeSyncKeyDataScope
2026-05-16 05:18:03.614: [INFO][Sync] Try to start sync engine
2026-05-16 05:18:03.615: [INFO][SyncManagerImpl::NudgeForInitialDownload] Initial download nudge for Encryption Keys
2026-05-16 05:18:03.615: [INFO][SyncEngineBackend::LoadAndConnectNigoriController] Load and connect Nigori controller
2026-05-16 05:18:03.615: [INFO][SyncEngineBackend::DoInitialize] Control Types added: Encryption Keys
2026-05-16 05:18:03.615: [INFO][SyncManagerImpl::ConfigureSyncer] Types to download: Encryption Keys with reason: 3
2026-05-16 05:18:03.615: [INFO][SyncEngineBackend::DoUpdateKeyDataCredentials] Update key data credentials
2026-05-16 05:18:03.615: [INFO][SyncSchedulerImpl::DoConfigurationSyncCycleJob] Configure job was blocked
2026-05-16 05:18:03.622: [INFO][SyncAuthManager::SetLastAuthError] Current auth error: None
2026-05-16 05:18:03.622: [INFO][SyncAuthManager::EdgeLogTokenErrorState] Token error with: None for account type: MSA
2026-05-16 05:18:03.622: [INFO][Sync] Credentials changed for: EdgeSyncScopeNew
2026-05-16 05:18:03.622: [INFO][SyncEngineBackend::DoUpdateCredentials] Update credentials
2026-05-16 05:18:03.622: [INFO][SyncEngineBackend::DoUpdateKeyDataCredentials] Update key data credentials
2026-05-16 05:18:03.622: [INFO][SyncSchedulerImpl::DoConfigurationSyncCycleJob] Blocked types:  and types to download: Encryption Keys
2026-05-16 05:18:03.994: [INFO][Sync] Started DataTypeManager configuration, reason: 4
2026-05-16 05:18:03.994: [INFO][Sync] Configuring for: Bookmarks, Preferences, Passwords, Autofill Profiles, Autofill, Extensions, Sessions, Extension settings, History Delete Directives, Device Info, User Consents, Send Tab To Self, Web Apps, History, Saved Tab Group, WebAuthn Credentials, Collection, Edge E Drop, Edge Hub App Usage, Edge Wallet, Edge Workspace, Encryption Keys, reason: 4, current state: 0
2026-05-16 05:18:03.994: [WARN][Sync] Crypto error data types: Passwords, Autofill Profiles, Autofill
2026-05-16 05:18:04.007: [INFO][Sync] Configure, desired: Bookmarks, Preferences, Extensions, Sessions, Extension settings, History Delete Directives, Device Info, User Consents, Send Tab To Self, Web Apps, History, Saved Tab Group, WebAuthn Credentials, Collection, Edge E Drop, Edge Hub App Usage, Edge Wallet, Edge Workspace, Encryption Keys; Allow fail: Passwords, Autofill Profiles, Autofill
2026-05-16 05:18:04.007: [INFO][Sync] Loading: Bookmarks
2026-05-16 05:18:04.007: [INFO][Sync] Loading: Preferences
2026-05-16 05:18:04.008: [INFO][Sync] Loading: Extensions
2026-05-16 05:18:04.008: [INFO][Sync] Loading: Sessions
2026-05-16 05:18:04.008: [INFO][Sync] Loading: Extension settings
2026-05-16 05:18:04.008: [INFO][Sync] Loading: History Delete Directives
2026-05-16 05:18:04.008: [INFO][Sync] Loading: Device Info
2026-05-16 05:18:04.008: [INFO][Sync] Loading: User Consents
2026-05-16 05:18:04.008: [INFO][Sync] Loading: Send Tab To Self
2026-05-16 05:18:04.008: [INFO][Sync] Loading: Web Apps
2026-05-16 05:18:04.008: [INFO][Sync] Loading: History
2026-05-16 05:18:04.008: [INFO][Sync] Loading: Saved Tab Group
2026-05-16 05:18:04.008: [INFO][Sync] Loading: WebAuthn Credentials
2026-05-16 05:18:04.008: [INFO][Sync] Loading: Collection
2026-05-16 05:18:04.008: [INFO][Sync] Loading: Edge E Drop
2026-05-16 05:18:04.008: [INFO][Sync] Loading: Edge Hub App Usage
2026-05-16 05:18:04.008: [INFO][Sync] Loading: Edge Wallet
2026-05-16 05:18:04.008: [INFO][Sync] Loading: Edge Workspace
2026-05-16 05:18:04.032: [INFO][Sync] All data types are ready for configure.
2026-05-16 05:18:04.359: [INFO][Sync] Started DataTypeManager configuration, reason: 5
2026-05-16 05:18:04.360: [INFO][Sync] Configuring for: Bookmarks, Preferences, Passwords, Autofill Profiles, Autofill, Extensions, Sessions, Extension settings, History Delete Directives, Device Info, User Consents, Send Tab To Self, Web Apps, History, Saved Tab Group, WebAuthn Credentials, Collection, Edge E Drop, Edge Hub App Usage, Edge Wallet, Edge Workspace, Encryption Keys, reason: 5, current state: 1
2026-05-16 05:18:04.379: [INFO][SyncEngineBackend::DoStartConfiguration] Start configuration
2026-05-16 05:18:04.380: [INFO][SyncManagerImpl::ConfigureSyncer] Types to download:  with reason: 4
2026-05-16 05:18:04.380: [INFO][SyncEngineBackend::DoFinishConfigureDataTypes] Failed to download types:  and succeeded types: 
2026-05-16 05:18:04.381: [INFO][Sync] ConfigurationDone, failed: , succeeded: , remaining count: 4
2026-05-16 05:18:04.381: [WARN][Sync]     Reconfigure requested while configuration ongoing.
2026-05-16 05:18:04.381: [INFO][Sync] Configuring for: Bookmarks, Preferences, Passwords, Autofill Profiles, Autofill, Extensions, Sessions, Extension settings, History Delete Directives, Device Info, User Consents, Send Tab To Self, Web Apps, History, Saved Tab Group, WebAuthn Credentials, Collection, Edge E Drop, Edge Hub App Usage, Edge Wallet, Edge Workspace, Encryption Keys, reason: 5, current state: 2
2026-05-16 05:18:04.381: [INFO][Sync] Configure, desired: Bookmarks, Preferences, Passwords, Autofill Profiles, Autofill, Extensions, Sessions, Extension settings, History Delete Directives, Device Info, User Consents, Send Tab To Self, Web Apps, History, Saved Tab Group, WebAuthn Credentials, Collection, Edge E Drop, Edge Hub App Usage, Edge Wallet, Edge Workspace, Encryption Keys; Allow fail: 
2026-05-16 05:18:04.381: [INFO][Sync] Loading: Passwords
2026-05-16 05:18:04.381: [INFO][Sync] Loading: Autofill Profiles
2026-05-16 05:18:04.381: [INFO][Sync] Loading: Autofill
2026-05-16 05:18:04.381: [INFO][Sync] All data types are ready for configure.
2026-05-16 05:18:04.381: [INFO][SyncManagerImpl::NudgeForInitialDownload] Initial download nudge for Passwords
2026-05-16 05:18:04.381: [INFO][SyncManagerImpl::ConfigureSyncer] Types to download:  with reason: 5
2026-05-16 05:18:04.381: [INFO][SyncEngineBackend::DoFinishConfigureDataTypes] Failed to download types:  and succeeded types: 
2026-05-16 05:18:04.382: [INFO][Sync] ConfigurationDone, failed: , succeeded: , remaining count: 4
2026-05-16 05:18:04.382: [INFO][Sync] Prepare to configure types: Passwords, Encryption Keys
2026-05-16 05:18:04.382: [INFO][SyncManagerImpl::ConfigureSyncer] Types to download: Passwords, Encryption Keys with reason: 5
2026-05-16 05:18:04.382: [INFO][SyncSchedulerImpl::DoConfigurationSyncCycleJob] Blocked types:  and types to download: Passwords, Encryption Keys
2026-05-16 05:18:04.740: [INFO][SyncEngineBackend::DoFinishConfigureDataTypes] Failed to download types:  and succeeded types: Passwords, Encryption Keys
2026-05-16 05:18:04.754: [INFO][Sync] ConfigurationDone, failed: , succeeded: Passwords, Encryption Keys, remaining count: 3
2026-05-16 05:18:04.754: [INFO][SyncManagerImpl::ConfigureSyncer] Types to download:  with reason: 5
2026-05-16 05:18:04.754: [INFO][SyncEngineBackend::DoFinishConfigureDataTypes] Failed to download types:  and succeeded types: 
2026-05-16 05:18:04.754: [INFO][Sync] ConfigurationDone, failed: , succeeded: , remaining count: 2
2026-05-16 05:18:04.754: [INFO][SyncManagerImpl::ConfigureSyncer] Types to download:  with reason: 5
2026-05-16 05:18:04.754: [INFO][SyncEngineBackend::DoFinishConfigureDataTypes] Failed to download types:  and succeeded types: 
2026-05-16 05:18:04.761: [INFO][Sync] ConfigurationDone, failed: , succeeded: , remaining count: 1
2026-05-16 05:18:04.775: [INFO][SyncManagerImpl::ConfigureSyncer] Types to download:  with reason: 5
2026-05-16 05:18:04.775: [INFO][SyncEngineBackend::DoFinishConfigureDataTypes] Failed to download types:  and succeeded types: 
2026-05-16 05:18:04.776: [INFO][Sync] ConfigurationDone, failed: , succeeded: , remaining count: 0
2026-05-16 05:18:04.790: [INFO][Sync]     Configuration completed, state: 7
2026-05-16 05:18:04.790: [INFO][Sync] Configured DataTypeManager: Ok
2026-05-16 05:18:04.803: [INFO][SyncEngineBackend::DoStartSyncing] Start syncing
2026-05-16 05:18:56.198: [INFO][Sync] Reset engine, reason: 0
2026-05-16 05:18:56.198: [INFO][Sync] Reset engine with reason: 0
2026-05-16 05:20:12.671: [INFO][Sync] Reset engine, reason: 8
2026-05-16 05:20:12.671: [INFO][Sync] Stopped: Bookmarks
2026-05-16 05:20:12.671: [INFO][Sync] Stopped: Preferences
2026-05-16 05:20:12.671: [INFO][Sync] Stopped: Passwords
2026-05-16 05:20:12.671: [INFO][Sync] Stopped: Autofill Profiles
2026-05-16 05:20:12.671: [INFO][Sync] Stopped: Autofill
2026-05-16 05:20:12.671: [INFO][Sync] Stopped: Extensions
2026-05-16 05:20:12.671: [INFO][Sync] Stopped: Sessions
2026-05-16 05:20:12.671: [INFO][Sync] Stopped: Extension settings
2026-05-16 05:20:12.671: [INFO][Sync] Stopped: History Delete Directives
2026-05-16 05:20:12.671: [INFO][Sync] Stopped: Device Info
2026-05-16 05:20:12.671: [INFO][Sync] Stopped: User Consents
2026-05-16 05:20:12.671: [INFO][Sync] Stopped: Send Tab To Self
2026-05-16 05:20:12.671: [INFO][Sync] Stopped: Web Apps
2026-05-16 05:20:12.671: [INFO][Sync] Stopped: History
2026-05-16 05:20:12.671: [INFO][Sync] Stopped: Saved Tab Group
2026-05-16 05:20:12.671: [INFO][Sync] Stopped: WebAuthn Credentials
2026-05-16 05:20:12.671: [INFO][Sync] Stopped: Collection
2026-05-16 05:20:12.671: [INFO][Sync] Stopped: Edge E Drop
2026-05-16 05:20:12.671: [INFO][Sync] Stopped: Edge Hub App Usage
2026-05-16 05:20:12.671: [INFO][Sync] Stopped: Edge Journey
2026-05-16 05:20:12.671: [INFO][Sync] Stopped: Edge Wallet
2026-05-16 05:20:12.671: [INFO][Sync] Stopped: Edge Workspace
2026-05-16 05:20:12.671: [INFO][Sync] SyncState after authenticated was: NotSignedIn
2026-05-16 05:20:12.958: [INFO][Sync] Reset engine, reason: 8
2026-05-16 05:20:12.958: [INFO][Sync] Stopped: Bookmarks
2026-05-16 05:20:12.958: [INFO][Sync] Stopped: Preferences
2026-05-16 05:20:12.958: [INFO][Sync] Stopped: Passwords
2026-05-16 05:20:12.958: [INFO][Sync] Stopped: Autofill Profiles
2026-05-16 05:20:12.958: [INFO][Sync] Stopped: Autofill
2026-05-16 05:20:12.958: [INFO][Sync] Stopped: Extensions
2026-05-16 05:20:12.958: [INFO][Sync] Stopped: Sessions
2026-05-16 05:20:12.958: [INFO][Sync] Stopped: Extension settings
2026-05-16 05:20:12.958: [INFO][Sync] Stopped: History Delete Directives
2026-05-16 05:20:12.958: [INFO][Sync] Stopped: Device Info
2026-05-16 05:20:12.958: [INFO][Sync] Stopped: User Consents
2026-05-16 05:20:12.958: [INFO][Sync] Stopped: Send Tab To Self
2026-05-16 05:20:12.958: [INFO][Sync] Stopped: Web Apps
2026-05-16 05:20:12.958: [INFO][Sync] Stopped: History
2026-05-16 05:20:12.958: [INFO][Sync] Stopped: Saved Tab Group
2026-05-16 05:20:12.958: [INFO][Sync] Stopped: WebAuthn Credentials
2026-05-16 05:20:12.958: [INFO][Sync] Stopped: Collection
2026-05-16 05:20:12.958: [INFO][Sync] Stopped: Edge E Drop
2026-05-16 05:20:12.958: [INFO][Sync] Stopped: Edge Hub App Usage
2026-05-16 05:20:12.958: [INFO][Sync] Stopped: Edge Journey
2026-05-16 05:20:12.958: [INFO][Sync] Stopped: Edge Wallet
2026-05-16 05:20:12.958: [INFO][Sync] Stopped: Edge Workspace
2026-05-16 05:20:13.753: [INFO][Sync] Try to start sync engine
2026-05-16 05:20:13.754: [INFO][SyncManagerImpl::NudgeForInitialDownload] Initial download nudge for Encryption Keys
2026-05-16 05:20:13.754: [INFO][SyncEngineBackend::LoadAndConnectNigoriController] Load and connect Nigori controller
2026-05-16 05:20:13.754: [INFO][SyncEngineBackend::DoInitialize] Control Types added: Encryption Keys
2026-05-16 05:20:13.754: [INFO][SyncManagerImpl::ConfigureSyncer] Types to download: Encryption Keys with reason: 3
2026-05-16 05:20:13.754: [INFO][SyncSchedulerImpl::DoConfigurationSyncCycleJob] Configure job was blocked
2026-05-16 05:20:13.821: [INFO][SyncAuthManager::SetLastAuthError] Current auth error: None
2026-05-16 05:20:13.821: [INFO][SyncAuthManager::EdgeLogTokenErrorState] Token error with: None for account type: MSA
2026-05-16 05:20:13.821: [INFO][Sync] Credentials changed for: EdgeSyncScopeNew
2026-05-16 05:20:13.842: [INFO][SyncAuthManager::SetLastAuthError] Current auth error: None
2026-05-16 05:20:13.842: [INFO][SyncAuthManager::EdgeLogTokenErrorState] Token error with: None for account type: MSA
2026-05-16 05:20:13.842: [INFO][Sync] Credentials changed for: EdgeSyncKeyDataScope
2026-05-16 05:20:13.843: [INFO][SyncEngineBackend::DoUpdateKeyDataCredentials] Update key data credentials
2026-05-16 05:20:13.843: [INFO][SyncEngineBackend::DoUpdateCredentials] Update credentials
2026-05-16 05:20:13.843: [INFO][SyncSchedulerImpl::DoConfigurationSyncCycleJob] Blocked types:  and types to download: Encryption Keys
2026-05-16 05:20:14.474: [INFO][Sync] Started DataTypeManager configuration, reason: 4
2026-05-16 05:20:14.474: [INFO][Sync] Configuring for: Bookmarks, Preferences, Passwords, Autofill Profiles, Autofill, Extensions, Sessions, Extension settings, History Delete Directives, Device Info, User Consents, Send Tab To Self, Web Apps, History, Saved Tab Group, WebAuthn Credentials, Collection, Edge E Drop, Edge Hub App Usage, Edge Wallet, Edge Workspace, Encryption Keys, reason: 4, current state: 0
2026-05-16 05:20:14.474: [WARN][Sync] Crypto error data types: Passwords, Autofill Profiles, Autofill
2026-05-16 05:20:14.488: [INFO][Sync] Configure, desired: Bookmarks, Preferences, Extensions, Sessions, Extension settings, History Delete Directives, Device Info, User Consents, Send Tab To Self, Web Apps, History, Saved Tab Group, WebAuthn Credentials, Collection, Edge E Drop, Edge Hub App Usage, Edge Wallet, Edge Workspace, Encryption Keys; Allow fail: Passwords, Autofill Profiles, Autofill
2026-05-16 05:20:14.488: [INFO][Sync] Loading: Bookmarks
2026-05-16 05:20:14.488: [INFO][Sync] Loading: Preferences
2026-05-16 05:20:14.488: [INFO][Sync] Loading: Extensions
2026-05-16 05:20:14.488: [INFO][Sync] Loading: Sessions
2026-05-16 05:20:14.488: [INFO][Sync] Loading: Extension settings
2026-05-16 05:20:14.488: [INFO][Sync] Loading: History Delete Directives
2026-05-16 05:20:14.488: [INFO][Sync] Loading: Device Info
2026-05-16 05:20:14.488: [INFO][Sync] Loading: User Consents
2026-05-16 05:20:14.488: [INFO][Sync] Loading: Send Tab To Self
2026-05-16 05:20:14.488: [INFO][Sync] Loading: Web Apps
2026-05-16 05:20:14.488: [INFO][Sync] Loading: History
2026-05-16 05:20:14.488: [INFO][Sync] Loading: Saved Tab Group
2026-05-16 05:20:14.488: [INFO][Sync] Loading: WebAuthn Credentials
2026-05-16 05:20:14.488: [INFO][Sync] Loading: Collection
2026-05-16 05:20:14.488: [INFO][Sync] Loading: Edge E Drop
2026-05-16 05:20:14.488: [INFO][Sync] Loading: Edge Hub App Usage
2026-05-16 05:20:14.488: [INFO][Sync] Loading: Edge Wallet
2026-05-16 05:20:14.488: [INFO][Sync] Loading: Edge Workspace
2026-05-16 05:20:14.529: [INFO][Sync] All data types are ready for configure.
2026-05-16 05:20:15.429: [INFO][Sync] Started DataTypeManager configuration, reason: 5
2026-05-16 05:20:15.429: [INFO][Sync] Configuring for: Bookmarks, Preferences, Passwords, Autofill Profiles, Autofill, Extensions, Sessions, Extension settings, History Delete Directives, Device Info, User Consents, Send Tab To Self, Web Apps, History, Saved Tab Group, WebAuthn Credentials, Collection, Edge E Drop, Edge Hub App Usage, Edge Wallet, Edge Workspace, Encryption Keys, reason: 5, current state: 1
2026-05-16 05:20:15.444: [INFO][SyncEngineBackend::DoStartConfiguration] Start configuration
2026-05-16 05:20:15.444: [INFO][SyncManagerImpl::NudgeForInitialDownload] Initial download nudge for Bookmarks
2026-05-16 05:20:15.444: [INFO][SyncManagerImpl::NudgeForInitialDownload] Initial download nudge for Preferences
2026-05-16 05:20:15.444: [INFO][SyncManagerImpl::NudgeForInitialDownload] Initial download nudge for Extensions
2026-05-16 05:20:15.444: [INFO][SyncManagerImpl::NudgeForInitialDownload] Initial download nudge for Sessions
2026-05-16 05:20:15.444: [INFO][SyncManagerImpl::NudgeForInitialDownload] Initial download nudge for Extension settings
2026-05-16 05:20:15.444: [INFO][SyncManagerImpl::NudgeForInitialDownload] Initial download nudge for History Delete Directives
2026-05-16 05:20:15.444: [INFO][SyncManagerImpl::NudgeForInitialDownload] Initial download nudge for Device Info
2026-05-16 05:20:15.444: [INFO][SyncManagerImpl::NudgeForInitialDownload] Initial download nudge for Send Tab To Self
2026-05-16 05:20:15.444: [INFO][SyncManagerImpl::NudgeForInitialDownload] Initial download nudge for Web Apps
2026-05-16 05:20:15.444: [INFO][SyncManagerImpl::NudgeForInitialDownload] Initial download nudge for History
2026-05-16 05:20:15.444: [INFO][SyncManagerImpl::NudgeForInitialDownload] Initial download nudge for Saved Tab Group
2026-05-16 05:20:15.444: [INFO][SyncManagerImpl::NudgeForInitialDownload] Initial download nudge for WebAuthn Credentials
2026-05-16 05:20:15.444: [INFO][SyncManagerImpl::NudgeForInitialDownload] Initial download nudge for Collection
2026-05-16 05:20:15.444: [INFO][SyncManagerImpl::NudgeForInitialDownload] Initial download nudge for Edge E Drop
2026-05-16 05:20:15.444: [INFO][SyncManagerImpl::NudgeForInitialDownload] Initial download nudge for Edge Hub App Usage
2026-05-16 05:20:15.444: [INFO][SyncManagerImpl::NudgeForInitialDownload] Initial download nudge for Edge Wallet
2026-05-16 05:20:15.444: [INFO][SyncManagerImpl::NudgeForInitialDownload] Initial download nudge for Edge Workspace
2026-05-16 05:20:15.444: [INFO][SyncManagerImpl::ConfigureSyncer] Types to download:  with reason: 4
2026-05-16 05:20:15.444: [INFO][SyncEngineBackend::DoFinishConfigureDataTypes] Failed to download types:  and succeeded types: 
2026-05-16 05:20:15.451: [INFO][Sync] ConfigurationDone, failed: , succeeded: , remaining count: 4
2026-05-16 05:20:15.451: [WARN][Sync]     Reconfigure requested while configuration ongoing.
2026-05-16 05:20:15.451: [INFO][Sync] Configuring for: Bookmarks, Preferences, Passwords, Autofill Profiles, Autofill, Extensions, Sessions, Extension settings, History Delete Directives, Device Info, User Consents, Send Tab To Self, Web Apps, History, Saved Tab Group, WebAuthn Credentials, Collection, Edge E Drop, Edge Hub App Usage, Edge Wallet, Edge Workspace, Encryption Keys, reason: 5, current state: 2
2026-05-16 05:20:15.451: [INFO][Sync] Configure, desired: Bookmarks, Preferences, Passwords, Autofill Profiles, Autofill, Extensions, Sessions, Extension settings, History Delete Directives, Device Info, User Consents, Send Tab To Self, Web Apps, History, Saved Tab Group, WebAuthn Credentials, Collection, Edge E Drop, Edge Hub App Usage, Edge Wallet, Edge Workspace, Encryption Keys; Allow fail: 
2026-05-16 05:20:15.451: [INFO][Sync] Loading: Passwords
2026-05-16 05:20:15.451: [INFO][Sync] Loading: Autofill Profiles
2026-05-16 05:20:15.451: [INFO][Sync] Loading: Autofill
2026-05-16 05:20:15.453: [INFO][Sync] All data types are ready for configure.
2026-05-16 05:20:15.453: [INFO][SyncManagerImpl::NudgeForInitialDownload] Initial download nudge for Passwords
2026-05-16 05:20:15.453: [INFO][SyncManagerImpl::NudgeForInitialDownload] Initial download nudge for Autofill Profiles
2026-05-16 05:20:15.453: [INFO][SyncManagerImpl::NudgeForInitialDownload] Initial download nudge for Autofill
2026-05-16 05:20:15.453: [INFO][SyncManagerImpl::ConfigureSyncer] Types to download:  with reason: 5
2026-05-16 05:20:15.453: [INFO][SyncEngineBackend::DoFinishConfigureDataTypes] Failed to download types:  and succeeded types: 
2026-05-16 05:20:15.461: [INFO][Sync] ConfigurationDone, failed: , succeeded: , remaining count: 4
2026-05-16 05:20:15.462: [INFO][Sync] Prepare to configure types: Preferences, Passwords, Device Info, Send Tab To Self, Edge E Drop, Encryption Keys
2026-05-16 05:20:15.462: [INFO][SyncManagerImpl::ConfigureSyncer] Types to download: Preferences, Passwords, Device Info, Send Tab To Self, Edge E Drop, Encryption Keys with reason: 5
2026-05-16 05:20:15.462: [INFO][SyncSchedulerImpl::DoConfigurationSyncCycleJob] Blocked types:  and types to download: Preferences, Passwords, Device Info, Send Tab To Self, Edge E Drop, Encryption Keys
2026-05-16 05:20:16.052: [INFO][SyncEngineBackend::DoFinishConfigureDataTypes] Failed to download types:  and succeeded types: Preferences, Passwords, Device Info, Send Tab To Self, Edge E Drop, Encryption Keys
2026-05-16 05:20:16.065: [INFO][Sync] ConfigurationDone, failed: , succeeded: Preferences, Passwords, Device Info, Send Tab To Self, Edge E Drop, Encryption Keys, remaining count: 3
2026-05-16 05:20:16.066: [INFO][Sync] Prepare to configure types: Bookmarks, Encryption Keys
2026-05-16 05:20:16.066: [INFO][SyncManagerImpl::ConfigureSyncer] Types to download: Bookmarks, Encryption Keys with reason: 5
2026-05-16 05:20:16.066: [INFO][SyncSchedulerImpl::DoConfigurationSyncCycleJob] Blocked types:  and types to download: Bookmarks, Encryption Keys
2026-05-16 05:20:16.354: [INFO][SyncEngineBackend::DoFinishConfigureDataTypes] Failed to download types:  and succeeded types: Bookmarks, Encryption Keys
2026-05-16 05:20:16.368: [INFO][Sync] ConfigurationDone, failed: , succeeded: Bookmarks, Encryption Keys, remaining count: 2
2026-05-16 05:20:16.368: [INFO][Sync] Prepare to configure types: Autofill Profiles, Autofill, Extensions, Sessions, Extension settings, History Delete Directives, Web Apps, Saved Tab Group, WebAuthn Credentials, Collection, Edge Hub App Usage, Edge Wallet, Edge Workspace, Encryption Keys
2026-05-16 05:20:16.368: [INFO][SyncManagerImpl::ConfigureSyncer] Types to download: Autofill Profiles, Autofill, Extensions, Sessions, Extension settings, History Delete Directives, Web Apps, Saved Tab Group, WebAuthn Credentials, Collection, Edge Hub App Usage, Edge Wallet, Edge Workspace, Encryption Keys with reason: 5
2026-05-16 05:20:16.368: [INFO][SyncSchedulerImpl::DoConfigurationSyncCycleJob] Blocked types:  and types to download: Autofill Profiles, Autofill, Extensions, Sessions, Extension settings, History Delete Directives, Web Apps, Saved Tab Group, WebAuthn Credentials, Collection, Edge Hub App Usage, Edge Wallet, Edge Workspace, Encryption Keys
2026-05-16 05:20:29.619: [INFO][SyncEngineBackend::DoFinishConfigureDataTypes] Failed to download types:  and succeeded types: Autofill Profiles, Autofill, Extensions, Sessions, Extension settings, History Delete Directives, Web Apps, Saved Tab Group, WebAuthn Credentials, Collection, Edge Hub App Usage, Edge Wallet, Edge Workspace, Encryption Keys
2026-05-16 05:20:29.629: [INFO][Sync] ConfigurationDone, failed: , succeeded: Autofill Profiles, Autofill, Extensions, Sessions, Extension settings, History Delete Directives, Web Apps, Saved Tab Group, WebAuthn Credentials, Collection, Edge Hub App Usage, Edge Wallet, Edge Workspace, Encryption Keys, remaining count: 1
2026-05-16 05:20:29.636: [INFO][Sync] Prepare to configure types: History, Encryption Keys
2026-05-16 05:20:29.636: [INFO][SyncManagerImpl::ConfigureSyncer] Types to download: History, Encryption Keys with reason: 5
2026-05-16 05:20:29.636: [INFO][SyncSchedulerImpl::DoConfigurationSyncCycleJob] Blocked types:  and types to download: History, Encryption Keys
2026-05-16 05:21:03.705: [INFO][SyncEngineBackend::DoFinishConfigureDataTypes] Failed to download types:  and succeeded types: History, Encryption Keys
2026-05-16 05:21:03.712: [INFO][Sync] ConfigurationDone, failed: , succeeded: History, Encryption Keys, remaining count: 0
2026-05-16 05:21:03.718: [INFO][Sync]     Configuration completed, state: 7
2026-05-16 05:21:03.718: [INFO][Sync] Configured DataTypeManager: Ok
2026-05-16 05:21:03.723: [INFO][SyncEngineBackend::DoStartSyncing] Start syncing
2026-05-16 06:06:55.304: [INFO][Sync] Reset engine, reason: 0
2026-05-16 06:06:55.304: [INFO][Sync] Reset engine with reason: 0
2026-05-19 09:01:53.062: [INFO][Sync] SyncState after authenticated was: FeatureCanStart
2026-05-19 09:01:54.849: [INFO][SyncAuthManager::SetLastAuthError] Current auth error: None
2026-05-19 09:01:54.849: [INFO][SyncAuthManager::EdgeLogTokenErrorState] Token error with: None for account type: MSA
2026-05-19 09:01:54.849: [INFO][Sync] Credentials changed for: EdgeSyncKeyDataScope
2026-05-19 09:02:03.384: [INFO][Sync] Try to start sync engine
2026-05-19 09:02:03.385: [INFO][SyncManagerImpl::NudgeForInitialDownload] Initial download nudge for Encryption Keys
2026-05-19 09:02:03.385: [INFO][SyncEngineBackend::LoadAndConnectNigoriController] Load and connect Nigori controller
2026-05-19 09:02:03.385: [INFO][SyncEngineBackend::DoInitialize] Control Types added: Encryption Keys
2026-05-19 09:02:03.385: [INFO][SyncManagerImpl::ConfigureSyncer] Types to download: Encryption Keys with reason: 3
2026-05-19 09:02:03.385: [INFO][SyncEngineBackend::DoUpdateKeyDataCredentials] Update key data credentials
2026-05-19 09:02:03.385: [INFO][SyncSchedulerImpl::DoConfigurationSyncCycleJob] Configure job was blocked
2026-05-19 09:02:03.398: [INFO][SyncAuthManager::SetLastAuthError] Current auth error: None
2026-05-19 09:02:03.398: [INFO][SyncAuthManager::EdgeLogTokenErrorState] Token error with: None for account type: MSA
2026-05-19 09:02:03.398: [INFO][Sync] Credentials changed for: EdgeSyncScopeNew
2026-05-19 09:02:03.399: [INFO][SyncEngineBackend::DoUpdateCredentials] Update credentials
2026-05-19 09:02:03.399: [INFO][SyncSchedulerImpl::DoConfigurationSyncCycleJob] Blocked types:  and types to download: Encryption Keys
2026-05-19 09:02:11.226: [INFO][SyncEngineBackend::DoUpdateKeyDataCredentials] Update key data credentials
2026-05-19 09:02:11.331: [INFO][Sync] Started DataTypeManager configuration, reason: 4
2026-05-19 09:02:11.331: [INFO][Sync] Configuring for: Bookmarks, Preferences, Passwords, Autofill Profiles, Autofill, Extensions, Sessions, Extension settings, History Delete Directives, Device Info, User Consents, Send Tab To Self, Web Apps, History, Saved Tab Group, WebAuthn Credentials, Collection, Edge E Drop, Edge Hub App Usage, Edge Wallet, Edge Workspace, Encryption Keys, reason: 4, current state: 0
2026-05-19 09:02:11.331: [WARN][Sync] Crypto error data types: Passwords, Autofill Profiles, Autofill
2026-05-19 09:02:11.353: [INFO][Sync] Configure, desired: Bookmarks, Preferences, Extensions, Sessions, Extension settings, History Delete Directives, Device Info, User Consents, Send Tab To Self, Web Apps, History, Saved Tab Group, WebAuthn Credentials, Collection, Edge E Drop, Edge Hub App Usage, Edge Wallet, Edge Workspace, Encryption Keys; Allow fail: Passwords, Autofill Profiles, Autofill
2026-05-19 09:02:11.354: [INFO][Sync] Loading: Bookmarks
2026-05-19 09:02:11.354: [INFO][Sync] Loading: Preferences
2026-05-19 09:02:11.354: [INFO][Sync] Loading: Extensions
2026-05-19 09:02:11.354: [INFO][Sync] Loading: Sessions
2026-05-19 09:02:11.354: [INFO][Sync] Loading: Extension settings
2026-05-19 09:02:11.354: [INFO][Sync] Loading: History Delete Directives
2026-05-19 09:02:11.354: [INFO][Sync] Loading: Device Info
2026-05-19 09:02:11.354: [INFO][Sync] Loading: User Consents
2026-05-19 09:02:11.354: [INFO][Sync] Loading: Send Tab To Self
2026-05-19 09:02:11.354: [INFO][Sync] Loading: Web Apps
2026-05-19 09:02:11.354: [INFO][Sync] Loading: History
2026-05-19 09:02:11.354: [INFO][Sync] Loading: Saved Tab Group
2026-05-19 09:02:11.354: [INFO][Sync] Loading: WebAuthn Credentials
2026-05-19 09:02:11.354: [INFO][Sync] Loading: Collection
2026-05-19 09:02:11.354: [INFO][Sync] Loading: Edge E Drop
2026-05-19 09:02:11.354: [INFO][Sync] Loading: Edge Hub App Usage
2026-05-19 09:02:11.354: [INFO][Sync] Loading: Edge Wallet
2026-05-19 09:02:11.354: [INFO][Sync] Loading: Edge Workspace
2026-05-19 09:02:11.388: [INFO][Sync] All data types are ready for configure.
2026-05-19 09:02:11.969: [INFO][Sync] Started DataTypeManager configuration, reason: 5
2026-05-19 09:02:11.969: [INFO][Sync] Configuring for: Bookmarks, Preferences, Passwords, Autofill Profiles, Autofill, Extensions, Sessions, Extension settings, History Delete Directives, Device Info, User Consents, Send Tab To Self, Web Apps, History, Saved Tab Group, WebAuthn Credentials, Collection, Edge E Drop, Edge Hub App Usage, Edge Wallet, Edge Workspace, Encryption Keys, reason: 5, current state: 1
2026-05-19 09:02:11.991: [INFO][SyncEngineBackend::DoStartConfiguration] Start configuration
2026-05-19 09:02:11.991: [INFO][SyncManagerImpl::ConfigureSyncer] Types to download:  with reason: 4
2026-05-19 09:02:11.991: [INFO][SyncEngineBackend::DoFinishConfigureDataTypes] Failed to download types:  and succeeded types: 
2026-05-19 09:02:11.992: [INFO][Sync] ConfigurationDone, failed: , succeeded: , remaining count: 4
2026-05-19 09:02:11.992: [WARN][Sync]     Reconfigure requested while configuration ongoing.
2026-05-19 09:02:11.992: [INFO][Sync] Configuring for: Bookmarks, Preferences, Passwords, Autofill Profiles, Autofill, Extensions, Sessions, Extension settings, History Delete Directives, Device Info, User Consents, Send Tab To Self, Web Apps, History, Saved Tab Group, WebAuthn Credentials, Collection, Edge E Drop, Edge Hub App Usage, Edge Wallet, Edge Workspace, Encryption Keys, reason: 5, current state: 2
2026-05-19 09:02:11.992: [INFO][Sync] Configure, desired: Bookmarks, Preferences, Passwords, Autofill Profiles, Autofill, Extensions, Sessions, Extension settings, History Delete Directives, Device Info, User Consents, Send Tab To Self, Web Apps, History, Saved Tab Group, WebAuthn Credentials, Collection, Edge E Drop, Edge Hub App Usage, Edge Wallet, Edge Workspace, Encryption Keys; Allow fail: 
2026-05-19 09:02:11.992: [INFO][Sync] Loading: Passwords
2026-05-19 09:02:11.992: [INFO][Sync] Loading: Autofill Profiles
2026-05-19 09:02:11.992: [INFO][Sync] Loading: Autofill
2026-05-19 09:02:11.992: [INFO][Sync] All data types are ready for configure.
2026-05-19 09:02:11.992: [INFO][SyncManagerImpl::NudgeForInitialDownload] Initial download nudge for Passwords
2026-05-19 09:02:11.992: [INFO][SyncManagerImpl::ConfigureSyncer] Types to download:  with reason: 5
2026-05-19 09:02:11.992: [INFO][SyncEngineBackend::DoFinishConfigureDataTypes] Failed to download types:  and succeeded types: 
2026-05-19 09:02:11.992: [INFO][Sync] ConfigurationDone, failed: , succeeded: , remaining count: 4
2026-05-19 09:02:11.993: [INFO][Sync] Prepare to configure types: Passwords, Encryption Keys
2026-05-19 09:02:11.993: [INFO][SyncManagerImpl::ConfigureSyncer] Types to download: Passwords, Encryption Keys with reason: 5
2026-05-19 09:02:11.993: [INFO][SyncSchedulerImpl::DoConfigurationSyncCycleJob] Blocked types:  and types to download: Passwords, Encryption Keys
2026-05-19 09:02:20.778: [INFO][SyncEngineBackend::DoFinishConfigureDataTypes] Failed to download types:  and succeeded types: Passwords, Encryption Keys
2026-05-19 09:02:20.785: [INFO][Sync] ConfigurationDone, failed: , succeeded: Passwords, Encryption Keys, remaining count: 3
2026-05-19 09:02:20.785: [INFO][SyncManagerImpl::ConfigureSyncer] Types to download:  with reason: 5
2026-05-19 09:02:20.785: [INFO][SyncEngineBackend::DoFinishConfigureDataTypes] Failed to download types:  and succeeded types: 
2026-05-19 09:02:20.785: [INFO][Sync] ConfigurationDone, failed: , succeeded: , remaining count: 2
2026-05-19 09:02:20.785: [INFO][SyncManagerImpl::ConfigureSyncer] Types to download:  with reason: 5
2026-05-19 09:02:20.785: [INFO][SyncEngineBackend::DoFinishConfigureDataTypes] Failed to download types:  and succeeded types: 
2026-05-19 09:02:20.789: [INFO][Sync] ConfigurationDone, failed: , succeeded: , remaining count: 1
2026-05-19 09:02:20.798: [INFO][SyncManagerImpl::ConfigureSyncer] Types to download:  with reason: 5
2026-05-19 09:02:20.798: [INFO][SyncEngineBackend::DoFinishConfigureDataTypes] Failed to download types:  and succeeded types: 
2026-05-19 09:02:20.798: [INFO][Sync] ConfigurationDone, failed: , succeeded: , remaining count: 0
2026-05-19 09:02:20.806: [INFO][Sync]     Configuration completed, state: 7
2026-05-19 09:02:20.806: [INFO][Sync] Configured DataTypeManager: Ok
2026-05-19 09:02:20.816: [INFO][SyncEngineBackend::DoStartSyncing] Start syncing
2026-05-19 09:44:51.747: [INFO][Sync] Reset engine, reason: 0
2026-05-19 09:44:51.747: [INFO][Sync] Reset engine with reason: 0
